<?xml version="1.0" encoding="UTF-8"?>
<coverage generated="1670296660754" clover="3.2.0">
  <project timestamp="1670296660754" name="All files">
    <metrics statements="1015" coveredstatements="1005" conditionals="281" coveredconditionals="255" methods="417" coveredmethods="406" elements="1713" coveredelements="1666" complexity="0" loc="1015" ncloc="1015" packages="12" files="57" classes="57"/>
    <package name="actions">
      <metrics statements="55" coveredstatements="53" conditionals="4" coveredconditionals="4" methods="36" coveredmethods="33"/>
      <file name="base-action.js" path="C:\Users\38063\IdeaProjects\FileHub3\js-app\actions\base-action.js">
        <metrics statements="0" coveredstatements="0" conditionals="0" coveredconditionals="0" methods="1" coveredmethods="0"/>
      </file>
      <file name="delete-item-action.js" path="C:\Users\38063\IdeaProjects\FileHub3\js-app\actions\delete-item-action.js">
        <metrics statements="8" coveredstatements="8" conditionals="0" coveredconditionals="0" methods="5" coveredmethods="5"/>
        <line num="18" count="2" type="stmt"/>
        <line num="19" count="2" type="stmt"/>
        <line num="26" count="2" type="stmt"/>
        <line num="27" count="2" type="stmt"/>
        <line num="29" count="1" type="stmt"/>
        <line num="30" count="1" type="stmt"/>
        <line num="35" count="2" type="stmt"/>
        <line num="38" count="2" type="stmt"/>
      </file>
      <file name="edit-item-action.js" path="C:\Users\38063\IdeaProjects\FileHub3\js-app\actions\edit-item-action.js">
        <metrics statements="10" coveredstatements="10" conditionals="2" coveredconditionals="2" methods="5" coveredmethods="5"/>
        <line num="17" count="7" type="stmt"/>
        <line num="18" count="7" type="stmt"/>
        <line num="25" count="3" type="stmt"/>
        <line num="26" count="3" type="stmt"/>
        <line num="27" count="3" type="stmt"/>
        <line num="29" count="2" type="stmt"/>
        <line num="30" count="2" type="cond" truecount="2" falsecount="0"/>
        <line num="31" count="1" type="stmt"/>
        <line num="37" count="1" type="stmt"/>
        <line num="40" count="3" type="stmt"/>
      </file>
      <file name="load-folder-content-action.js" path="C:\Users\38063\IdeaProjects\FileHub3\js-app\actions\load-folder-content-action.js">
        <metrics statements="7" coveredstatements="6" conditionals="0" coveredconditionals="0" methods="5" coveredmethods="4"/>
        <line num="17" count="4" type="stmt"/>
        <line num="18" count="4" type="stmt"/>
        <line num="25" count="2" type="stmt"/>
        <line num="27" count="2" type="stmt"/>
        <line num="29" count="2" type="stmt"/>
        <line num="32" count="0" type="stmt"/>
        <line num="35" count="2" type="stmt"/>
      </file>
      <file name="load-folder-info-action.js" path="C:\Users\38063\IdeaProjects\FileHub3\js-app\actions\load-folder-info-action.js">
        <metrics statements="7" coveredstatements="6" conditionals="0" coveredconditionals="0" methods="5" coveredmethods="4"/>
        <line num="16" count="7" type="stmt"/>
        <line num="17" count="7" type="stmt"/>
        <line num="24" count="1" type="stmt"/>
        <line num="25" count="1" type="stmt"/>
        <line num="27" count="1" type="stmt"/>
        <line num="30" count="0" type="stmt"/>
        <line num="33" count="1" type="stmt"/>
      </file>
      <file name="load-user-action.js" path="C:\Users\38063\IdeaProjects\FileHub3\js-app\actions\load-user-action.js">
        <metrics statements="5" coveredstatements="5" conditionals="0" coveredconditionals="0" methods="4" coveredmethods="4"/>
        <line num="15" count="4" type="stmt"/>
        <line num="17" count="4" type="stmt"/>
        <line num="19" count="1" type="stmt"/>
        <line num="22" count="3" type="stmt"/>
        <line num="25" count="4" type="stmt"/>
      </file>
      <file name="set-item-in-removing-state-action.js" path="C:\Users\38063\IdeaProjects\FileHub3\js-app\actions\set-item-in-removing-state-action.js">
        <metrics statements="3" coveredstatements="3" conditionals="0" coveredconditionals="0" methods="2" coveredmethods="2"/>
        <line num="14" count="5" type="stmt"/>
        <line num="15" count="5" type="stmt"/>
        <line num="22" count="1" type="stmt"/>
      </file>
      <file name="set-item-in-renaming-state-action.js" path="C:\Users\38063\IdeaProjects\FileHub3\js-app\actions\set-item-in-renaming-state-action.js">
        <metrics statements="3" coveredstatements="3" conditionals="0" coveredconditionals="0" methods="2" coveredmethods="2"/>
        <line num="14" count="3" type="stmt"/>
        <line num="15" count="3" type="stmt"/>
        <line num="22" count="3" type="stmt"/>
      </file>
      <file name="set-metadata-action.js" path="C:\Users\38063\IdeaProjects\FileHub3\js-app\actions\set-metadata-action.js">
        <metrics statements="3" coveredstatements="3" conditionals="0" coveredconditionals="0" methods="2" coveredmethods="2"/>
        <line num="14" count="1" type="stmt"/>
        <line num="15" count="1" type="stmt"/>
        <line num="22" count="1" type="stmt"/>
      </file>
      <file name="upload-files-action.js" path="C:\Users\38063\IdeaProjects\FileHub3\js-app\actions\upload-files-action.js">
        <metrics statements="9" coveredstatements="9" conditionals="2" coveredconditionals="2" methods="5" coveredmethods="5"/>
        <line num="19" count="5" type="stmt"/>
        <line num="20" count="5" type="stmt"/>
        <line num="21" count="5" type="stmt"/>
        <line num="28" count="3" type="stmt"/>
        <line num="31" count="3" type="stmt"/>
        <line num="33" count="2" type="cond" truecount="2" falsecount="0"/>
        <line num="34" count="1" type="stmt"/>
        <line num="40" count="1" type="stmt"/>
        <line num="45" count="3" type="stmt"/>
      </file>
    </package>
    <package name="application">
      <metrics statements="82" coveredstatements="81" conditionals="26" coveredconditionals="23" methods="24" coveredmethods="24"/>
      <file name="application-context.js" path="C:\Users\38063\IdeaProjects\FileHub3\js-app\application\application-context.js">
        <metrics statements="9" coveredstatements="9" conditionals="0" coveredconditionals="0" methods="5" coveredmethods="5"/>
        <line num="18" count="72" type="stmt"/>
        <line num="19" count="72" type="stmt"/>
        <line num="20" count="6" type="stmt"/>
        <line num="23" count="72" type="stmt"/>
        <line num="24" count="29" type="stmt"/>
        <line num="26" count="72" type="stmt"/>
        <line num="27" count="15" type="stmt"/>
        <line num="30" count="72" type="stmt"/>
        <line num="31" count="36" type="stmt"/>
      </file>
      <file name="registry.js" path="C:\Users\38063\IdeaProjects\FileHub3\js-app\application\registry.js">
        <metrics statements="17" coveredstatements="17" conditionals="6" coveredconditionals="5" methods="5" coveredmethods="5"/>
        <line num="1" count="18" type="stmt"/>
        <line num="2" count="18" type="stmt"/>
        <line num="4" count="18" type="stmt"/>
        <line num="6" count="288" type="stmt"/>
        <line num="10" count="158" type="cond" truecount="2" falsecount="0"/>
        <line num="11" count="71" type="stmt"/>
        <line num="13" count="87" type="stmt"/>
        <line num="14" count="87" type="cond" truecount="2" falsecount="0"/>
        <line num="15" count="1" type="stmt"/>
        <line num="17" count="86" type="stmt"/>
        <line num="18" count="86" type="stmt"/>
        <line num="19" count="86" type="stmt"/>
        <line num="33" count="30" type="cond" truecount="1" falsecount="1"/>
        <line num="34" count="30" type="stmt"/>
        <line num="35" count="105" type="stmt"/>
        <line num="43" count="72" type="stmt"/>
        <line num="44" count="72" type="stmt"/>
      </file>
      <file name="router.js" path="C:\Users\38063\IdeaProjects\FileHub3\js-app\application\router.js">
        <metrics statements="52" coveredstatements="51" conditionals="20" coveredconditionals="18" methods="11" coveredmethods="11"/>
        <line num="5" count="1" type="stmt"/>
        <line num="24" count="1" type="stmt"/>
        <line num="25" count="1" type="stmt"/>
        <line num="26" count="1" type="stmt"/>
        <line num="27" count="1" type="stmt"/>
        <line num="28" count="1" type="stmt"/>
        <line num="29" count="5" type="stmt"/>
        <line num="31" count="1" type="stmt"/>
        <line num="39" count="6" type="cond" truecount="2" falsecount="0"/>
        <line num="40" count="2" type="stmt"/>
        <line num="41" count="2" type="stmt"/>
        <line num="42" count="2" type="stmt"/>
        <line num="43" count="4" type="cond" truecount="2" falsecount="0"/>
        <line num="44" count="1" type="stmt"/>
        <line num="45" count="1" type="stmt"/>
        <line num="47" count="3" type="stmt"/>
        <line num="48" count="3" type="cond" truecount="2" falsecount="0"/>
        <line num="49" count="2" type="stmt"/>
        <line num="51" count="1" type="stmt"/>
        <line num="52" count="1" type="stmt"/>
        <line num="54" count="2" type="cond" truecount="2" falsecount="0"/>
        <line num="55" count="1" type="stmt"/>
        <line num="56" count="1" type="stmt"/>
        <line num="65" count="3" type="stmt"/>
        <line num="66" count="3" type="stmt"/>
        <line num="68" count="3" type="stmt"/>
        <line num="69" count="9" type="stmt"/>
        <line num="70" count="9" type="stmt"/>
        <line num="71" count="9" type="stmt"/>
        <line num="72" count="11" type="cond" truecount="2" falsecount="0"/>
        <line num="73" count="2" type="cond" truecount="1" falsecount="1"/>
        <line num="74" count="9" type="cond" truecount="2" falsecount="0"/>
        <line num="75" count="7" type="stmt"/>
        <line num="76" count="7" type="stmt"/>
        <line num="78" count="4" type="stmt"/>
        <line num="81" count="3" type="stmt"/>
        <line num="92" count="1" type="stmt"/>
        <line num="100" count="2" type="stmt"/>
        <line num="108" count="2" type="stmt"/>
        <line num="121" count="4" type="cond" truecount="4" falsecount="0"/>
        <line num="122" count="1" type="stmt"/>
        <line num="124" count="3" type="stmt"/>
        <line num="125" count="3" type="stmt"/>
        <line num="134" count="1" type="stmt"/>
        <line num="135" count="1" type="stmt"/>
        <line num="144" count="1" type="stmt"/>
        <line num="145" count="1" type="stmt"/>
        <line num="155" count="1" type="cond" truecount="1" falsecount="1"/>
        <line num="156" count="0" type="stmt"/>
        <line num="158" count="1" type="stmt"/>
        <line num="159" count="1" type="stmt"/>
        <line num="167" count="1" type="stmt"/>
      </file>
      <file name="user-data.js" path="C:\Users\38063\IdeaProjects\FileHub3\js-app\application\user-data.js">
        <metrics statements="4" coveredstatements="4" conditionals="0" coveredconditionals="0" methods="3" coveredmethods="3"/>
        <line num="13" count="22" type="stmt"/>
        <line num="14" count="22" type="stmt"/>
        <line num="21" count="11" type="stmt"/>
        <line num="28" count="11" type="stmt"/>
      </file>
    </package>
    <package name="authorization">
      <metrics statements="62" coveredstatements="62" conditionals="6" coveredconditionals="6" methods="29" coveredmethods="28"/>
      <file name="authorization-form.js" path="C:\Users\38063\IdeaProjects\FileHub3\js-app\authorization\authorization-form.js">
        <metrics statements="42" coveredstatements="42" conditionals="2" coveredconditionals="2" methods="18" coveredmethods="18"/>
        <line num="10" count="2" type="stmt"/>
        <line num="11" count="2" type="stmt"/>
        <line num="12" count="2" type="stmt"/>
        <line num="13" count="2" type="stmt"/>
        <line num="18" count="11" type="stmt"/>
        <line num="19" count="11" type="stmt"/>
        <line num="21" count="11" type="stmt"/>
        <line num="22" count="11" type="stmt"/>
        <line num="23" count="11" type="stmt"/>
        <line num="33" count="11" type="stmt"/>
        <line num="34" count="11" type="stmt"/>
        <line num="40" count="20" type="stmt"/>
        <line num="42" count="60" type="stmt"/>
        <line num="43" count="60" type="stmt"/>
        <line num="44" count="1" type="stmt"/>
        <line num="47" count="20" type="stmt"/>
        <line num="48" count="40" type="stmt"/>
        <line num="57" count="20" type="stmt"/>
        <line num="58" count="20" type="stmt"/>
        <line num="69" count="20" type="stmt"/>
        <line num="70" count="6" type="stmt"/>
        <line num="71" count="6" type="stmt"/>
        <line num="72" count="6" type="stmt"/>
        <line num="74" count="3" type="stmt"/>
        <line num="75" count="3" type="stmt"/>
        <line num="84" count="9" type="stmt"/>
        <line num="85" count="9" type="stmt"/>
        <line num="93" count="5" type="stmt"/>
        <line num="94" count="1" type="stmt"/>
        <line num="104" count="6" type="stmt"/>
        <line num="109" count="6" type="stmt"/>
        <line num="114" count="6" type="stmt"/>
        <line num="117" count="3" type="stmt"/>
        <line num="118" count="9" type="stmt"/>
        <line num="119" count="9" type="cond" truecount="2" falsecount="0"/>
        <line num="120" count="9" type="stmt"/>
        <line num="121" count="9" type="stmt"/>
        <line num="123" count="3" type="stmt"/>
        <line num="124" count="3" type="stmt"/>
        <line num="133" count="6" type="stmt"/>
        <line num="134" count="3" type="stmt"/>
        <line num="142" count="20" type="stmt"/>
      </file>
      <file name="authorization-page.js" path="C:\Users\38063\IdeaProjects\FileHub3\js-app\authorization\authorization-page.js">
        <metrics statements="20" coveredstatements="20" conditionals="4" coveredconditionals="4" methods="11" coveredmethods="10"/>
        <line num="5" count="1" type="stmt"/>
        <line num="14" count="4" type="stmt"/>
        <line num="23" count="4" type="stmt"/>
        <line num="24" count="4" type="stmt"/>
        <line num="25" count="4" type="stmt"/>
        <line num="32" count="5" type="stmt"/>
        <line num="33" count="5" type="stmt"/>
        <line num="34" count="1" type="stmt"/>
        <line num="36" count="5" type="stmt"/>
        <line num="37" count="2" type="stmt"/>
        <line num="38" count="2" type="stmt"/>
        <line num="40" count="1" type="stmt"/>
        <line num="43" count="1" type="stmt"/>
        <line num="53" count="1" type="stmt"/>
        <line num="60" count="1" type="stmt"/>
        <line num="61" count="1" type="stmt"/>
        <line num="68" count="1" type="stmt"/>
        <line num="69" count="1" type="stmt"/>
        <line num="75" count="5" type="cond" truecount="2" falsecount="0"/>
        <line num="76" count="5" type="stmt"/>
      </file>
    </package>
    <package name="components">
      <metrics statements="205" coveredstatements="204" conditionals="53" coveredconditionals="53" methods="75" coveredmethods="72"/>
      <file name="breadcrumb.js" path="C:\Users\38063\IdeaProjects\FileHub3\js-app\components\breadcrumb.js">
        <metrics statements="25" coveredstatements="25" conditionals="12" coveredconditionals="12" methods="7" coveredmethods="7"/>
        <line num="21" count="5" type="stmt"/>
        <line num="22" count="5" type="stmt"/>
        <line num="23" count="5" type="stmt"/>
        <line num="24" count="5" type="stmt"/>
        <line num="25" count="5" type="stmt"/>
        <line num="32" count="5" type="stmt"/>
        <line num="33" count="9" type="cond" truecount="2" falsecount="0"/>
        <line num="34" count="6" type="stmt"/>
        <line num="36" count="6" type="cond" truecount="2" falsecount="0"/>
        <line num="37" count="4" type="cond" truecount="2" falsecount="0"/>
        <line num="38" count="2" type="stmt"/>
        <line num="40" count="2" type="stmt"/>
        <line num="42" count="4" type="stmt"/>
        <line num="43" count="1" type="stmt"/>
        <line num="55" count="2" type="stmt"/>
        <line num="61" count="5" type="stmt"/>
        <line num="62" count="5" type="stmt"/>
        <line num="63" count="9" type="cond" truecount="2" falsecount="0"/>
        <line num="64" count="6" type="stmt"/>
        <line num="66" count="3" type="stmt"/>
        <line num="71" count="5" type="cond" truecount="2" falsecount="0"/>
        <line num="72" count="2" type="stmt"/>
        <line num="76" count="3" type="cond" truecount="2" falsecount="0"/>
        <line num="77" count="1" type="stmt"/>
        <line num="82" count="5" type="stmt"/>
      </file>
      <file name="button-panel.js" path="C:\Users\38063\IdeaProjects\FileHub3\js-app\components\button-panel.js">
        <metrics statements="17" coveredstatements="17" conditionals="4" coveredconditionals="4" methods="6" coveredmethods="6"/>
        <line num="4" count="3" type="stmt"/>
        <line num="9" count="6" type="stmt"/>
        <line num="18" count="6" type="stmt"/>
        <line num="19" count="6" type="stmt"/>
        <line num="20" count="6" type="stmt"/>
        <line num="21" count="6" type="stmt"/>
        <line num="29" count="6" type="stmt"/>
        <line num="31" count="6" type="cond" truecount="2" falsecount="0"/>
        <line num="32" count="1" type="stmt"/>
        <line num="38" count="5" type="cond" truecount="2" falsecount="0"/>
        <line num="39" count="1" type="stmt"/>
        <line num="45" count="4" type="stmt"/>
        <line num="51" count="6" type="stmt"/>
        <line num="52" count="2" type="stmt"/>
        <line num="61" count="3" type="stmt"/>
        <line num="62" count="2" type="stmt"/>
        <line num="70" count="6" type="stmt"/>
      </file>
      <file name="button.js" path="C:\Users\38063\IdeaProjects\FileHub3\js-app\components\button.js">
        <metrics statements="17" coveredstatements="17" conditionals="4" coveredconditionals="4" methods="6" coveredmethods="6"/>
        <line num="3" count="11" type="stmt"/>
        <line num="10" count="178" type="stmt"/>
        <line num="11" count="178" type="stmt"/>
        <line num="12" count="178" type="stmt"/>
        <line num="22" count="178" type="stmt"/>
        <line num="23" count="178" type="stmt"/>
        <line num="24" count="178" type="stmt"/>
        <line num="25" count="178" type="stmt"/>
        <line num="26" count="178" type="stmt"/>
        <line num="27" count="178" type="stmt"/>
        <line num="33" count="178" type="stmt"/>
        <line num="34" count="18" type="stmt"/>
        <line num="41" count="180" type="stmt"/>
        <line num="48" count="18" type="stmt"/>
        <line num="54" count="179" type="stmt"/>
        <line num="55" count="179" type="cond" truecount="2" falsecount="0"/>
        <line num="57" count="179" type="cond" truecount="2" falsecount="0"/>
      </file>
      <file name="component.js" path="C:\Users\38063\IdeaProjects\FileHub3\js-app\components\component.js">
        <metrics statements="24" coveredstatements="24" conditionals="6" coveredconditionals="6" methods="11" coveredmethods="9"/>
        <line num="7" count="813" type="stmt"/>
        <line num="8" count="813" type="stmt"/>
        <line num="14" count="813" type="stmt"/>
        <line num="25" count="818" type="stmt"/>
        <line num="26" count="818" type="stmt"/>
        <line num="41" count="955" type="cond" truecount="2" falsecount="0"/>
        <line num="42" count="35" type="stmt"/>
        <line num="44" count="920" type="stmt"/>
        <line num="53" count="676" type="stmt"/>
        <line num="61" count="1" type="stmt"/>
        <line num="68" count="1" type="stmt"/>
        <line num="76" count="1141" type="cond" truecount="2" falsecount="0"/>
        <line num="77" count="1102" type="stmt"/>
        <line num="78" count="1102" type="stmt"/>
        <line num="88" count="1070" type="stmt"/>
        <line num="99" count="1102" type="stmt"/>
        <line num="100" count="1102" type="stmt"/>
        <line num="101" count="1102" type="cond" truecount="2" falsecount="0"/>
        <line num="102" count="813" type="stmt"/>
        <line num="104" count="289" type="stmt"/>
        <line num="106" count="1102" type="stmt"/>
        <line num="118" count="1102" type="stmt"/>
        <line num="119" count="1102" type="stmt"/>
        <line num="120" count="1102" type="stmt"/>
      </file>
      <file name="delete-modal-window.js" path="C:\Users\38063\IdeaProjects\FileHub3\js-app\components\delete-modal-window.js">
        <metrics statements="30" coveredstatements="30" conditionals="12" coveredconditionals="12" methods="8" coveredmethods="8"/>
        <line num="4" count="2" type="stmt"/>
        <line num="5" count="2" type="stmt"/>
        <line num="14" count="7" type="stmt"/>
        <line num="24" count="7" type="stmt"/>
        <line num="25" count="7" type="stmt"/>
        <line num="26" count="7" type="stmt"/>
        <line num="27" count="7" type="stmt"/>
        <line num="28" count="7" type="stmt"/>
        <line num="35" count="7" type="stmt"/>
        <line num="36" count="7" type="stmt"/>
        <line num="37" count="7" type="cond" truecount="4" falsecount="0"/>
        <line num="38" count="6" type="stmt"/>
        <line num="39" count="6" type="stmt"/>
        <line num="40" count="1" type="stmt"/>
        <line num="43" count="6" type="cond" truecount="2" falsecount="0"/>
        <line num="44" count="2" type="stmt"/>
        <line num="50" count="4" type="stmt"/>
        <line num="56" count="6" type="stmt"/>
        <line num="57" count="1" type="stmt"/>
        <line num="59" count="6" type="stmt"/>
        <line num="60" count="6" type="stmt"/>
        <line num="61" count="1" type="stmt"/>
        <line num="62" count="1" type="stmt"/>
        <line num="71" count="1" type="stmt"/>
        <line num="78" count="2" type="stmt"/>
        <line num="86" count="7" type="cond" truecount="2" falsecount="0"/>
        <line num="87" count="1" type="stmt"/>
        <line num="89" count="7" type="cond" truecount="2" falsecount="0"/>
        <line num="90" count="6" type="stmt"/>
        <line num="108" count="1" type="stmt"/>
      </file>
      <file name="form-control.js" path="C:\Users\38063\IdeaProjects\FileHub3\js-app\components\form-control.js">
        <metrics statements="16" coveredstatements="16" conditionals="7" coveredconditionals="7" methods="5" coveredmethods="5"/>
        <line num="11" count="202" type="stmt"/>
        <line num="14" count="202" type="stmt"/>
        <line num="15" count="202" type="stmt"/>
        <line num="39" count="202" type="stmt"/>
        <line num="40" count="202" type="stmt"/>
        <line num="41" count="202" type="stmt"/>
        <line num="42" count="202" type="stmt"/>
        <line num="43" count="202" type="stmt"/>
        <line num="44" count="202" type="stmt"/>
        <line num="45" count="202" type="stmt"/>
        <line num="46" count="202" type="stmt"/>
        <line num="53" count="1" type="stmt"/>
        <line num="54" count="1" type="stmt"/>
        <line num="60" count="1" type="stmt"/>
        <line num="66" count="203" type="stmt"/>
        <line num="69" count="203" type="stmt"/>
      </file>
      <file name="form.js" path="C:\Users\38063\IdeaProjects\FileHub3\js-app\components\form.js">
        <metrics statements="23" coveredstatements="23" conditionals="0" coveredconditionals="0" methods="8" coveredmethods="8"/>
        <line num="4" count="5" type="stmt"/>
        <line num="10" count="47" type="stmt"/>
        <line num="12" count="47" type="stmt"/>
        <line num="20" count="47" type="stmt"/>
        <line num="21" count="47" type="stmt"/>
        <line num="22" count="47" type="stmt"/>
        <line num="23" count="47" type="stmt"/>
        <line num="30" count="159" type="stmt"/>
        <line num="31" count="159" type="stmt"/>
        <line num="32" count="159" type="stmt"/>
        <line num="33" count="159" type="stmt"/>
        <line num="34" count="202" type="stmt"/>
        <line num="36" count="159" type="stmt"/>
        <line num="37" count="159" type="stmt"/>
        <line num="39" count="159" type="stmt"/>
        <line num="40" count="14" type="stmt"/>
        <line num="41" count="14" type="stmt"/>
        <line num="50" count="112" type="stmt"/>
        <line num="51" count="112" type="stmt"/>
        <line num="59" count="44" type="stmt"/>
        <line num="60" count="14" type="stmt"/>
        <line num="61" count="14" type="stmt"/>
        <line num="68" count="159" type="stmt"/>
      </file>
      <file name="link.js" path="C:\Users\38063\IdeaProjects\FileHub3\js-app\components\link.js">
        <metrics statements="13" coveredstatements="13" conditionals="2" coveredconditionals="2" methods="7" coveredmethods="7"/>
        <line num="3" count="10" type="stmt"/>
        <line num="9" count="259" type="stmt"/>
        <line num="16" count="259" type="stmt"/>
        <line num="17" count="259" type="stmt"/>
        <line num="18" count="259" type="stmt"/>
        <line num="26" count="1" type="stmt"/>
        <line num="27" count="1" type="stmt"/>
        <line num="34" count="260" type="stmt"/>
        <line num="35" count="7" type="stmt"/>
        <line num="36" count="7" type="stmt"/>
        <line num="45" count="258" type="stmt"/>
        <line num="46" count="7" type="stmt"/>
        <line num="54" count="260" type="cond" truecount="2" falsecount="0"/>
      </file>
      <file name="panel.js" path="C:\Users\38063\IdeaProjects\FileHub3\js-app\components\panel.js">
        <metrics statements="12" coveredstatements="12" conditionals="0" coveredconditionals="0" methods="6" coveredmethods="6"/>
        <line num="3" count="2" type="stmt"/>
        <line num="8" count="2" type="stmt"/>
        <line num="18" count="2" type="stmt"/>
        <line num="19" count="2" type="stmt"/>
        <line num="20" count="2" type="stmt"/>
        <line num="21" count="2" type="stmt"/>
        <line num="27" count="2" type="stmt"/>
        <line num="31" count="2" type="stmt"/>
        <line num="32" count="1" type="stmt"/>
        <line num="41" count="1" type="stmt"/>
        <line num="42" count="1" type="stmt"/>
        <line num="51" count="2" type="stmt"/>
      </file>
      <file name="state-aware-component.js" path="C:\Users\38063\IdeaProjects\FileHub3\js-app\components\state-aware-component.js">
        <metrics statements="9" coveredstatements="8" conditionals="0" coveredconditionals="0" methods="6" coveredmethods="5"/>
        <line num="11" count="28" type="stmt"/>
        <line num="17" count="28" type="stmt"/>
        <line num="18" count="28" type="stmt"/>
        <line num="19" count="0" type="stmt"/>
        <line num="29" count="213" type="stmt"/>
        <line num="30" count="213" type="stmt"/>
        <line num="36" count="4" type="stmt"/>
        <line num="37" count="16" type="stmt"/>
        <line num="45" count="4" type="stmt"/>
      </file>
      <file name="user-info.js" path="C:\Users\38063\IdeaProjects\FileHub3\js-app\components\user-info.js">
        <metrics statements="19" coveredstatements="19" conditionals="6" coveredconditionals="6" methods="5" coveredmethods="5"/>
        <line num="7" count="1" type="stmt"/>
        <line num="18" count="1" type="stmt"/>
        <line num="19" count="1" type="stmt"/>
        <line num="20" count="1" type="stmt"/>
        <line num="21" count="1" type="stmt"/>
        <line num="22" count="1" type="stmt"/>
        <line num="29" count="3" type="stmt"/>
        <line num="30" count="3" type="stmt"/>
        <line num="36" count="1" type="stmt"/>
        <line num="37" count="1" type="stmt"/>
        <line num="43" count="1" type="stmt"/>
        <line num="44" count="1" type="stmt"/>
        <line num="53" count="9" type="cond" truecount="2" falsecount="0"/>
        <line num="54" count="3" type="stmt"/>
        <line num="55" count="6" type="cond" truecount="2" falsecount="0"/>
        <line num="56" count="2" type="stmt"/>
        <line num="60" count="4" type="cond" truecount="2" falsecount="0"/>
        <line num="61" count="3" type="stmt"/>
        <line num="66" count="9" type="stmt"/>
      </file>
    </package>
    <package name="components.file-list">
      <metrics statements="161" coveredstatements="161" conditionals="51" coveredconditionals="48" methods="50" coveredmethods="50"/>
      <file name="file-type-icon-factory.js" path="C:\Users\38063\IdeaProjects\FileHub3\js-app\components\file-list\file-type-icon-factory.js">
        <metrics statements="3" coveredstatements="3" conditionals="0" coveredconditionals="0" methods="2" coveredmethods="2"/>
        <line num="5" count="19" type="stmt"/>
        <line num="38" count="15" type="stmt"/>
        <line num="46" count="15" type="stmt"/>
      </file>
      <file name="file.js" path="C:\Users\38063\IdeaProjects\FileHub3\js-app\components\file-list\file.js">
        <metrics statements="58" coveredstatements="58" conditionals="21" coveredconditionals="19" methods="17" coveredmethods="17"/>
        <line num="4" count="2" type="stmt"/>
        <line num="5" count="2" type="stmt"/>
        <line num="6" count="2" type="stmt"/>
        <line num="12" count="15" type="stmt"/>
        <line num="51" count="15" type="stmt"/>
        <line num="52" count="15" type="stmt"/>
        <line num="53" count="15" type="stmt"/>
        <line num="54" count="15" type="stmt"/>
        <line num="55" count="15" type="stmt"/>
        <line num="56" count="15" type="stmt"/>
        <line num="57" count="15" type="stmt"/>
        <line num="58" count="15" type="stmt"/>
        <line num="64" count="45" type="stmt"/>
        <line num="65" count="45" type="stmt"/>
        <line num="66" count="2" type="stmt"/>
        <line num="67" count="2" type="stmt"/>
        <line num="69" count="45" type="stmt"/>
        <line num="70" count="4" type="stmt"/>
        <line num="71" count="4" type="stmt"/>
        <line num="73" count="45" type="stmt"/>
        <line num="74" count="45" type="cond" truecount="4" falsecount="0"/>
        <line num="75" count="9" type="stmt"/>
        <line num="76" count="9" type="stmt"/>
        <line num="77" count="2" type="stmt"/>
        <line num="78" count="2" type="stmt"/>
        <line num="79" count="2" type="stmt"/>
        <line num="80" count="2" type="stmt"/>
        <line num="82" count="9" type="stmt"/>
        <line num="83" count="1" type="stmt"/>
        <line num="84" count="1" type="stmt"/>
        <line num="85" count="1" type="stmt"/>
        <line num="93" count="1" type="stmt"/>
        <line num="94" count="1" type="stmt"/>
        <line num="100" count="10" type="stmt"/>
        <line num="101" count="10" type="stmt"/>
        <line num="107" count="8" type="stmt"/>
        <line num="108" count="8" type="stmt"/>
        <line num="114" count="10" type="stmt"/>
        <line num="115" count="10" type="stmt"/>
        <line num="122" count="8" type="stmt"/>
        <line num="130" count="10" type="stmt"/>
        <line num="131" count="4" type="stmt"/>
        <line num="139" count="9" type="stmt"/>
        <line num="140" count="2" type="stmt"/>
        <line num="151" count="45" type="cond" truecount="2" falsecount="0"/>
        <line num="152" count="32" type="stmt"/>
        <line num="154" count="13" type="cond" truecount="1" falsecount="1"/>
        <line num="155" count="13" type="stmt"/>
        <line num="164" count="45" type="cond" truecount="4" falsecount="0"/>
        <line num="165" count="2" type="stmt"/>
        <line num="171" count="43" type="cond" truecount="4" falsecount="0"/>
        <line num="172" count="2" type="stmt"/>
        <line num="176" count="41" type="cond" truecount="2" falsecount="0"/>
        <line num="177" count="5" type="stmt"/>
        <line num="181" count="36" type="stmt"/>
        <line num="185" count="45" type="cond" truecount="1" falsecount="1"/>
        <line num="186" count="45" type="stmt"/>
        <line num="215" count="45" type="stmt"/>
      </file>
      <file name="folder.js" path="C:\Users\38063\IdeaProjects\FileHub3\js-app\components\file-list\folder.js">
        <metrics statements="80" coveredstatements="80" conditionals="24" coveredconditionals="23" methods="25" coveredmethods="25"/>
        <line num="4" count="2" type="stmt"/>
        <line num="5" count="2" type="stmt"/>
        <line num="6" count="2" type="stmt"/>
        <line num="7" count="2" type="stmt"/>
        <line num="8" count="2" type="stmt"/>
        <line num="16" count="26" type="stmt"/>
        <line num="50" count="26" type="stmt"/>
        <line num="51" count="26" type="stmt"/>
        <line num="52" count="26" type="stmt"/>
        <line num="53" count="26" type="stmt"/>
        <line num="54" count="26" type="stmt"/>
        <line num="55" count="26" type="stmt"/>
        <line num="56" count="26" type="stmt"/>
        <line num="57" count="26" type="stmt"/>
        <line num="63" count="109" type="stmt"/>
        <line num="64" count="109" type="cond" truecount="2" falsecount="0"/>
        <line num="65" count="100" type="stmt"/>
        <line num="66" count="100" type="stmt"/>
        <line num="67" count="2" type="stmt"/>
        <line num="71" count="109" type="stmt"/>
        <line num="72" count="109" type="stmt"/>
        <line num="73" count="2" type="stmt"/>
        <line num="74" count="2" type="stmt"/>
        <line num="76" count="109" type="stmt"/>
        <line num="77" count="109" type="stmt"/>
        <line num="78" count="2" type="stmt"/>
        <line num="79" count="2" type="stmt"/>
        <line num="81" count="109" type="stmt"/>
        <line num="82" count="4" type="stmt"/>
        <line num="83" count="4" type="stmt"/>
        <line num="85" count="109" type="stmt"/>
        <line num="86" count="109" type="cond" truecount="4" falsecount="0"/>
        <line num="87" count="9" type="stmt"/>
        <line num="88" count="9" type="stmt"/>
        <line num="89" count="2" type="stmt"/>
        <line num="90" count="2" type="stmt"/>
        <line num="91" count="2" type="stmt"/>
        <line num="92" count="2" type="stmt"/>
        <line num="94" count="9" type="stmt"/>
        <line num="95" count="1" type="stmt"/>
        <line num="96" count="1" type="stmt"/>
        <line num="97" count="1" type="stmt"/>
        <line num="106" count="1" type="stmt"/>
        <line num="107" count="1" type="stmt"/>
        <line num="113" count="14" type="stmt"/>
        <line num="114" count="14" type="stmt"/>
        <line num="120" count="14" type="stmt"/>
        <line num="121" count="14" type="stmt"/>
        <line num="127" count="19" type="stmt"/>
        <line num="128" count="19" type="stmt"/>
        <line num="134" count="15" type="stmt"/>
        <line num="135" count="15" type="stmt"/>
        <line num="141" count="19" type="stmt"/>
        <line num="142" count="19" type="stmt"/>
        <line num="150" count="15" type="stmt"/>
        <line num="151" count="2" type="stmt"/>
        <line num="159" count="15" type="stmt"/>
        <line num="160" count="2" type="stmt"/>
        <line num="169" count="15" type="stmt"/>
        <line num="170" count="2" type="stmt"/>
        <line num="178" count="17" type="stmt"/>
        <line num="179" count="4" type="stmt"/>
        <line num="187" count="16" type="stmt"/>
        <line num="188" count="2" type="stmt"/>
        <line num="199" count="109" type="cond" truecount="4" falsecount="0"/>
        <line num="200" count="2" type="stmt"/>
        <line num="206" count="107" type="cond" truecount="4" falsecount="0"/>
        <line num="207" count="2" type="stmt"/>
        <line num="211" count="105" type="cond" truecount="2" falsecount="0"/>
        <line num="212" count="5" type="stmt"/>
        <line num="216" count="100" type="stmt"/>
        <line num="220" count="109" type="cond" truecount="1" falsecount="1"/>
        <line num="221" count="109" type="cond" truecount="2" falsecount="0"/>
        <line num="223" count="109" type="cond" truecount="2" falsecount="0"/>
        <line num="224" count="1" type="stmt"/>
        <line num="225" count="108" type="cond" truecount="2" falsecount="0"/>
        <line num="226" count="1" type="stmt"/>
        <line num="228" count="107" type="stmt"/>
        <line num="230" count="109" type="stmt"/>
        <line num="258" count="109" type="stmt"/>
      </file>
      <file name="table.js" path="C:\Users\38063\IdeaProjects\FileHub3\js-app\components\file-list\table.js">
        <metrics statements="20" coveredstatements="20" conditionals="6" coveredconditionals="6" methods="6" coveredmethods="6"/>
        <line num="24" count="4" type="stmt"/>
        <line num="25" count="4" type="stmt"/>
        <line num="26" count="4" type="stmt"/>
        <line num="27" count="4" type="stmt"/>
        <line num="28" count="4" type="stmt"/>
        <line num="34" count="5" type="stmt"/>
        <line num="35" count="5" type="cond" truecount="2" falsecount="0"/>
        <line num="36" count="3" type="stmt"/>
        <line num="37" count="1" type="stmt"/>
        <line num="39" count="3" type="stmt"/>
        <line num="40" count="1" type="stmt"/>
        <line num="51" count="1" type="stmt"/>
        <line num="52" count="1" type="stmt"/>
        <line num="53" count="1" type="stmt"/>
        <line num="60" count="8" type="cond" truecount="2" falsecount="0"/>
        <line num="61" count="2" type="stmt"/>
        <line num="64" count="6" type="cond" truecount="2" falsecount="0"/>
        <line num="65" count="2" type="stmt"/>
        <line num="70" count="4" type="stmt"/>
        <line num="72" count="8" type="stmt"/>
      </file>
    </package>
    <package name="components.wrappers">
      <metrics statements="172" coveredstatements="170" conditionals="64" coveredconditionals="49" methods="67" coveredmethods="66"/>
      <file name="breadcrumb-wrapper.js" path="C:\Users\38063\IdeaProjects\FileHub3\js-app\components\wrappers\breadcrumb-wrapper.js">
        <metrics statements="39" coveredstatements="39" conditionals="18" coveredconditionals="17" methods="11" coveredmethods="11"/>
        <line num="20" count="9" type="stmt"/>
        <line num="21" count="9" type="stmt"/>
        <line num="22" count="2" type="cond" truecount="4" falsecount="0"/>
        <line num="23" count="1" type="stmt"/>
        <line num="28" count="9" type="stmt"/>
        <line num="29" count="4" type="cond" truecount="2" falsecount="0"/>
        <line num="30" count="3" type="cond" truecount="4" falsecount="0"/>
        <line num="31" count="1" type="stmt"/>
        <line num="33" count="2" type="stmt"/>
        <line num="38" count="9" type="stmt"/>
        <line num="39" count="4" type="stmt"/>
        <line num="40" count="4" type="stmt"/>
        <line num="42" count="9" type="stmt"/>
        <line num="43" count="1" type="stmt"/>
        <line num="44" count="1" type="stmt"/>
        <line num="46" count="9" type="stmt"/>
        <line num="47" count="1" type="stmt"/>
        <line num="48" count="1" type="stmt"/>
        <line num="50" count="9" type="stmt"/>
        <line num="51" count="1" type="stmt"/>
        <line num="52" count="1" type="stmt"/>
        <line num="54" count="9" type="stmt"/>
        <line num="61" count="15" type="stmt"/>
        <line num="62" count="15" type="cond" truecount="2" falsecount="0"/>
        <line num="63" count="5" type="stmt"/>
        <line num="78" count="4" type="cond" truecount="2" falsecount="0"/>
        <line num="79" count="3" type="stmt"/>
        <line num="80" count="3" type="cond" truecount="2" falsecount="0"/>
        <line num="81" count="1" type="stmt"/>
        <line num="82" count="1" type="stmt"/>
        <line num="83" count="2" type="cond" truecount="1" falsecount="1"/>
        <line num="84" count="2" type="stmt"/>
        <line num="85" count="2" type="stmt"/>
        <line num="87" count="2" type="stmt"/>
        <line num="89" count="1" type="stmt"/>
        <line num="95" count="3" type="stmt"/>
        <line num="96" count="3" type="stmt"/>
        <line num="103" count="1" type="stmt"/>
        <line num="110" count="15" type="stmt"/>
      </file>
      <file name="delete-modal-window-wrapper.js" path="C:\Users\38063\IdeaProjects\FileHub3\js-app\components\wrappers\delete-modal-window-wrapper.js">
        <metrics statements="18" coveredstatements="18" conditionals="2" coveredconditionals="2" methods="7" coveredmethods="7"/>
        <line num="17" count="3" type="stmt"/>
        <line num="18" count="3" type="stmt"/>
        <line num="19" count="3" type="stmt"/>
        <line num="20" count="4" type="stmt"/>
        <line num="21" count="4" type="stmt"/>
        <line num="23" count="3" type="stmt"/>
        <line num="24" count="3" type="stmt"/>
        <line num="25" count="3" type="stmt"/>
        <line num="27" count="3" type="stmt"/>
        <line num="28" count="3" type="stmt"/>
        <line num="29" count="3" type="stmt"/>
        <line num="31" count="3" type="stmt"/>
        <line num="38" count="4" type="stmt"/>
        <line num="39" count="4" type="cond" truecount="2" falsecount="0"/>
        <line num="40" count="1" type="stmt"/>
        <line num="53" count="1" type="stmt"/>
        <line num="54" count="1" type="stmt"/>
        <line num="60" count="4" type="stmt"/>
      </file>
      <file name="panel-wrapper.js" path="C:\Users\38063\IdeaProjects\FileHub3\js-app\components\wrappers\panel-wrapper.js">
        <metrics statements="18" coveredstatements="18" conditionals="10" coveredconditionals="9" methods="7" coveredmethods="7"/>
        <line num="15" count="2" type="stmt"/>
        <line num="16" count="2" type="stmt"/>
        <line num="17" count="2" type="cond" truecount="2" falsecount="0"/>
        <line num="19" count="2" type="stmt"/>
        <line num="21" count="2" type="stmt"/>
        <line num="22" count="2" type="stmt"/>
        <line num="25" count="2" type="stmt"/>
        <line num="27" count="2" type="stmt"/>
        <line num="28" count="2" type="cond" truecount="1" falsecount="1"/>
        <line num="30" count="2" type="stmt"/>
        <line num="33" count="2" type="stmt"/>
        <line num="35" count="2" type="stmt"/>
        <line num="42" count="3" type="stmt"/>
        <line num="43" count="3" type="cond" truecount="2" falsecount="0"/>
        <line num="44" count="1" type="stmt"/>
        <line num="55" count="1" type="stmt"/>
        <line num="56" count="1" type="stmt"/>
        <line num="62" count="3" type="stmt"/>
      </file>
      <file name="table-wrapper.js" path="C:\Users\38063\IdeaProjects\FileHub3\js-app\components\wrappers\table-wrapper.js">
        <metrics statements="79" coveredstatements="77" conditionals="32" coveredconditionals="19" methods="35" coveredmethods="34"/>
        <line num="10" count="1" type="stmt"/>
        <line num="20" count="11" type="stmt"/>
        <line num="27" count="11" type="stmt"/>
        <line num="28" count="11" type="stmt"/>
        <line num="29" count="11" type="cond" truecount="2" falsecount="0"/>
        <line num="30" count="1" type="stmt"/>
        <line num="34" count="11" type="stmt"/>
        <line num="35" count="20" type="stmt"/>
        <line num="36" count="20" type="stmt"/>
        <line num="38" count="11" type="stmt"/>
        <line num="39" count="11" type="stmt"/>
        <line num="40" count="11" type="stmt"/>
        <line num="42" count="11" type="stmt"/>
        <line num="43" count="11" type="stmt"/>
        <line num="44" count="11" type="stmt"/>
        <line num="46" count="11" type="stmt"/>
        <line num="53" count="28" type="stmt"/>
        <line num="54" count="28" type="cond" truecount="2" falsecount="0"/>
        <line num="55" count="17" type="stmt"/>
        <line num="60" count="17" type="stmt"/>
        <line num="61" count="17" type="stmt"/>
        <line num="62" count="17" type="stmt"/>
        <line num="63" count="24" type="stmt"/>
        <line num="64" count="8" type="cond" truecount="1" falsecount="1"/>
        <line num="66" count="16" type="stmt"/>
        <line num="67" count="14" type="stmt"/>
        <line num="72" count="14" type="stmt"/>
        <line num="73" count="1" type="stmt"/>
        <line num="77" count="14" type="stmt"/>
        <line num="78" count="1" type="cond" truecount="1" falsecount="1"/>
        <line num="79" count="1" type="stmt"/>
        <line num="80" count="1" type="stmt"/>
        <line num="81" count="1" type="stmt"/>
        <line num="82" count="1" type="stmt"/>
        <line num="83" count="1" type="stmt"/>
        <line num="84" count="1" type="stmt"/>
        <line num="91" count="14" type="stmt"/>
        <line num="92" count="1" type="stmt"/>
        <line num="94" count="14" type="stmt"/>
        <line num="95" count="1" type="stmt"/>
        <line num="97" count="14" type="stmt"/>
        <line num="98" count="1" type="stmt"/>
        <line num="101" count="14" type="stmt"/>
        <line num="102" count="14" type="cond" truecount="1" falsecount="1"/>
        <line num="104" count="14" type="stmt"/>
        <line num="105" count="14" type="cond" truecount="2" falsecount="2"/>
        <line num="106" count="0" type="cond" truecount="0" falsecount="2"/>
        <line num="109" count="14" type="stmt"/>
        <line num="112" count="14" type="stmt"/>
        <line num="113" count="18" type="cond" truecount="2" falsecount="0"/>
        <line num="116" count="14" type="stmt"/>
        <line num="117" count="14" type="cond" truecount="1" falsecount="1"/>
        <line num="120" count="14" type="stmt"/>
        <line num="121" count="18" type="stmt"/>
        <line num="124" count="16" type="stmt"/>
        <line num="126" count="17" type="stmt"/>
        <line num="127" count="24" type="stmt"/>
        <line num="128" count="0" type="cond" truecount="0" falsecount="2"/>
        <line num="130" count="8" type="stmt"/>
        <line num="131" count="7" type="stmt"/>
        <line num="135" count="7" type="stmt"/>
        <line num="136" count="1" type="stmt"/>
        <line num="138" count="7" type="stmt"/>
        <line num="139" count="1" type="stmt"/>
        <line num="141" count="7" type="stmt"/>
        <line num="142" count="1" type="stmt"/>
        <line num="144" count="7" type="stmt"/>
        <line num="145" count="9" type="cond" truecount="2" falsecount="0"/>
        <line num="148" count="7" type="stmt"/>
        <line num="149" count="7" type="cond" truecount="1" falsecount="1"/>
        <line num="152" count="7" type="stmt"/>
        <line num="153" count="9" type="stmt"/>
        <line num="156" count="8" type="stmt"/>
        <line num="158" count="17" type="stmt"/>
        <line num="165" count="9" type="stmt"/>
        <line num="166" count="9" type="stmt"/>
        <line num="174" count="5" type="stmt"/>
        <line num="175" count="1" type="stmt"/>
        <line num="184" count="28" type="stmt"/>
      </file>
      <file name="user-info-wrapper.js" path="C:\Users\38063\IdeaProjects\FileHub3\js-app\components\wrappers\user-info-wrapper.js">
        <metrics statements="18" coveredstatements="18" conditionals="2" coveredconditionals="2" methods="7" coveredmethods="7"/>
        <line num="16" count="3" type="stmt"/>
        <line num="17" count="3" type="stmt"/>
        <line num="18" count="3" type="stmt"/>
        <line num="19" count="4" type="stmt"/>
        <line num="20" count="4" type="stmt"/>
        <line num="22" count="3" type="stmt"/>
        <line num="23" count="4" type="stmt"/>
        <line num="24" count="4" type="stmt"/>
        <line num="26" count="3" type="stmt"/>
        <line num="27" count="4" type="stmt"/>
        <line num="28" count="4" type="stmt"/>
        <line num="30" count="3" type="stmt"/>
        <line num="36" count="12" type="stmt"/>
        <line num="37" count="12" type="cond" truecount="2" falsecount="0"/>
        <line num="38" count="3" type="stmt"/>
        <line num="50" count="1" type="stmt"/>
        <line num="51" count="1" type="stmt"/>
        <line num="57" count="12" type="stmt"/>
      </file>
    </package>
    <package name="registration">
      <metrics statements="68" coveredstatements="68" conditionals="8" coveredconditionals="8" methods="30" coveredmethods="28"/>
      <file name="registration-form.js" path="C:\Users\38063\IdeaProjects\FileHub3\js-app\registration\registration-form.js">
        <metrics statements="46" coveredstatements="46" conditionals="2" coveredconditionals="2" methods="19" coveredmethods="18"/>
        <line num="11" count="2" type="stmt"/>
        <line num="12" count="2" type="stmt"/>
        <line num="13" count="2" type="stmt"/>
        <line num="14" count="2" type="stmt"/>
        <line num="15" count="2" type="stmt"/>
        <line num="20" count="12" type="stmt"/>
        <line num="21" count="12" type="stmt"/>
        <line num="23" count="12" type="stmt"/>
        <line num="24" count="12" type="stmt"/>
        <line num="25" count="12" type="stmt"/>
        <line num="26" count="12" type="stmt"/>
        <line num="37" count="12" type="stmt"/>
        <line num="38" count="12" type="stmt"/>
        <line num="44" count="23" type="stmt"/>
        <line num="46" count="92" type="stmt"/>
        <line num="47" count="92" type="stmt"/>
        <line num="48" count="1" type="stmt"/>
        <line num="51" count="23" type="stmt"/>
        <line num="52" count="69" type="stmt"/>
        <line num="61" count="23" type="stmt"/>
        <line num="62" count="46" type="stmt"/>
        <line num="72" count="23" type="stmt"/>
        <line num="73" count="23" type="stmt"/>
        <line num="83" count="23" type="stmt"/>
        <line num="84" count="7" type="stmt"/>
        <line num="85" count="7" type="stmt"/>
        <line num="86" count="7" type="stmt"/>
        <line num="87" count="7" type="stmt"/>
        <line num="89" count="7" type="stmt"/>
        <line num="90" count="7" type="stmt"/>
        <line num="99" count="11" type="stmt"/>
        <line num="100" count="11" type="stmt"/>
        <line num="109" count="6" type="stmt"/>
        <line num="110" count="1" type="stmt"/>
        <line num="119" count="7" type="stmt"/>
        <line num="125" count="7" type="stmt"/>
        <line num="131" count="7" type="stmt"/>
        <line num="134" count="3" type="stmt"/>
        <line num="135" count="12" type="stmt"/>
        <line num="136" count="12" type="cond" truecount="2" falsecount="0"/>
        <line num="137" count="12" type="stmt"/>
        <line num="138" count="12" type="stmt"/>
        <line num="140" count="3" type="stmt"/>
        <line num="148" count="7" type="stmt"/>
        <line num="149" count="4" type="stmt"/>
        <line num="157" count="23" type="stmt"/>
      </file>
      <file name="registration-page.js" path="C:\Users\38063\IdeaProjects\FileHub3\js-app\registration\registration-page.js">
        <metrics statements="22" coveredstatements="22" conditionals="6" coveredconditionals="6" methods="11" coveredmethods="10"/>
        <line num="6" count="1" type="stmt"/>
        <line num="17" count="5" type="stmt"/>
        <line num="23" count="5" type="stmt"/>
        <line num="24" count="5" type="stmt"/>
        <line num="25" count="5" type="stmt"/>
        <line num="32" count="6" type="stmt"/>
        <line num="33" count="6" type="stmt"/>
        <line num="34" count="1" type="stmt"/>
        <line num="36" count="6" type="stmt"/>
        <line num="37" count="3" type="stmt"/>
        <line num="38" count="3" type="stmt"/>
        <line num="40" count="1" type="stmt"/>
        <line num="43" count="2" type="cond" truecount="2" falsecount="0"/>
        <line num="44" count="1" type="stmt"/>
        <line num="46" count="1" type="stmt"/>
        <line num="57" count="1" type="stmt"/>
        <line num="64" count="1" type="stmt"/>
        <line num="66" count="1" type="stmt"/>
        <line num="72" count="1" type="stmt"/>
        <line num="73" count="1" type="stmt"/>
        <line num="79" count="6" type="cond" truecount="2" falsecount="0"/>
        <line num="80" count="6" type="stmt"/>
      </file>
    </package>
    <package name="service">
      <metrics statements="88" coveredstatements="87" conditionals="36" coveredconditionals="36" methods="41" coveredmethods="40"/>
      <file name="api-service.js" path="C:\Users\38063\IdeaProjects\FileHub3\js-app\service\api-service.js">
        <metrics statements="57" coveredstatements="56" conditionals="36" coveredconditionals="36" methods="27" coveredmethods="26"/>
        <line num="19" count="62" type="stmt"/>
        <line num="29" count="5" type="stmt"/>
        <line num="33" count="2" type="stmt"/>
        <line num="36" count="3" type="cond" truecount="2" falsecount="0"/>
        <line num="37" count="1" type="stmt"/>
        <line num="39" count="3" type="cond" truecount="2" falsecount="0"/>
        <line num="40" count="1" type="stmt"/>
        <line num="42" count="2" type="cond" truecount="4" falsecount="0"/>
        <line num="43" count="1" type="stmt"/>
        <line num="53" count="4" type="stmt"/>
        <line num="57" count="1" type="stmt"/>
        <line num="60" count="3" type="cond" truecount="2" falsecount="0"/>
        <line num="61" count="1" type="stmt"/>
        <line num="63" count="2" type="cond" truecount="2" falsecount="0"/>
        <line num="64" count="1" type="stmt"/>
        <line num="73" count="4" type="stmt"/>
        <line num="75" count="2" type="cond" truecount="2" falsecount="0"/>
        <line num="76" count="1" type="stmt"/>
        <line num="78" count="1" type="stmt"/>
        <line num="87" count="2" type="stmt"/>
        <line num="89" count="2" type="cond" truecount="2" falsecount="0"/>
        <line num="90" count="1" type="stmt"/>
        <line num="92" count="1" type="stmt"/>
        <line num="101" count="4" type="stmt"/>
        <line num="103" count="4" type="cond" truecount="2" falsecount="0"/>
        <line num="104" count="2" type="stmt"/>
        <line num="106" count="2" type="stmt"/>
        <line num="116" count="6" type="cond" truecount="2" falsecount="0"/>
        <line num="117" count="3" type="stmt"/>
        <line num="119" count="1" type="stmt"/>
        <line num="122" count="2" type="cond" truecount="2" falsecount="0"/>
        <line num="123" count="1" type="stmt"/>
        <line num="127" count="3" type="stmt"/>
        <line num="129" count="1" type="stmt"/>
        <line num="132" count="2" type="cond" truecount="2" falsecount="0"/>
        <line num="133" count="1" type="stmt"/>
        <line num="145" count="3" type="stmt"/>
        <line num="150" count="1" type="stmt"/>
        <line num="153" count="2" type="cond" truecount="2" falsecount="0"/>
        <line num="154" count="1" type="stmt"/>
        <line num="165" count="7" type="cond" truecount="2" falsecount="0"/>
        <line num="166" count="4" type="stmt"/>
        <line num="168" count="1" type="stmt"/>
        <line num="171" count="3" type="cond" truecount="2" falsecount="0"/>
        <line num="172" count="1" type="stmt"/>
        <line num="174" count="2" type="cond" truecount="2" falsecount="0"/>
        <line num="175" count="1" type="stmt"/>
        <line num="179" count="3" type="stmt"/>
        <line num="181" count="0" type="stmt"/>
        <line num="184" count="3" type="cond" truecount="2" falsecount="0"/>
        <line num="185" count="1" type="stmt"/>
        <line num="187" count="2" type="cond" truecount="2" falsecount="0"/>
        <line num="188" count="1" type="stmt"/>
        <line num="199" count="3" type="stmt"/>
        <line num="200" count="3" type="stmt"/>
        <line num="201" count="6" type="stmt"/>
        <line num="203" count="3" type="stmt"/>
      </file>
      <file name="id-service.js" path="C:\Users\38063\IdeaProjects\FileHub3\js-app\service\id-service.js">
        <metrics statements="3" coveredstatements="3" conditionals="0" coveredconditionals="0" methods="1" coveredmethods="1"/>
        <line num="5" count="6" type="stmt"/>
        <line num="11" count="202" type="stmt"/>
        <line num="12" count="202" type="stmt"/>
      </file>
      <file name="request-service.js" path="C:\Users\38063\IdeaProjects\FileHub3\js-app\service\request-service.js">
        <metrics statements="18" coveredstatements="18" conditionals="0" coveredconditionals="0" methods="7" coveredmethods="7"/>
        <line num="15" count="3" type="stmt"/>
        <line num="23" count="3" type="stmt"/>
        <line num="24" count="3" type="stmt"/>
        <line num="26" count="1" type="stmt"/>
        <line num="37" count="1" type="stmt"/>
        <line num="44" count="1" type="stmt"/>
        <line num="45" count="1" type="stmt"/>
        <line num="47" count="1" type="stmt"/>
        <line num="57" count="4" type="stmt"/>
        <line num="65" count="2" type="stmt"/>
        <line num="67" count="2" type="stmt"/>
        <line num="69" count="2" type="stmt"/>
        <line num="78" count="1" type="stmt"/>
        <line num="85" count="1" type="stmt"/>
        <line num="96" count="1" type="stmt"/>
        <line num="105" count="1" type="stmt"/>
        <line num="107" count="1" type="stmt"/>
        <line num="109" count="1" type="stmt"/>
      </file>
      <file name="response.js" path="C:\Users\38063\IdeaProjects\FileHub3\js-app\service\response.js">
        <metrics statements="4" coveredstatements="4" conditionals="0" coveredconditionals="0" methods="3" coveredmethods="3"/>
        <line num="13" count="35" type="stmt"/>
        <line num="14" count="35" type="stmt"/>
        <line num="21" count="47" type="stmt"/>
        <line num="27" count="16" type="stmt"/>
      </file>
      <file name="title-service.js" path="C:\Users\38063\IdeaProjects\FileHub3\js-app\service\title-service.js">
        <metrics statements="6" coveredstatements="6" conditionals="0" coveredconditionals="0" methods="3" coveredmethods="3"/>
        <line num="7" count="7" type="stmt"/>
        <line num="14" count="7" type="stmt"/>
        <line num="15" count="7" type="stmt"/>
        <line num="22" count="10" type="stmt"/>
        <line num="23" count="10" type="stmt"/>
        <line num="31" count="12" type="stmt"/>
      </file>
    </package>
    <package name="service.errors">
      <metrics statements="11" coveredstatements="11" conditionals="0" coveredconditionals="0" methods="8" coveredmethods="8"/>
      <file name="general-server-error.js" path="C:\Users\38063\IdeaProjects\FileHub3\js-app\service\errors\general-server-error.js">
        <metrics statements="3" coveredstatements="3" conditionals="0" coveredconditionals="0" methods="2" coveredmethods="2"/>
        <line num="12" count="12" type="stmt"/>
        <line num="13" count="12" type="stmt"/>
        <line num="20" count="3" type="stmt"/>
      </file>
      <file name="login-failed-error.js" path="C:\Users\38063\IdeaProjects\FileHub3\js-app\service\errors\login-failed-error.js">
        <metrics statements="3" coveredstatements="3" conditionals="0" coveredconditionals="0" methods="2" coveredmethods="2"/>
        <line num="13" count="2" type="stmt"/>
        <line num="14" count="2" type="stmt"/>
        <line num="21" count="1" type="stmt"/>
      </file>
      <file name="register-error.js" path="C:\Users\38063\IdeaProjects\FileHub3\js-app\service\errors\register-error.js">
        <metrics statements="3" coveredstatements="3" conditionals="0" coveredconditionals="0" methods="2" coveredmethods="2"/>
        <line num="19" count="2" type="stmt"/>
        <line num="20" count="2" type="stmt"/>
        <line num="27" count="1" type="stmt"/>
      </file>
      <file name="rename-item-validation-error.js" path="C:\Users\38063\IdeaProjects\FileHub3\js-app\service\errors\rename-item-validation-error.js">
        <metrics statements="2" coveredstatements="2" conditionals="0" coveredconditionals="0" methods="1" coveredmethods="1"/>
        <line num="10" count="3" type="stmt"/>
        <line num="11" count="3" type="stmt"/>
      </file>
      <file name="service-error.js" path="C:\Users\38063\IdeaProjects\FileHub3\js-app\service\errors\service-error.js">
        <metrics statements="0" coveredstatements="0" conditionals="0" coveredconditionals="0" methods="1" coveredmethods="1"/>
      </file>
    </package>
    <package name="service.state-management">
      <metrics statements="45" coveredstatements="43" conditionals="13" coveredconditionals="9" methods="17" coveredmethods="17"/>
      <file name="removal-observer.js" path="C:\Users\38063\IdeaProjects\FileHub3\js-app\service\state-management\removal-observer.js">
        <metrics statements="17" coveredstatements="15" conditionals="4" coveredconditionals="2" methods="5" coveredmethods="5"/>
        <line num="5" count="5" type="stmt"/>
        <line num="11" count="5" type="stmt"/>
        <line num="13" count="5" type="stmt"/>
        <line num="17" count="5" type="stmt"/>
        <line num="18" count="53" type="stmt"/>
        <line num="19" count="299" type="cond" truecount="1" falsecount="1"/>
        <line num="20" count="299" type="stmt"/>
        <line num="21" count="299" type="stmt"/>
        <line num="22" count="178" type="stmt"/>
        <line num="23" count="178" type="stmt"/>
        <line num="24" count="178" type="cond" truecount="1" falsecount="1"/>
        <line num="25" count="0" type="stmt"/>
        <line num="26" count="0" type="stmt"/>
        <line num="33" count="5" type="stmt"/>
        <line num="34" count="5" type="stmt"/>
        <line num="43" count="28" type="stmt"/>
        <line num="47" count="5" type="stmt"/>
      </file>
      <file name="state-management-service.js" path="C:\Users\38063\IdeaProjects\FileHub3\js-app\service\state-management\state-management-service.js">
        <metrics statements="17" coveredstatements="17" conditionals="4" coveredconditionals="3" methods="8" coveredmethods="8"/>
        <line num="24" count="37" type="stmt"/>
        <line num="25" count="37" type="cond" truecount="1" falsecount="1"/>
        <line num="26" count="37" type="stmt"/>
        <line num="36" count="26" type="stmt"/>
        <line num="44" count="20" type="stmt"/>
        <line num="45" count="26" type="stmt"/>
        <line num="46" count="26" type="stmt"/>
        <line num="47" count="26" type="stmt"/>
        <line num="48" count="26" type="stmt"/>
        <line num="49" count="453" type="cond" truecount="2" falsecount="0"/>
        <line num="50" count="26" type="stmt"/>
        <line num="62" count="6" type="stmt"/>
        <line num="73" count="147" type="stmt"/>
        <line num="74" count="147" type="stmt"/>
        <line num="75" count="147" type="stmt"/>
        <line num="77" count="147" type="stmt"/>
        <line num="86" count="16" type="stmt"/>
      </file>
      <file name="state.js" path="C:\Users\38063\IdeaProjects\FileHub3\js-app\service\state-management\state.js">
        <metrics statements="11" coveredstatements="11" conditionals="5" coveredconditionals="4" methods="4" coveredmethods="4"/>
        <line num="81" count="133" type="stmt"/>
        <line num="82" count="133" type="stmt"/>
        <line num="90" count="133" type="stmt"/>
        <line num="91" count="133" type="stmt"/>
        <line num="92" count="1586" type="stmt"/>
        <line num="93" count="1584" type="stmt"/>
        <line num="102" count="245" type="stmt"/>
        <line num="103" count="2747" type="stmt"/>
        <line num="105" count="2747" type="cond" truecount="4" falsecount="0"/>
        <line num="106" count="112" type="stmt"/>
        <line num="109" count="245" type="stmt"/>
      </file>
    </package>
    <package name="service.state-management.constatns">
      <metrics statements="30" coveredstatements="29" conditionals="10" coveredconditionals="9" methods="18" coveredmethods="18"/>
      <file name="mutators.js" path="C:\Users\38063\IdeaProjects\FileHub3\js-app\service\state-management\constatns\mutators.js">
        <metrics statements="30" coveredstatements="29" conditionals="10" coveredconditionals="9" methods="18" coveredmethods="18"/>
        <line num="1" count="21" type="stmt"/>
        <line num="21" count="21" type="stmt"/>
        <line num="23" count="4" type="stmt"/>
        <line num="26" count="2" type="stmt"/>
        <line num="29" count="13" type="stmt"/>
        <line num="32" count="4" type="cond" truecount="2" falsecount="0"/>
        <line num="33" count="3" type="stmt"/>
        <line num="35" count="1" type="stmt"/>
        <line num="38" count="1" type="cond" truecount="1" falsecount="1"/>
        <line num="39" count="1" type="stmt"/>
        <line num="41" count="0" type="stmt"/>
        <line num="44" count="1" type="stmt"/>
        <line num="47" count="5" type="cond" truecount="2" falsecount="0"/>
        <line num="48" count="3" type="stmt"/>
        <line num="50" count="2" type="stmt"/>
        <line num="53" count="3" type="cond" truecount="2" falsecount="0"/>
        <line num="54" count="2" type="stmt"/>
        <line num="60" count="1" type="stmt"/>
        <line num="63" count="5" type="cond" truecount="2" falsecount="0"/>
        <line num="64" count="3" type="stmt"/>
        <line num="70" count="2" type="stmt"/>
        <line num="73" count="1" type="stmt"/>
        <line num="76" count="2" type="stmt"/>
        <line num="79" count="1" type="stmt"/>
        <line num="82" count="1" type="stmt"/>
        <line num="85" count="1" type="stmt"/>
        <line num="88" count="1" type="stmt"/>
        <line num="91" count="3" type="stmt"/>
        <line num="94" count="1" type="stmt"/>
        <line num="97" count="1" type="stmt"/>
      </file>
    </package>
    <package name="validation">
      <metrics statements="36" coveredstatements="36" conditionals="10" coveredconditionals="10" methods="22" coveredmethods="22"/>
      <file name="validation-config.js" path="C:\Users\38063\IdeaProjects\FileHub3\js-app\validation\validation-config.js">
        <metrics statements="6" coveredstatements="6" conditionals="0" coveredconditionals="0" methods="4" coveredmethods="4"/>
        <line num="11" count="13" type="stmt"/>
        <line num="19" count="13" type="stmt"/>
        <line num="27" count="13" type="stmt"/>
        <line num="36" count="33" type="stmt"/>
        <line num="37" count="33" type="stmt"/>
        <line num="45" count="13" type="stmt"/>
      </file>
      <file name="validation-error-result.js" path="C:\Users\38063\IdeaProjects\FileHub3\js-app\validation\validation-error-result.js">
        <metrics statements="2" coveredstatements="2" conditionals="0" coveredconditionals="0" methods="1" coveredmethods="1"/>
        <line num="13" count="6" type="stmt"/>
        <line num="14" count="6" type="stmt"/>
      </file>
      <file name="validation-error.js" path="C:\Users\38063\IdeaProjects\FileHub3\js-app\validation\validation-error.js">
        <metrics statements="2" coveredstatements="2" conditionals="0" coveredconditionals="0" methods="1" coveredmethods="1"/>
        <line num="16" count="21" type="stmt"/>
        <line num="17" count="21" type="stmt"/>
      </file>
      <file name="validator-service.js" path="C:\Users\38063\IdeaProjects\FileHub3\js-app\validation\validator-service.js">
        <metrics statements="12" coveredstatements="12" conditionals="2" coveredconditionals="2" methods="8" coveredmethods="8"/>
        <line num="17" count="33" type="stmt"/>
        <line num="18" count="13" type="stmt"/>
        <line num="19" count="33" type="stmt"/>
        <line num="20" count="46" type="stmt"/>
        <line num="22" count="21" type="stmt"/>
        <line num="25" count="13" type="stmt"/>
        <line num="26" count="13" type="stmt"/>
        <line num="27" count="13" type="stmt"/>
        <line num="28" count="46" type="stmt"/>
        <line num="29" count="21" type="stmt"/>
        <line num="30" count="13" type="cond" truecount="2" falsecount="0"/>
        <line num="31" count="6" type="stmt"/>
      </file>
      <file name="validators.js" path="C:\Users\38063\IdeaProjects\FileHub3\js-app\validation\validators.js">
        <metrics statements="14" coveredstatements="14" conditionals="8" coveredconditionals="8" methods="8" coveredmethods="8"/>
        <line num="7" count="23" type="stmt"/>
        <line num="8" count="23" type="cond" truecount="2" falsecount="0"/>
        <line num="9" count="12" type="stmt"/>
        <line num="11" count="11" type="stmt"/>
        <line num="22" count="28" type="stmt"/>
        <line num="23" count="38" type="stmt"/>
        <line num="24" count="38" type="cond" truecount="4" falsecount="0"/>
        <line num="25" count="17" type="stmt"/>
        <line num="27" count="21" type="stmt"/>
        <line num="39" count="14" type="stmt"/>
        <line num="40" count="14" type="stmt"/>
        <line num="41" count="14" type="cond" truecount="2" falsecount="0"/>
        <line num="42" count="7" type="stmt"/>
        <line num="44" count="7" type="stmt"/>
      </file>
    </package>
  </project>
</coverage>
