{"C:\\Users\\38063\\IdeaProjects\\FileHub3\\js-app\\actions\\base-action.js": {"path":"C:\\Users\\38063\\IdeaProjects\\FileHub3\\js-app\\actions\\base-action.js","statementMap":{},"fnMap":{"0":{"name":"(anonymous_0)","decl":{"start":{"line":9,"column":2},"end":{"line":9,"column":3}},"loc":{"start":{"line":9,"column":12},"end":{"line":11,"column":3}},"line":9}},"branchMap":{},"s":{},"f":{"0":0},"b":{},"_coverageSchema":"1a1c01bbd47fc00a2c39e90264f33305004495a9","hash":"89f45edcb16fb46b66bcda5cfd57b8f43aae657a"}
,"C:\\Users\\38063\\IdeaProjects\\FileHub3\\js-app\\actions\\delete-item-action.js": {"path":"C:\\Users\\38063\\IdeaProjects\\FileHub3\\js-app\\actions\\delete-item-action.js","statementMap":{"0":{"start":{"line":18,"column":6},"end":{"line":18,"column":14}},"1":{"start":{"line":19,"column":6},"end":{"line":19,"column":24}},"2":{"start":{"line":26,"column":6},"end":{"line":26,"column":65}},"3":{"start":{"line":27,"column":6},"end":{"line":39,"column":11}},"4":{"start":{"line":29,"column":10},"end":{"line":29,"column":74}},"5":{"start":{"line":30,"column":10},"end":{"line":32,"column":64}},"6":{"start":{"line":35,"column":10},"end":{"line":35,"column":67}},"7":{"start":{"line":38,"column":10},"end":{"line":38,"column":70}}},"fnMap":{"0":{"name":"(anonymous_0)","decl":{"start":{"line":17,"column":4},"end":{"line":17,"column":5}},"loc":{"start":{"line":17,"column":22},"end":{"line":20,"column":5}},"line":17},"1":{"name":"(anonymous_1)","decl":{"start":{"line":25,"column":4},"end":{"line":25,"column":5}},"loc":{"start":{"line":25,"column":30},"end":{"line":40,"column":5}},"line":25},"2":{"name":"(anonymous_2)","decl":{"start":{"line":28,"column":14},"end":{"line":28,"column":15}},"loc":{"start":{"line":28,"column":18},"end":{"line":33,"column":9}},"line":28},"3":{"name":"(anonymous_3)","decl":{"start":{"line":34,"column":15},"end":{"line":34,"column":16}},"loc":{"start":{"line":34,"column":24},"end":{"line":36,"column":9}},"line":34},"4":{"name":"(anonymous_4)","decl":{"start":{"line":37,"column":17},"end":{"line":37,"column":18}},"loc":{"start":{"line":37,"column":21},"end":{"line":39,"column":9}},"line":37}},"branchMap":{},"s":{"0":2,"1":2,"2":2,"3":2,"4":1,"5":1,"6":2,"7":2},"f":{"0":2,"1":2,"2":1,"3":2,"4":2},"b":{},"_coverageSchema":"1a1c01bbd47fc00a2c39e90264f33305004495a9","hash":"941205efde1e37abe999827469715c084986dc6c"}
,"C:\\Users\\38063\\IdeaProjects\\FileHub3\\js-app\\actions\\edit-item-action.js": {"path":"C:\\Users\\38063\\IdeaProjects\\FileHub3\\js-app\\actions\\edit-item-action.js","statementMap":{"0":{"start":{"line":17,"column":6},"end":{"line":17,"column":14}},"1":{"start":{"line":18,"column":6},"end":{"line":18,"column":34}},"2":{"start":{"line":25,"column":6},"end":{"line":25,"column":89}},"3":{"start":{"line":26,"column":6},"end":{"line":26,"column":76}},"4":{"start":{"line":27,"column":6},"end":{"line":41,"column":11}},"5":{"start":{"line":29,"column":10},"end":{"line":29,"column":74}},"6":{"start":{"line":30,"column":10},"end":{"line":34,"column":11}},"7":{"start":{"line":31,"column":12},"end":{"line":33,"column":43}},"8":{"start":{"line":37,"column":10},"end":{"line":37,"column":74}},"9":{"start":{"line":40,"column":10},"end":{"line":40,"column":81}}},"fnMap":{"0":{"name":"(anonymous_0)","decl":{"start":{"line":16,"column":4},"end":{"line":16,"column":5}},"loc":{"start":{"line":16,"column":27},"end":{"line":19,"column":5}},"line":16},"1":{"name":"(anonymous_1)","decl":{"start":{"line":24,"column":4},"end":{"line":24,"column":5}},"loc":{"start":{"line":24,"column":30},"end":{"line":42,"column":5}},"line":24},"2":{"name":"(anonymous_2)","decl":{"start":{"line":28,"column":14},"end":{"line":28,"column":15}},"loc":{"start":{"line":28,"column":20},"end":{"line":35,"column":9}},"line":28},"3":{"name":"(anonymous_3)","decl":{"start":{"line":36,"column":15},"end":{"line":36,"column":16}},"loc":{"start":{"line":36,"column":22},"end":{"line":38,"column":9}},"line":36},"4":{"name":"(anonymous_4)","decl":{"start":{"line":39,"column":17},"end":{"line":39,"column":18}},"loc":{"start":{"line":39,"column":23},"end":{"line":41,"column":9}},"line":39}},"branchMap":{"0":{"loc":{"start":{"line":30,"column":10},"end":{"line":34,"column":11}},"type":"if","locations":[{"start":{"line":30,"column":10},"end":{"line":34,"column":11}},{"start":{},"end":{}}],"line":30}},"s":{"0":7,"1":7,"2":3,"3":3,"4":3,"5":2,"6":2,"7":1,"8":1,"9":3},"f":{"0":7,"1":3,"2":2,"3":1,"4":3},"b":{"0":[1,1]},"_coverageSchema":"1a1c01bbd47fc00a2c39e90264f33305004495a9","hash":"9b27389c5a8b5b54ba02028e59fb712832b2551f"}
,"C:\\Users\\38063\\IdeaProjects\\FileHub3\\js-app\\actions\\load-folder-content-action.js": {"path":"C:\\Users\\38063\\IdeaProjects\\FileHub3\\js-app\\actions\\load-folder-content-action.js","statementMap":{"0":{"start":{"line":17,"column":4},"end":{"line":17,"column":12}},"1":{"start":{"line":18,"column":4},"end":{"line":18,"column":30}},"2":{"start":{"line":25,"column":4},"end":{"line":25,"column":68}},"3":{"start":{"line":27,"column":4},"end":{"line":36,"column":9}},"4":{"start":{"line":29,"column":8},"end":{"line":29,"column":78}},"5":{"start":{"line":32,"column":8},"end":{"line":32,"column":70}},"6":{"start":{"line":35,"column":8},"end":{"line":35,"column":73}}},"fnMap":{"0":{"name":"(anonymous_0)","decl":{"start":{"line":16,"column":2},"end":{"line":16,"column":3}},"loc":{"start":{"line":16,"column":24},"end":{"line":19,"column":3}},"line":16},"1":{"name":"(anonymous_1)","decl":{"start":{"line":24,"column":2},"end":{"line":24,"column":3}},"loc":{"start":{"line":24,"column":28},"end":{"line":37,"column":3}},"line":24},"2":{"name":"(anonymous_2)","decl":{"start":{"line":28,"column":12},"end":{"line":28,"column":13}},"loc":{"start":{"line":28,"column":20},"end":{"line":30,"column":7}},"line":28},"3":{"name":"(anonymous_3)","decl":{"start":{"line":31,"column":13},"end":{"line":31,"column":14}},"loc":{"start":{"line":31,"column":17},"end":{"line":33,"column":7}},"line":31},"4":{"name":"(anonymous_4)","decl":{"start":{"line":34,"column":15},"end":{"line":34,"column":16}},"loc":{"start":{"line":34,"column":19},"end":{"line":36,"column":7}},"line":34}},"branchMap":{},"s":{"0":4,"1":4,"2":2,"3":2,"4":2,"5":0,"6":2},"f":{"0":4,"1":2,"2":2,"3":0,"4":2},"b":{},"_coverageSchema":"1a1c01bbd47fc00a2c39e90264f33305004495a9","hash":"7decfa0e9e71fa78120e3f9cff2f461e5e0fc793"}
,"C:\\Users\\38063\\IdeaProjects\\FileHub3\\js-app\\actions\\load-folder-info-action.js": {"path":"C:\\Users\\38063\\IdeaProjects\\FileHub3\\js-app\\actions\\load-folder-info-action.js","statementMap":{"0":{"start":{"line":16,"column":4},"end":{"line":16,"column":12}},"1":{"start":{"line":17,"column":4},"end":{"line":17,"column":30}},"2":{"start":{"line":24,"column":4},"end":{"line":24,"column":65}},"3":{"start":{"line":25,"column":4},"end":{"line":34,"column":9}},"4":{"start":{"line":27,"column":8},"end":{"line":27,"column":72}},"5":{"start":{"line":30,"column":8},"end":{"line":30,"column":67}},"6":{"start":{"line":33,"column":8},"end":{"line":33,"column":70}}},"fnMap":{"0":{"name":"(anonymous_0)","decl":{"start":{"line":15,"column":2},"end":{"line":15,"column":3}},"loc":{"start":{"line":15,"column":24},"end":{"line":18,"column":3}},"line":15},"1":{"name":"(anonymous_1)","decl":{"start":{"line":23,"column":2},"end":{"line":23,"column":3}},"loc":{"start":{"line":23,"column":28},"end":{"line":35,"column":3}},"line":23},"2":{"name":"(anonymous_2)","decl":{"start":{"line":26,"column":12},"end":{"line":26,"column":13}},"loc":{"start":{"line":26,"column":20},"end":{"line":28,"column":7}},"line":26},"3":{"name":"(anonymous_3)","decl":{"start":{"line":29,"column":13},"end":{"line":29,"column":14}},"loc":{"start":{"line":29,"column":17},"end":{"line":31,"column":7}},"line":29},"4":{"name":"(anonymous_4)","decl":{"start":{"line":32,"column":15},"end":{"line":32,"column":16}},"loc":{"start":{"line":32,"column":19},"end":{"line":34,"column":7}},"line":32}},"branchMap":{},"s":{"0":7,"1":7,"2":1,"3":1,"4":1,"5":0,"6":1},"f":{"0":7,"1":1,"2":1,"3":0,"4":1},"b":{},"_coverageSchema":"1a1c01bbd47fc00a2c39e90264f33305004495a9","hash":"2ae85812549e6b15cca25915174ae8e4a83da087"}
,"C:\\Users\\38063\\IdeaProjects\\FileHub3\\js-app\\actions\\load-user-action.js": {"path":"C:\\Users\\38063\\IdeaProjects\\FileHub3\\js-app\\actions\\load-user-action.js","statementMap":{"0":{"start":{"line":15,"column":6},"end":{"line":15,"column":68}},"1":{"start":{"line":17,"column":6},"end":{"line":26,"column":11}},"2":{"start":{"line":19,"column":10},"end":{"line":19,"column":76}},"3":{"start":{"line":22,"column":10},"end":{"line":22,"column":70}},"4":{"start":{"line":25,"column":10},"end":{"line":25,"column":73}}},"fnMap":{"0":{"name":"(anonymous_0)","decl":{"start":{"line":14,"column":4},"end":{"line":14,"column":5}},"loc":{"start":{"line":14,"column":30},"end":{"line":27,"column":5}},"line":14},"1":{"name":"(anonymous_1)","decl":{"start":{"line":18,"column":14},"end":{"line":18,"column":15}},"loc":{"start":{"line":18,"column":24},"end":{"line":20,"column":9}},"line":18},"2":{"name":"(anonymous_2)","decl":{"start":{"line":21,"column":15},"end":{"line":21,"column":16}},"loc":{"start":{"line":21,"column":21},"end":{"line":23,"column":9}},"line":21},"3":{"name":"(anonymous_3)","decl":{"start":{"line":24,"column":17},"end":{"line":24,"column":18}},"loc":{"start":{"line":24,"column":23},"end":{"line":26,"column":9}},"line":24}},"branchMap":{},"s":{"0":4,"1":4,"2":1,"3":3,"4":4},"f":{"0":4,"1":1,"2":3,"3":4},"b":{},"_coverageSchema":"1a1c01bbd47fc00a2c39e90264f33305004495a9","hash":"cbe6c3b8c15694c4a649be2c93abbdf26e2166d1"}
,"C:\\Users\\38063\\IdeaProjects\\FileHub3\\js-app\\actions\\set-item-in-removing-state-action.js": {"path":"C:\\Users\\38063\\IdeaProjects\\FileHub3\\js-app\\actions\\set-item-in-removing-state-action.js","statementMap":{"0":{"start":{"line":14,"column":4},"end":{"line":14,"column":12}},"1":{"start":{"line":15,"column":4},"end":{"line":15,"column":22}},"2":{"start":{"line":22,"column":4},"end":{"line":22,"column":74}}},"fnMap":{"0":{"name":"(anonymous_0)","decl":{"start":{"line":13,"column":2},"end":{"line":13,"column":3}},"loc":{"start":{"line":13,"column":20},"end":{"line":16,"column":3}},"line":13},"1":{"name":"(anonymous_1)","decl":{"start":{"line":21,"column":2},"end":{"line":21,"column":3}},"loc":{"start":{"line":21,"column":28},"end":{"line":23,"column":3}},"line":21}},"branchMap":{},"s":{"0":5,"1":5,"2":1},"f":{"0":5,"1":1},"b":{},"_coverageSchema":"1a1c01bbd47fc00a2c39e90264f33305004495a9","hash":"95ca6e75aa0cc182eb35662920451932e5f45429"}
,"C:\\Users\\38063\\IdeaProjects\\FileHub3\\js-app\\actions\\set-item-in-renaming-state-action.js": {"path":"C:\\Users\\38063\\IdeaProjects\\FileHub3\\js-app\\actions\\set-item-in-renaming-state-action.js","statementMap":{"0":{"start":{"line":14,"column":6},"end":{"line":14,"column":14}},"1":{"start":{"line":15,"column":6},"end":{"line":15,"column":24}},"2":{"start":{"line":22,"column":6},"end":{"line":22,"column":84}}},"fnMap":{"0":{"name":"(anonymous_0)","decl":{"start":{"line":13,"column":4},"end":{"line":13,"column":5}},"loc":{"start":{"line":13,"column":22},"end":{"line":16,"column":5}},"line":13},"1":{"name":"(anonymous_1)","decl":{"start":{"line":21,"column":4},"end":{"line":21,"column":5}},"loc":{"start":{"line":21,"column":30},"end":{"line":23,"column":5}},"line":21}},"branchMap":{},"s":{"0":3,"1":3,"2":3},"f":{"0":3,"1":3},"b":{},"_coverageSchema":"1a1c01bbd47fc00a2c39e90264f33305004495a9","hash":"320e6193b51721c1d98f6a78c11df5c94d49e8b7"}
,"C:\\Users\\38063\\IdeaProjects\\FileHub3\\js-app\\actions\\set-metadata-action.js": {"path":"C:\\Users\\38063\\IdeaProjects\\FileHub3\\js-app\\actions\\set-metadata-action.js","statementMap":{"0":{"start":{"line":14,"column":4},"end":{"line":14,"column":12}},"1":{"start":{"line":15,"column":4},"end":{"line":15,"column":30}},"2":{"start":{"line":22,"column":4},"end":{"line":22,"column":73}}},"fnMap":{"0":{"name":"(anonymous_0)","decl":{"start":{"line":13,"column":2},"end":{"line":13,"column":3}},"loc":{"start":{"line":13,"column":24},"end":{"line":16,"column":3}},"line":13},"1":{"name":"(anonymous_1)","decl":{"start":{"line":21,"column":2},"end":{"line":21,"column":3}},"loc":{"start":{"line":21,"column":28},"end":{"line":23,"column":3}},"line":21}},"branchMap":{},"s":{"0":1,"1":1,"2":1},"f":{"0":1,"1":1},"b":{},"_coverageSchema":"1a1c01bbd47fc00a2c39e90264f33305004495a9","hash":"d4606746a417d0d3396dca488b4d78e4130c8e11"}
,"C:\\Users\\38063\\IdeaProjects\\FileHub3\\js-app\\actions\\upload-files-action.js": {"path":"C:\\Users\\38063\\IdeaProjects\\FileHub3\\js-app\\actions\\upload-files-action.js","statementMap":{"0":{"start":{"line":19,"column":6},"end":{"line":19,"column":14}},"1":{"start":{"line":20,"column":6},"end":{"line":20,"column":32}},"2":{"start":{"line":21,"column":6},"end":{"line":21,"column":26}},"3":{"start":{"line":28,"column":6},"end":{"line":30,"column":9}},"4":{"start":{"line":31,"column":6},"end":{"line":46,"column":11}},"5":{"start":{"line":33,"column":10},"end":{"line":37,"column":11}},"6":{"start":{"line":34,"column":12},"end":{"line":36,"column":33}},"7":{"start":{"line":40,"column":10},"end":{"line":42,"column":13}},"8":{"start":{"line":45,"column":10},"end":{"line":45,"column":67}}},"fnMap":{"0":{"name":"(anonymous_0)","decl":{"start":{"line":18,"column":4},"end":{"line":18,"column":5}},"loc":{"start":{"line":18,"column":33},"end":{"line":22,"column":5}},"line":18},"1":{"name":"(anonymous_1)","decl":{"start":{"line":27,"column":4},"end":{"line":27,"column":5}},"loc":{"start":{"line":27,"column":30},"end":{"line":47,"column":5}},"line":27},"2":{"name":"(anonymous_2)","decl":{"start":{"line":32,"column":14},"end":{"line":32,"column":15}},"loc":{"start":{"line":32,"column":20},"end":{"line":38,"column":9}},"line":32},"3":{"name":"(anonymous_3)","decl":{"start":{"line":39,"column":15},"end":{"line":39,"column":16}},"loc":{"start":{"line":39,"column":21},"end":{"line":43,"column":9}},"line":39},"4":{"name":"(anonymous_4)","decl":{"start":{"line":44,"column":17},"end":{"line":44,"column":18}},"loc":{"start":{"line":44,"column":23},"end":{"line":46,"column":9}},"line":44}},"branchMap":{"0":{"loc":{"start":{"line":33,"column":10},"end":{"line":37,"column":11}},"type":"if","locations":[{"start":{"line":33,"column":10},"end":{"line":37,"column":11}},{"start":{},"end":{}}],"line":33}},"s":{"0":5,"1":5,"2":5,"3":3,"4":3,"5":2,"6":1,"7":1,"8":3},"f":{"0":5,"1":3,"2":2,"3":1,"4":3},"b":{"0":[1,1]},"_coverageSchema":"1a1c01bbd47fc00a2c39e90264f33305004495a9","hash":"b9da3ef3daff37445c63c92102cdf3b495e9f62d"}
,"C:\\Users\\38063\\IdeaProjects\\FileHub3\\js-app\\application\\application-context.js": {"path":"C:\\Users\\38063\\IdeaProjects\\FileHub3\\js-app\\application\\application-context.js","statementMap":{"0":{"start":{"line":18,"column":4},"end":{"line":18,"column":20}},"1":{"start":{"line":19,"column":4},"end":{"line":21,"column":7}},"2":{"start":{"line":20,"column":6},"end":{"line":20,"column":48}},"3":{"start":{"line":23,"column":4},"end":{"line":25,"column":7}},"4":{"start":{"line":24,"column":6},"end":{"line":24,"column":50}},"5":{"start":{"line":26,"column":4},"end":{"line":28,"column":7}},"6":{"start":{"line":27,"column":6},"end":{"line":27,"column":39}},"7":{"start":{"line":30,"column":4},"end":{"line":46,"column":7}},"8":{"start":{"line":31,"column":6},"end":{"line":45,"column":10}}},"fnMap":{"0":{"name":"(anonymous_0)","decl":{"start":{"line":17,"column":2},"end":{"line":17,"column":3}},"loc":{"start":{"line":17,"column":16},"end":{"line":47,"column":3}},"line":17},"1":{"name":"(anonymous_1)","decl":{"start":{"line":19,"column":38},"end":{"line":19,"column":39}},"loc":{"start":{"line":19,"column":42},"end":{"line":21,"column":5}},"line":19},"2":{"name":"(anonymous_2)","decl":{"start":{"line":23,"column":36},"end":{"line":23,"column":37}},"loc":{"start":{"line":23,"column":40},"end":{"line":25,"column":5}},"line":23},"3":{"name":"(anonymous_3)","decl":{"start":{"line":26,"column":45},"end":{"line":26,"column":46}},"loc":{"start":{"line":26,"column":49},"end":{"line":28,"column":5}},"line":26},"4":{"name":"(anonymous_4)","decl":{"start":{"line":30,"column":48},"end":{"line":30,"column":49}},"loc":{"start":{"line":30,"column":52},"end":{"line":46,"column":5}},"line":30}},"branchMap":{},"s":{"0":72,"1":72,"2":6,"3":72,"4":29,"5":72,"6":15,"7":72,"8":36},"f":{"0":72,"1":6,"2":29,"3":15,"4":36},"b":{},"_coverageSchema":"1a1c01bbd47fc00a2c39e90264f33305004495a9","hash":"0041ff120e98b2e8a5cb191f15caf1895afd89d9"}
,"C:\\Users\\38063\\IdeaProjects\\FileHub3\\js-app\\application\\registry.js": {"path":"C:\\Users\\38063\\IdeaProjects\\FileHub3\\js-app\\application\\registry.js","statementMap":{"0":{"start":{"line":1,"column":27},"end":{"line":1,"column":36}},"1":{"start":{"line":2,"column":23},"end":{"line":2,"column":32}},"2":{"start":{"line":4,"column":24},"end":{"line":22,"column":1}},"3":{"start":{"line":6,"column":4},"end":{"line":6,"column":51}},"4":{"start":{"line":10,"column":4},"end":{"line":12,"column":5}},"5":{"start":{"line":11,"column":6},"end":{"line":11,"column":38}},"6":{"start":{"line":13,"column":34},"end":{"line":13,"column":62}},"7":{"start":{"line":14,"column":4},"end":{"line":16,"column":5}},"8":{"start":{"line":15,"column":6},"end":{"line":15,"column":57}},"9":{"start":{"line":17,"column":21},"end":{"line":17,"column":44}},"10":{"start":{"line":18,"column":4},"end":{"line":18,"column":39}},"11":{"start":{"line":19,"column":4},"end":{"line":19,"column":20}},"12":{"start":{"line":33,"column":2},"end":{"line":37,"column":3}},"13":{"start":{"line":34,"column":4},"end":{"line":36,"column":6}},"14":{"start":{"line":35,"column":6},"end":{"line":35,"column":40}},"15":{"start":{"line":43,"column":2},"end":{"line":43,"column":29}},"16":{"start":{"line":44,"column":2},"end":{"line":44,"column":25}}},"fnMap":{"0":{"name":"(anonymous_0)","decl":{"start":{"line":5,"column":2},"end":{"line":5,"column":3}},"loc":{"start":{"line":5,"column":35},"end":{"line":7,"column":3}},"line":5},"1":{"name":"(anonymous_1)","decl":{"start":{"line":9,"column":2},"end":{"line":9,"column":3}},"loc":{"start":{"line":9,"column":20},"end":{"line":20,"column":3}},"line":9},"2":{"name":"inject","decl":{"start":{"line":32,"column":16},"end":{"line":32,"column":22}},"loc":{"start":{"line":32,"column":45},"end":{"line":38,"column":1}},"line":32},"3":{"name":"(anonymous_3)","decl":{"start":{"line":34,"column":11},"end":{"line":34,"column":12}},"loc":{"start":{"line":34,"column":17},"end":{"line":36,"column":5}},"line":34},"4":{"name":"clearRegistry","decl":{"start":{"line":42,"column":16},"end":{"line":42,"column":29}},"loc":{"start":{"line":42,"column":32},"end":{"line":45,"column":1}},"line":42}},"branchMap":{"0":{"loc":{"start":{"line":10,"column":4},"end":{"line":12,"column":5}},"type":"if","locations":[{"start":{"line":10,"column":4},"end":{"line":12,"column":5}},{"start":{},"end":{}}],"line":10},"1":{"loc":{"start":{"line":14,"column":4},"end":{"line":16,"column":5}},"type":"if","locations":[{"start":{"line":14,"column":4},"end":{"line":16,"column":5}},{"start":{},"end":{}}],"line":14},"2":{"loc":{"start":{"line":33,"column":2},"end":{"line":37,"column":3}},"type":"if","locations":[{"start":{"line":33,"column":2},"end":{"line":37,"column":3}},{"start":{},"end":{}}],"line":33}},"s":{"0":18,"1":18,"2":18,"3":288,"4":158,"5":71,"6":87,"7":87,"8":1,"9":86,"10":86,"11":86,"12":30,"13":30,"14":105,"15":72,"16":72},"f":{"0":288,"1":158,"2":30,"3":105,"4":72},"b":{"0":[71,87],"1":[1,86],"2":[30,0]},"_coverageSchema":"1a1c01bbd47fc00a2c39e90264f33305004495a9","hash":"c661e93d701c4b710fd07740ecb3e02ea6003214"}
,"C:\\Users\\38063\\IdeaProjects\\FileHub3\\js-app\\application\\router.js": {"path":"C:\\Users\\38063\\IdeaProjects\\FileHub3\\js-app\\application\\router.js","statementMap":{"0":{"start":{"line":5,"column":26},"end":{"line":5,"column":28}},"1":{"start":{"line":24,"column":4},"end":{"line":24,"column":41}},"2":{"start":{"line":25,"column":4},"end":{"line":25,"column":36}},"3":{"start":{"line":26,"column":4},"end":{"line":26,"column":52}},"4":{"start":{"line":27,"column":4},"end":{"line":27,"column":46}},"5":{"start":{"line":28,"column":4},"end":{"line":30,"column":7}},"6":{"start":{"line":29,"column":6},"end":{"line":29,"column":64}},"7":{"start":{"line":31,"column":4},"end":{"line":31,"column":62}},"8":{"start":{"line":39,"column":4},"end":{"line":46,"column":5}},"9":{"start":{"line":40,"column":6},"end":{"line":40,"column":33}},"10":{"start":{"line":41,"column":6},"end":{"line":41,"column":41}},"11":{"start":{"line":42,"column":6},"end":{"line":42,"column":13}},"12":{"start":{"line":43,"column":11},"end":{"line":46,"column":5}},"13":{"start":{"line":44,"column":6},"end":{"line":44,"column":39}},"14":{"start":{"line":45,"column":6},"end":{"line":45,"column":13}},"15":{"start":{"line":47,"column":23},"end":{"line":47,"column":55}},"16":{"start":{"line":48,"column":4},"end":{"line":53,"column":5}},"17":{"start":{"line":49,"column":6},"end":{"line":49,"column":51}},"18":{"start":{"line":51,"column":6},"end":{"line":51,"column":31}},"19":{"start":{"line":52,"column":6},"end":{"line":52,"column":13}},"20":{"start":{"line":54,"column":4},"end":{"line":57,"column":5}},"21":{"start":{"line":55,"column":6},"end":{"line":55,"column":49}},"22":{"start":{"line":56,"column":6},"end":{"line":56,"column":74}},"23":{"start":{"line":65,"column":23},"end":{"line":65,"column":38}},"24":{"start":{"line":66,"column":26},"end":{"line":66,"column":28}},"25":{"start":{"line":68,"column":4},"end":{"line":80,"column":7}},"26":{"start":{"line":69,"column":6},"end":{"line":69,"column":58}},"27":{"start":{"line":70,"column":24},"end":{"line":70,"column":55}},"28":{"start":{"line":71,"column":6},"end":{"line":79,"column":9}},"29":{"start":{"line":72,"column":8},"end":{"line":77,"column":9}},"30":{"start":{"line":73,"column":10},"end":{"line":73,"column":77}},"31":{"start":{"line":74,"column":15},"end":{"line":77,"column":9}},"32":{"start":{"line":75,"column":10},"end":{"line":75,"column":46}},"33":{"start":{"line":76,"column":10},"end":{"line":76,"column":23}},"34":{"start":{"line":78,"column":8},"end":{"line":78,"column":20}},"35":{"start":{"line":81,"column":4},"end":{"line":84,"column":6}},"36":{"start":{"line":92,"column":4},"end":{"line":92,"column":38}},"37":{"start":{"line":100,"column":4},"end":{"line":100,"column":37}},"38":{"start":{"line":108,"column":26},"end":{"line":108,"column":28}},"39":{"start":{"line":121,"column":4},"end":{"line":123,"column":5}},"40":{"start":{"line":122,"column":6},"end":{"line":122,"column":49}},"41":{"start":{"line":124,"column":4},"end":{"line":124,"column":51}},"42":{"start":{"line":125,"column":4},"end":{"line":125,"column":16}},"43":{"start":{"line":134,"column":4},"end":{"line":134,"column":52}},"44":{"start":{"line":135,"column":4},"end":{"line":135,"column":16}},"45":{"start":{"line":144,"column":4},"end":{"line":144,"column":29}},"46":{"start":{"line":145,"column":4},"end":{"line":145,"column":16}},"47":{"start":{"line":155,"column":4},"end":{"line":157,"column":5}},"48":{"start":{"line":156,"column":6},"end":{"line":156,"column":48}},"49":{"start":{"line":158,"column":4},"end":{"line":158,"column":37}},"50":{"start":{"line":159,"column":4},"end":{"line":159,"column":16}},"51":{"start":{"line":167,"column":4},"end":{"line":171,"column":30}}},"fnMap":{"0":{"name":"(anonymous_0)","decl":{"start":{"line":23,"column":2},"end":{"line":23,"column":3}},"loc":{"start":{"line":23,"column":75},"end":{"line":32,"column":3}},"line":23},"1":{"name":"(anonymous_1)","decl":{"start":{"line":28,"column":42},"end":{"line":28,"column":43}},"loc":{"start":{"line":28,"column":46},"end":{"line":30,"column":5}},"line":28},"2":{"name":"(anonymous_2)","decl":{"start":{"line":68,"column":52},"end":{"line":68,"column":53}},"loc":{"start":{"line":68,"column":78},"end":{"line":80,"column":5}},"line":68},"3":{"name":"(anonymous_3)","decl":{"start":{"line":71,"column":22},"end":{"line":71,"column":23}},"loc":{"start":{"line":71,"column":45},"end":{"line":79,"column":7}},"line":71},"4":{"name":"(anonymous_4)","decl":{"start":{"line":91,"column":2},"end":{"line":91,"column":3}},"loc":{"start":{"line":91,"column":17},"end":{"line":93,"column":3}},"line":91},"5":{"name":"(anonymous_5)","decl":{"start":{"line":99,"column":2},"end":{"line":99,"column":3}},"loc":{"start":{"line":99,"column":22},"end":{"line":101,"column":3}},"line":99},"6":{"name":"(anonymous_6)","decl":{"start":{"line":120,"column":2},"end":{"line":120,"column":3}},"loc":{"start":{"line":120,"column":29},"end":{"line":126,"column":3}},"line":120},"7":{"name":"(anonymous_7)","decl":{"start":{"line":133,"column":2},"end":{"line":133,"column":3}},"loc":{"start":{"line":133,"column":46},"end":{"line":136,"column":3}},"line":133},"8":{"name":"(anonymous_8)","decl":{"start":{"line":143,"column":2},"end":{"line":143,"column":3}},"loc":{"start":{"line":143,"column":23},"end":{"line":146,"column":3}},"line":143},"9":{"name":"(anonymous_9)","decl":{"start":{"line":154,"column":2},"end":{"line":154,"column":3}},"loc":{"start":{"line":154,"column":31},"end":{"line":160,"column":3}},"line":154},"10":{"name":"(anonymous_10)","decl":{"start":{"line":166,"column":2},"end":{"line":166,"column":3}},"loc":{"start":{"line":166,"column":10},"end":{"line":172,"column":3}},"line":166}},"branchMap":{"0":{"loc":{"start":{"line":39,"column":4},"end":{"line":46,"column":5}},"type":"if","locations":[{"start":{"line":39,"column":4},"end":{"line":46,"column":5}},{"start":{"line":43,"column":11},"end":{"line":46,"column":5}}],"line":39},"1":{"loc":{"start":{"line":43,"column":11},"end":{"line":46,"column":5}},"type":"if","locations":[{"start":{"line":43,"column":11},"end":{"line":46,"column":5}},{"start":{},"end":{}}],"line":43},"2":{"loc":{"start":{"line":48,"column":4},"end":{"line":53,"column":5}},"type":"if","locations":[{"start":{"line":48,"column":4},"end":{"line":53,"column":5}},{"start":{"line":50,"column":11},"end":{"line":53,"column":5}}],"line":48},"3":{"loc":{"start":{"line":54,"column":4},"end":{"line":57,"column":5}},"type":"if","locations":[{"start":{"line":54,"column":4},"end":{"line":57,"column":5}},{"start":{},"end":{}}],"line":54},"4":{"loc":{"start":{"line":72,"column":8},"end":{"line":77,"column":9}},"type":"if","locations":[{"start":{"line":72,"column":8},"end":{"line":77,"column":9}},{"start":{"line":74,"column":15},"end":{"line":77,"column":9}}],"line":72},"5":{"loc":{"start":{"line":73,"column":51},"end":{"line":73,"column":76}},"type":"binary-expr","locations":[{"start":{"line":73,"column":51},"end":{"line":73,"column":68}},{"start":{"line":73,"column":72},"end":{"line":73,"column":76}}],"line":73},"6":{"loc":{"start":{"line":74,"column":15},"end":{"line":77,"column":9}},"type":"if","locations":[{"start":{"line":74,"column":15},"end":{"line":77,"column":9}},{"start":{},"end":{}}],"line":74},"7":{"loc":{"start":{"line":121,"column":4},"end":{"line":123,"column":5}},"type":"if","locations":[{"start":{"line":121,"column":4},"end":{"line":123,"column":5}},{"start":{},"end":{}}],"line":121},"8":{"loc":{"start":{"line":121,"column":8},"end":{"line":121,"column":66}},"type":"binary-expr","locations":[{"start":{"line":121,"column":8},"end":{"line":121,"column":31}},{"start":{"line":121,"column":35},"end":{"line":121,"column":66}}],"line":121},"9":{"loc":{"start":{"line":155,"column":4},"end":{"line":157,"column":5}},"type":"if","locations":[{"start":{"line":155,"column":4},"end":{"line":157,"column":5}},{"start":{},"end":{}}],"line":155}},"s":{"0":1,"1":1,"2":1,"3":1,"4":1,"5":1,"6":5,"7":1,"8":6,"9":2,"10":2,"11":2,"12":4,"13":1,"14":1,"15":3,"16":3,"17":2,"18":1,"19":1,"20":2,"21":1,"22":1,"23":3,"24":3,"25":3,"26":9,"27":9,"28":9,"29":11,"30":2,"31":9,"32":7,"33":7,"34":4,"35":3,"36":1,"37":2,"38":2,"39":4,"40":1,"41":3,"42":3,"43":1,"44":1,"45":1,"46":1,"47":1,"48":0,"49":1,"50":1,"51":1},"f":{"0":1,"1":5,"2":9,"3":11,"4":1,"5":2,"6":4,"7":1,"8":1,"9":1,"10":1},"b":{"0":[2,4],"1":[1,3],"2":[2,1],"3":[1,1],"4":[2,9],"5":[2,0],"6":[7,2],"7":[1,3],"8":[4,3],"9":[0,1]},"_coverageSchema":"1a1c01bbd47fc00a2c39e90264f33305004495a9","hash":"42eb1e7dadb10f44f9d15b6aa11d5bdcb0ced711"}
,"C:\\Users\\38063\\IdeaProjects\\FileHub3\\js-app\\application\\user-data.js": {"path":"C:\\Users\\38063\\IdeaProjects\\FileHub3\\js-app\\application\\user-data.js","statementMap":{"0":{"start":{"line":13,"column":4},"end":{"line":13,"column":24}},"1":{"start":{"line":14,"column":4},"end":{"line":14,"column":30}},"2":{"start":{"line":21,"column":4},"end":{"line":21,"column":23}},"3":{"start":{"line":28,"column":4},"end":{"line":28,"column":26}}},"fnMap":{"0":{"name":"(anonymous_0)","decl":{"start":{"line":12,"column":2},"end":{"line":12,"column":3}},"loc":{"start":{"line":12,"column":31},"end":{"line":15,"column":3}},"line":12},"1":{"name":"(anonymous_1)","decl":{"start":{"line":20,"column":2},"end":{"line":20,"column":3}},"loc":{"start":{"line":20,"column":14},"end":{"line":22,"column":3}},"line":20},"2":{"name":"(anonymous_2)","decl":{"start":{"line":27,"column":2},"end":{"line":27,"column":3}},"loc":{"start":{"line":27,"column":17},"end":{"line":29,"column":3}},"line":27}},"branchMap":{},"s":{"0":22,"1":22,"2":11,"3":11},"f":{"0":22,"1":11,"2":11},"b":{},"_coverageSchema":"1a1c01bbd47fc00a2c39e90264f33305004495a9","hash":"8ad7ff72a8aaa5f1f7facfe6d70d18fe394bd175"}
,"C:\\Users\\38063\\IdeaProjects\\FileHub3\\js-app\\authorization\\authorization-form.js": {"path":"C:\\Users\\38063\\IdeaProjects\\FileHub3\\js-app\\authorization\\authorization-form.js","statementMap":{"0":{"start":{"line":10,"column":21},"end":{"line":10,"column":28}},"1":{"start":{"line":11,"column":24},"end":{"line":11,"column":34}},"2":{"start":{"line":12,"column":24},"end":{"line":12,"column":40}},"3":{"start":{"line":13,"column":26},"end":{"line":13,"column":38}},"4":{"start":{"line":18,"column":12},"end":{"line":18,"column":14}},"5":{"start":{"line":19,"column":18},"end":{"line":19,"column":35}},"6":{"start":{"line":21,"column":10},"end":{"line":21,"column":12}},"7":{"start":{"line":22,"column":13},"end":{"line":22,"column":15}},"8":{"start":{"line":23,"column":22},"end":{"line":26,"column":3}},"9":{"start":{"line":33,"column":4},"end":{"line":33,"column":18}},"10":{"start":{"line":34,"column":4},"end":{"line":34,"column":16}},"11":{"start":{"line":40,"column":17},"end":{"line":46,"column":8}},"12":{"start":{"line":42,"column":21},"end":{"line":42,"column":66}},"13":{"start":{"line":43,"column":8},"end":{"line":45,"column":11}},"14":{"start":{"line":44,"column":10},"end":{"line":44,"column":64}},"15":{"start":{"line":47,"column":4},"end":{"line":56,"column":7}},"16":{"start":{"line":48,"column":6},"end":{"line":55,"column":11}},"17":{"start":{"line":57,"column":4},"end":{"line":67,"column":7}},"18":{"start":{"line":58,"column":6},"end":{"line":66,"column":11}},"19":{"start":{"line":69,"column":4},"end":{"line":77,"column":7}},"20":{"start":{"line":70,"column":6},"end":{"line":70,"column":42}},"21":{"start":{"line":71,"column":6},"end":{"line":71,"column":48}},"22":{"start":{"line":72,"column":6},"end":{"line":76,"column":25}},"23":{"start":{"line":74,"column":24},"end":{"line":74,"column":104}},"24":{"start":{"line":75,"column":10},"end":{"line":75,"column":50}},"25":{"start":{"line":84,"column":4},"end":{"line":84,"column":46}},"26":{"start":{"line":85,"column":4},"end":{"line":85,"column":18}},"27":{"start":{"line":93,"column":4},"end":{"line":95,"column":7}},"28":{"start":{"line":94,"column":6},"end":{"line":94,"column":17}},"29":{"start":{"line":104,"column":4},"end":{"line":107,"column":6}},"30":{"start":{"line":109,"column":6},"end":{"line":113,"column":16}},"31":{"start":{"line":114,"column":4},"end":{"line":125,"column":9}},"32":{"start":{"line":117,"column":40},"end":{"line":122,"column":14}},"33":{"start":{"line":118,"column":22},"end":{"line":118,"column":32}},"34":{"start":{"line":119,"column":29},"end":{"line":119,"column":44}},"35":{"start":{"line":120,"column":10},"end":{"line":120,"column":53}},"36":{"start":{"line":121,"column":10},"end":{"line":121,"column":22}},"37":{"start":{"line":123,"column":8},"end":{"line":123,"column":56}},"38":{"start":{"line":124,"column":8},"end":{"line":124,"column":43}},"39":{"start":{"line":133,"column":4},"end":{"line":135,"column":7}},"40":{"start":{"line":134,"column":6},"end":{"line":134,"column":28}},"41":{"start":{"line":142,"column":4},"end":{"line":142,"column":27}}},"fnMap":{"0":{"name":"(anonymous_0)","decl":{"start":{"line":32,"column":2},"end":{"line":32,"column":3}},"loc":{"start":{"line":32,"column":22},"end":{"line":35,"column":3}},"line":32},"1":{"name":"(anonymous_1)","decl":{"start":{"line":39,"column":2},"end":{"line":39,"column":3}},"loc":{"start":{"line":39,"column":16},"end":{"line":78,"column":3}},"line":39},"2":{"name":"(anonymous_2)","decl":{"start":{"line":41,"column":6},"end":{"line":41,"column":7}},"loc":{"start":{"line":41,"column":14},"end":{"line":46,"column":7}},"line":41},"3":{"name":"(anonymous_3)","decl":{"start":{"line":43,"column":21},"end":{"line":43,"column":22}},"loc":{"start":{"line":43,"column":25},"end":{"line":45,"column":9}},"line":43},"4":{"name":"(anonymous_4)","decl":{"start":{"line":47,"column":18},"end":{"line":47,"column":19}},"loc":{"start":{"line":47,"column":28},"end":{"line":56,"column":5}},"line":47},"5":{"name":"(anonymous_5)","decl":{"start":{"line":57,"column":18},"end":{"line":57,"column":19}},"loc":{"start":{"line":57,"column":28},"end":{"line":67,"column":5}},"line":57},"6":{"name":"(anonymous_6)","decl":{"start":{"line":69,"column":18},"end":{"line":69,"column":19}},"loc":{"start":{"line":69,"column":32},"end":{"line":77,"column":5}},"line":69},"7":{"name":"(anonymous_7)","decl":{"start":{"line":73,"column":15},"end":{"line":73,"column":16}},"loc":{"start":{"line":73,"column":21},"end":{"line":76,"column":9}},"line":73},"8":{"name":"(anonymous_8)","decl":{"start":{"line":76,"column":17},"end":{"line":76,"column":18}},"loc":{"start":{"line":76,"column":21},"end":{"line":76,"column":23}},"line":76},"9":{"name":"(anonymous_9)","decl":{"start":{"line":83,"column":2},"end":{"line":83,"column":3}},"loc":{"start":{"line":83,"column":41},"end":{"line":86,"column":3}},"line":83},"10":{"name":"(anonymous_10)","decl":{"start":{"line":92,"column":2},"end":{"line":92,"column":3}},"loc":{"start":{"line":92,"column":37},"end":{"line":96,"column":3}},"line":92},"11":{"name":"(anonymous_11)","decl":{"start":{"line":93,"column":50},"end":{"line":93,"column":51}},"loc":{"start":{"line":93,"column":54},"end":{"line":95,"column":5}},"line":93},"12":{"name":"(anonymous_12)","decl":{"start":{"line":103,"column":2},"end":{"line":103,"column":3}},"loc":{"start":{"line":103,"column":25},"end":{"line":126,"column":3}},"line":103},"13":{"name":"(anonymous_13)","decl":{"start":{"line":116,"column":13},"end":{"line":116,"column":14}},"loc":{"start":{"line":116,"column":25},"end":{"line":125,"column":7}},"line":116},"14":{"name":"(anonymous_14)","decl":{"start":{"line":117,"column":61},"end":{"line":117,"column":62}},"loc":{"start":{"line":117,"column":76},"end":{"line":122,"column":9}},"line":117},"15":{"name":"(anonymous_15)","decl":{"start":{"line":132,"column":2},"end":{"line":132,"column":3}},"loc":{"start":{"line":132,"column":24},"end":{"line":136,"column":3}},"line":132},"16":{"name":"(anonymous_16)","decl":{"start":{"line":133,"column":52},"end":{"line":133,"column":53}},"loc":{"start":{"line":133,"column":62},"end":{"line":135,"column":5}},"line":133},"17":{"name":"(anonymous_17)","decl":{"start":{"line":141,"column":2},"end":{"line":141,"column":3}},"loc":{"start":{"line":141,"column":11},"end":{"line":143,"column":3}},"line":141}},"branchMap":{"0":{"loc":{"start":{"line":119,"column":29},"end":{"line":119,"column":44}},"type":"binary-expr","locations":[{"start":{"line":119,"column":29},"end":{"line":119,"column":38}},{"start":{"line":119,"column":42},"end":{"line":119,"column":44}}],"line":119}},"s":{"0":2,"1":2,"2":2,"3":2,"4":11,"5":11,"6":11,"7":11,"8":11,"9":11,"10":11,"11":20,"12":60,"13":60,"14":1,"15":20,"16":40,"17":20,"18":20,"19":20,"20":6,"21":6,"22":6,"23":3,"24":3,"25":9,"26":9,"27":5,"28":1,"29":6,"30":6,"31":6,"32":3,"33":9,"34":9,"35":9,"36":9,"37":3,"38":3,"39":6,"40":3,"41":20},"f":{"0":11,"1":20,"2":60,"3":1,"4":40,"5":20,"6":6,"7":3,"8":3,"9":9,"10":5,"11":1,"12":6,"13":3,"14":9,"15":6,"16":3,"17":20},"b":{"0":[9,6]},"_coverageSchema":"1a1c01bbd47fc00a2c39e90264f33305004495a9","hash":"bace3a89cb89169ecab0d17f76011e4659effe12"}
,"C:\\Users\\38063\\IdeaProjects\\FileHub3\\js-app\\authorization\\authorization-page.js": {"path":"C:\\Users\\38063\\IdeaProjects\\FileHub3\\js-app\\authorization\\authorization-page.js","statementMap":{"0":{"start":{"line":5,"column":21},"end":{"line":5,"column":32}},"1":{"start":{"line":14,"column":18},"end":{"line":14,"column":35}},"2":{"start":{"line":23,"column":4},"end":{"line":23,"column":18}},"3":{"start":{"line":24,"column":4},"end":{"line":24,"column":16}},"4":{"start":{"line":25,"column":4},"end":{"line":25,"column":44}},"5":{"start":{"line":32,"column":17},"end":{"line":32,"column":61}},"6":{"start":{"line":33,"column":4},"end":{"line":35,"column":7}},"7":{"start":{"line":34,"column":6},"end":{"line":34,"column":32}},"8":{"start":{"line":36,"column":4},"end":{"line":45,"column":7}},"9":{"start":{"line":37,"column":6},"end":{"line":37,"column":31}},"10":{"start":{"line":38,"column":6},"end":{"line":44,"column":11}},"11":{"start":{"line":40,"column":10},"end":{"line":40,"column":40}},"12":{"start":{"line":43,"column":10},"end":{"line":43,"column":41}},"13":{"start":{"line":53,"column":4},"end":{"line":53,"column":38}},"14":{"start":{"line":60,"column":4},"end":{"line":60,"column":86}},"15":{"start":{"line":60,"column":66},"end":{"line":60,"column":84}},"16":{"start":{"line":61,"column":4},"end":{"line":61,"column":42}},"17":{"start":{"line":68,"column":4},"end":{"line":68,"column":30}},"18":{"start":{"line":69,"column":4},"end":{"line":69,"column":18}},"19":{"start":{"line":75,"column":24},"end":{"line":75,"column":99}},"20":{"start":{"line":76,"column":4},"end":{"line":91,"column":6}}},"fnMap":{"0":{"name":"(anonymous_0)","decl":{"start":{"line":22,"column":2},"end":{"line":22,"column":3}},"loc":{"start":{"line":22,"column":23},"end":{"line":26,"column":3}},"line":22},"1":{"name":"(anonymous_1)","decl":{"start":{"line":31,"column":2},"end":{"line":31,"column":3}},"loc":{"start":{"line":31,"column":16},"end":{"line":46,"column":3}},"line":31},"2":{"name":"(anonymous_2)","decl":{"start":{"line":33,"column":34},"end":{"line":33,"column":35}},"loc":{"start":{"line":33,"column":38},"end":{"line":35,"column":5}},"line":33},"3":{"name":"(anonymous_3)","decl":{"start":{"line":36,"column":21},"end":{"line":36,"column":22}},"loc":{"start":{"line":36,"column":33},"end":{"line":45,"column":5}},"line":36},"4":{"name":"(anonymous_4)","decl":{"start":{"line":39,"column":14},"end":{"line":39,"column":15}},"loc":{"start":{"line":39,"column":18},"end":{"line":41,"column":9}},"line":39},"5":{"name":"(anonymous_5)","decl":{"start":{"line":42,"column":15},"end":{"line":42,"column":16}},"loc":{"start":{"line":42,"column":24},"end":{"line":44,"column":9}},"line":42},"6":{"name":"(anonymous_6)","decl":{"start":{"line":52,"column":2},"end":{"line":52,"column":3}},"loc":{"start":{"line":52,"column":37},"end":{"line":54,"column":3}},"line":52},"7":{"name":"(anonymous_7)","decl":{"start":{"line":59,"column":2},"end":{"line":59,"column":3}},"loc":{"start":{"line":59,"column":21},"end":{"line":62,"column":3}},"line":59},"8":{"name":"(anonymous_8)","decl":{"start":{"line":60,"column":54},"end":{"line":60,"column":55}},"loc":{"start":{"line":60,"column":66},"end":{"line":60,"column":84}},"line":60},"9":{"name":"(anonymous_9)","decl":{"start":{"line":67,"column":2},"end":{"line":67,"column":3}},"loc":{"start":{"line":67,"column":25},"end":{"line":70,"column":3}},"line":67},"10":{"name":"(anonymous_10)","decl":{"start":{"line":74,"column":2},"end":{"line":74,"column":3}},"loc":{"start":{"line":74,"column":11},"end":{"line":92,"column":3}},"line":74}},"branchMap":{"0":{"loc":{"start":{"line":75,"column":24},"end":{"line":75,"column":99}},"type":"cond-expr","locations":[{"start":{"line":75,"column":44},"end":{"line":75,"column":92}},{"start":{"line":75,"column":95},"end":{"line":75,"column":99}}],"line":75},"1":{"loc":{"start":{"line":87,"column":10},"end":{"line":87,"column":27}},"type":"binary-expr","locations":[{"start":{"line":87,"column":10},"end":{"line":87,"column":21}},{"start":{"line":87,"column":25},"end":{"line":87,"column":27}}],"line":87}},"s":{"0":1,"1":4,"2":4,"3":4,"4":4,"5":5,"6":5,"7":1,"8":5,"9":2,"10":2,"11":1,"12":1,"13":1,"14":1,"15":0,"16":1,"17":1,"18":1,"19":5,"20":5},"f":{"0":4,"1":5,"2":1,"3":2,"4":1,"5":1,"6":1,"7":1,"8":0,"9":1,"10":5},"b":{"0":[1,4],"1":[5,4]},"_coverageSchema":"1a1c01bbd47fc00a2c39e90264f33305004495a9","hash":"b9cc0223d0ef3dc964f24d27cd85ac9935bf0a47"}
,"C:\\Users\\38063\\IdeaProjects\\FileHub3\\js-app\\components\\breadcrumb.js": {"path":"C:\\Users\\38063\\IdeaProjects\\FileHub3\\js-app\\components\\breadcrumb.js","statementMap":{"0":{"start":{"line":21,"column":4},"end":{"line":21,"column":18}},"1":{"start":{"line":22,"column":4},"end":{"line":22,"column":32}},"2":{"start":{"line":23,"column":4},"end":{"line":23,"column":28}},"3":{"start":{"line":24,"column":4},"end":{"line":24,"column":22}},"4":{"start":{"line":25,"column":4},"end":{"line":25,"column":16}},"5":{"start":{"line":32,"column":4},"end":{"line":47,"column":7}},"6":{"start":{"line":33,"column":6},"end":{"line":46,"column":7}},"7":{"start":{"line":34,"column":35},"end":{"line":34,"column":75}},"8":{"start":{"line":36,"column":8},"end":{"line":45,"column":9}},"9":{"start":{"line":37,"column":10},"end":{"line":41,"column":11}},"10":{"start":{"line":38,"column":12},"end":{"line":38,"column":56}},"11":{"start":{"line":40,"column":12},"end":{"line":40,"column":61}},"12":{"start":{"line":42,"column":10},"end":{"line":44,"column":13}},"13":{"start":{"line":43,"column":12},"end":{"line":43,"column":54}},"14":{"start":{"line":55,"column":4},"end":{"line":55,"column":62}},"15":{"start":{"line":61,"column":20},"end":{"line":61,"column":22}},"16":{"start":{"line":62,"column":4},"end":{"line":70,"column":7}},"17":{"start":{"line":63,"column":6},"end":{"line":69,"column":7}},"18":{"start":{"line":64,"column":8},"end":{"line":64,"column":76}},"19":{"start":{"line":66,"column":8},"end":{"line":68,"column":23}},"20":{"start":{"line":71,"column":4},"end":{"line":81,"column":5}},"21":{"start":{"line":72,"column":6},"end":{"line":75,"column":25}},"22":{"start":{"line":76,"column":11},"end":{"line":81,"column":5}},"23":{"start":{"line":77,"column":6},"end":{"line":80,"column":23}},"24":{"start":{"line":82,"column":4},"end":{"line":82,"column":39}}},"fnMap":{"0":{"name":"(anonymous_0)","decl":{"start":{"line":20,"column":2},"end":{"line":20,"column":3}},"loc":{"start":{"line":20,"column":48},"end":{"line":26,"column":3}},"line":20},"1":{"name":"(anonymous_1)","decl":{"start":{"line":31,"column":2},"end":{"line":31,"column":3}},"loc":{"start":{"line":31,"column":16},"end":{"line":48,"column":3}},"line":31},"2":{"name":"(anonymous_2)","decl":{"start":{"line":32,"column":24},"end":{"line":32,"column":25}},"loc":{"start":{"line":32,"column":43},"end":{"line":47,"column":5}},"line":32},"3":{"name":"(anonymous_3)","decl":{"start":{"line":42,"column":23},"end":{"line":42,"column":24}},"loc":{"start":{"line":42,"column":28},"end":{"line":44,"column":11}},"line":42},"4":{"name":"(anonymous_4)","decl":{"start":{"line":54,"column":2},"end":{"line":54,"column":3}},"loc":{"start":{"line":54,"column":47},"end":{"line":56,"column":3}},"line":54},"5":{"name":"(anonymous_5)","decl":{"start":{"line":60,"column":2},"end":{"line":60,"column":3}},"loc":{"start":{"line":60,"column":11},"end":{"line":83,"column":3}},"line":60},"6":{"name":"(anonymous_6)","decl":{"start":{"line":62,"column":24},"end":{"line":62,"column":25}},"loc":{"start":{"line":62,"column":43},"end":{"line":70,"column":5}},"line":62}},"branchMap":{"0":{"loc":{"start":{"line":33,"column":6},"end":{"line":46,"column":7}},"type":"if","locations":[{"start":{"line":33,"column":6},"end":{"line":46,"column":7}},{"start":{},"end":{}}],"line":33},"1":{"loc":{"start":{"line":36,"column":8},"end":{"line":45,"column":9}},"type":"if","locations":[{"start":{"line":36,"column":8},"end":{"line":45,"column":9}},{"start":{},"end":{}}],"line":36},"2":{"loc":{"start":{"line":37,"column":10},"end":{"line":41,"column":11}},"type":"if","locations":[{"start":{"line":37,"column":10},"end":{"line":41,"column":11}},{"start":{"line":39,"column":17},"end":{"line":41,"column":11}}],"line":37},"3":{"loc":{"start":{"line":63,"column":6},"end":{"line":69,"column":7}},"type":"if","locations":[{"start":{"line":63,"column":6},"end":{"line":69,"column":7}},{"start":{"line":65,"column":13},"end":{"line":69,"column":7}}],"line":63},"4":{"loc":{"start":{"line":71,"column":4},"end":{"line":81,"column":5}},"type":"if","locations":[{"start":{"line":71,"column":4},"end":{"line":81,"column":5}},{"start":{"line":76,"column":11},"end":{"line":81,"column":5}}],"line":71},"5":{"loc":{"start":{"line":76,"column":11},"end":{"line":81,"column":5}},"type":"if","locations":[{"start":{"line":76,"column":11},"end":{"line":81,"column":5}},{"start":{},"end":{}}],"line":76}},"s":{"0":5,"1":5,"2":5,"3":5,"4":5,"5":5,"6":9,"7":6,"8":6,"9":4,"10":2,"11":2,"12":4,"13":1,"14":2,"15":5,"16":5,"17":9,"18":6,"19":3,"20":5,"21":2,"22":3,"23":1,"24":5},"f":{"0":5,"1":5,"2":9,"3":1,"4":2,"5":5,"6":9},"b":{"0":[6,3],"1":[4,2],"2":[2,2],"3":[6,3],"4":[2,3],"5":[1,2]},"_coverageSchema":"1a1c01bbd47fc00a2c39e90264f33305004495a9","hash":"a1f0475b4fa6cb5a254be833274906f7ff446c8b"}
,"C:\\Users\\38063\\IdeaProjects\\FileHub3\\js-app\\components\\button-panel.js": {"path":"C:\\Users\\38063\\IdeaProjects\\FileHub3\\js-app\\components\\button-panel.js","statementMap":{"0":{"start":{"line":4,"column":21},"end":{"line":4,"column":35}},"1":{"start":{"line":9,"column":20},"end":{"line":9,"column":37}},"2":{"start":{"line":18,"column":6},"end":{"line":18,"column":20}},"3":{"start":{"line":19,"column":6},"end":{"line":19,"column":46}},"4":{"start":{"line":20,"column":6},"end":{"line":20,"column":42}},"5":{"start":{"line":21,"column":6},"end":{"line":21,"column":18}},"6":{"start":{"line":29,"column":31},"end":{"line":29,"column":60}},"7":{"start":{"line":31,"column":6},"end":{"line":49,"column":7}},"8":{"start":{"line":32,"column":8},"end":{"line":37,"column":18}},"9":{"start":{"line":38,"column":13},"end":{"line":49,"column":7}},"10":{"start":{"line":39,"column":8},"end":{"line":43,"column":30}},"11":{"start":{"line":45,"column":8},"end":{"line":48,"column":83}},"12":{"start":{"line":51,"column":6},"end":{"line":53,"column":9}},"13":{"start":{"line":52,"column":8},"end":{"line":52,"column":66}},"14":{"start":{"line":61,"column":6},"end":{"line":63,"column":9}},"15":{"start":{"line":62,"column":8},"end":{"line":62,"column":19}},"16":{"start":{"line":70,"column":6},"end":{"line":76,"column":20}}},"fnMap":{"0":{"name":"(anonymous_0)","decl":{"start":{"line":17,"column":4},"end":{"line":17,"column":5}},"loc":{"start":{"line":17,"column":56},"end":{"line":22,"column":5}},"line":17},"1":{"name":"(anonymous_1)","decl":{"start":{"line":28,"column":4},"end":{"line":28,"column":5}},"loc":{"start":{"line":28,"column":18},"end":{"line":54,"column":5}},"line":28},"2":{"name":"(anonymous_2)","decl":{"start":{"line":51,"column":27},"end":{"line":51,"column":28}},"loc":{"start":{"line":51,"column":31},"end":{"line":53,"column":7}},"line":51},"3":{"name":"(anonymous_3)","decl":{"start":{"line":60,"column":4},"end":{"line":60,"column":5}},"loc":{"start":{"line":60,"column":23},"end":{"line":64,"column":5}},"line":60},"4":{"name":"(anonymous_4)","decl":{"start":{"line":61,"column":56},"end":{"line":61,"column":57}},"loc":{"start":{"line":61,"column":62},"end":{"line":63,"column":7}},"line":61},"5":{"name":"(anonymous_5)","decl":{"start":{"line":69,"column":4},"end":{"line":69,"column":5}},"loc":{"start":{"line":69,"column":13},"end":{"line":77,"column":5}},"line":69}},"branchMap":{"0":{"loc":{"start":{"line":31,"column":6},"end":{"line":49,"column":7}},"type":"if","locations":[{"start":{"line":31,"column":6},"end":{"line":49,"column":7}},{"start":{"line":38,"column":13},"end":{"line":49,"column":7}}],"line":31},"1":{"loc":{"start":{"line":38,"column":13},"end":{"line":49,"column":7}},"type":"if","locations":[{"start":{"line":38,"column":13},"end":{"line":49,"column":7}},{"start":{"line":44,"column":13},"end":{"line":49,"column":7}}],"line":38}},"s":{"0":3,"1":6,"2":6,"3":6,"4":6,"5":6,"6":6,"7":6,"8":1,"9":5,"10":1,"11":4,"12":6,"13":2,"14":3,"15":2,"16":6},"f":{"0":6,"1":6,"2":2,"3":3,"4":2,"5":6},"b":{"0":[1,5],"1":[1,4]},"_coverageSchema":"1a1c01bbd47fc00a2c39e90264f33305004495a9","hash":"9d51a18731f933a26ae6a649ad41445ed7c97618"}
,"C:\\Users\\38063\\IdeaProjects\\FileHub3\\js-app\\components\\button.js": {"path":"C:\\Users\\38063\\IdeaProjects\\FileHub3\\js-app\\components\\button.js","statementMap":{"0":{"start":{"line":3,"column":21},"end":{"line":3,"column":35}},"1":{"start":{"line":10,"column":10},"end":{"line":10,"column":19}},"2":{"start":{"line":11,"column":16},"end":{"line":11,"column":21}},"3":{"start":{"line":12,"column":18},"end":{"line":12,"column":35}},"4":{"start":{"line":22,"column":4},"end":{"line":22,"column":18}},"5":{"start":{"line":23,"column":4},"end":{"line":23,"column":24}},"6":{"start":{"line":24,"column":4},"end":{"line":24,"column":22}},"7":{"start":{"line":25,"column":4},"end":{"line":25,"column":22}},"8":{"start":{"line":26,"column":4},"end":{"line":26,"column":34}},"9":{"start":{"line":27,"column":4},"end":{"line":27,"column":16}},"10":{"start":{"line":33,"column":4},"end":{"line":35,"column":7}},"11":{"start":{"line":34,"column":6},"end":{"line":34,"column":64}},"12":{"start":{"line":41,"column":4},"end":{"line":41,"column":22}},"13":{"start":{"line":48,"column":4},"end":{"line":48,"column":64}},"14":{"start":{"line":54,"column":17},"end":{"line":54,"column":27}},"15":{"start":{"line":55,"column":21},"end":{"line":55,"column":56}},"16":{"start":{"line":57,"column":4},"end":{"line":57,"column":158}}},"fnMap":{"0":{"name":"(anonymous_0)","decl":{"start":{"line":21,"column":2},"end":{"line":21,"column":3}},"loc":{"start":{"line":21,"column":53},"end":{"line":28,"column":3}},"line":21},"1":{"name":"(anonymous_1)","decl":{"start":{"line":32,"column":2},"end":{"line":32,"column":3}},"loc":{"start":{"line":32,"column":16},"end":{"line":36,"column":3}},"line":32},"2":{"name":"(anonymous_2)","decl":{"start":{"line":33,"column":47},"end":{"line":33,"column":48}},"loc":{"start":{"line":33,"column":51},"end":{"line":35,"column":5}},"line":33},"3":{"name":"(anonymous_3)","decl":{"start":{"line":40,"column":2},"end":{"line":40,"column":3}},"loc":{"start":{"line":40,"column":14},"end":{"line":42,"column":3}},"line":40},"4":{"name":"(anonymous_4)","decl":{"start":{"line":47,"column":2},"end":{"line":47,"column":3}},"loc":{"start":{"line":47,"column":20},"end":{"line":49,"column":3}},"line":47},"5":{"name":"(anonymous_5)","decl":{"start":{"line":53,"column":2},"end":{"line":53,"column":3}},"loc":{"start":{"line":53,"column":11},"end":{"line":58,"column":3}},"line":53}},"branchMap":{"0":{"loc":{"start":{"line":55,"column":21},"end":{"line":55,"column":56}},"type":"cond-expr","locations":[{"start":{"line":55,"column":40},"end":{"line":55,"column":51}},{"start":{"line":55,"column":54},"end":{"line":55,"column":56}}],"line":55},"1":{"loc":{"start":{"line":57,"column":36},"end":{"line":57,"column":59}},"type":"binary-expr","locations":[{"start":{"line":57,"column":36},"end":{"line":57,"column":46}},{"start":{"line":57,"column":50},"end":{"line":57,"column":59}}],"line":57}},"s":{"0":11,"1":178,"2":178,"3":178,"4":178,"5":178,"6":178,"7":178,"8":178,"9":178,"10":178,"11":18,"12":180,"13":18,"14":179,"15":179,"16":179},"f":{"0":178,"1":178,"2":18,"3":180,"4":18,"5":179},"b":{"0":[5,174],"1":[179,165]},"_coverageSchema":"1a1c01bbd47fc00a2c39e90264f33305004495a9","hash":"b07c7eefe161b36935037abdd46fc715363936b0"}
,"C:\\Users\\38063\\IdeaProjects\\FileHub3\\js-app\\components\\component.js": {"path":"C:\\Users\\38063\\IdeaProjects\\FileHub3\\js-app\\components\\component.js","statementMap":{"0":{"start":{"line":7,"column":15},"end":{"line":7,"column":17}},"1":{"start":{"line":8,"column":26},"end":{"line":8,"column":31}},"2":{"start":{"line":14,"column":4},"end":{"line":14,"column":32}},"3":{"start":{"line":25,"column":4},"end":{"line":25,"column":38}},"4":{"start":{"line":26,"column":4},"end":{"line":26,"column":18}},"5":{"start":{"line":41,"column":4},"end":{"line":43,"column":5}},"6":{"start":{"line":42,"column":6},"end":{"line":42,"column":30}},"7":{"start":{"line":44,"column":4},"end":{"line":44,"column":65}},"8":{"start":{"line":53,"column":4},"end":{"line":53,"column":45}},"9":{"start":{"line":61,"column":4},"end":{"line":61,"column":35}},"10":{"start":{"line":68,"column":4},"end":{"line":68,"column":27}},"11":{"start":{"line":76,"column":4},"end":{"line":79,"column":5}},"12":{"start":{"line":77,"column":6},"end":{"line":77,"column":28}},"13":{"start":{"line":78,"column":6},"end":{"line":78,"column":25}},"14":{"start":{"line":88,"column":4},"end":{"line":88,"column":31}},"15":{"start":{"line":99,"column":29},"end":{"line":99,"column":46}},"16":{"start":{"line":100,"column":23},"end":{"line":100,"column":47}},"17":{"start":{"line":101,"column":4},"end":{"line":105,"column":5}},"18":{"start":{"line":102,"column":6},"end":{"line":102,"column":49}},"19":{"start":{"line":104,"column":6},"end":{"line":104,"column":47}},"20":{"start":{"line":106,"column":4},"end":{"line":106,"column":34}},"21":{"start":{"line":118,"column":24},"end":{"line":118,"column":58}},"22":{"start":{"line":119,"column":4},"end":{"line":119,"column":42}},"23":{"start":{"line":120,"column":4},"end":{"line":120,"column":49}}},"fnMap":{"0":{"name":"(anonymous_0)","decl":{"start":{"line":13,"column":2},"end":{"line":13,"column":3}},"loc":{"start":{"line":13,"column":22},"end":{"line":15,"column":3}},"line":13},"1":{"name":"(anonymous_1)","decl":{"start":{"line":19,"column":2},"end":{"line":19,"column":3}},"loc":{"start":{"line":19,"column":12},"end":{"line":19,"column":14}},"line":19},"2":{"name":"(anonymous_2)","decl":{"start":{"line":24,"column":2},"end":{"line":24,"column":3}},"loc":{"start":{"line":24,"column":9},"end":{"line":27,"column":3}},"line":24},"3":{"name":"(anonymous_3)","decl":{"start":{"line":32,"column":2},"end":{"line":32,"column":3}},"loc":{"start":{"line":32,"column":11},"end":{"line":32,"column":13}},"line":32},"4":{"name":"(anonymous_4)","decl":{"start":{"line":40,"column":2},"end":{"line":40,"column":3}},"loc":{"start":{"line":40,"column":16},"end":{"line":45,"column":3}},"line":40},"5":{"name":"(anonymous_5)","decl":{"start":{"line":52,"column":2},"end":{"line":52,"column":3}},"loc":{"start":{"line":52,"column":16},"end":{"line":54,"column":3}},"line":52},"6":{"name":"(anonymous_6)","decl":{"start":{"line":60,"column":2},"end":{"line":60,"column":3}},"loc":{"start":{"line":60,"column":25},"end":{"line":62,"column":3}},"line":60},"7":{"name":"(anonymous_7)","decl":{"start":{"line":67,"column":2},"end":{"line":67,"column":3}},"loc":{"start":{"line":67,"column":18},"end":{"line":69,"column":3}},"line":67},"8":{"name":"(anonymous_8)","decl":{"start":{"line":75,"column":2},"end":{"line":75,"column":3}},"loc":{"start":{"line":75,"column":11},"end":{"line":80,"column":3}},"line":75},"9":{"name":"(anonymous_9)","decl":{"start":{"line":87,"column":2},"end":{"line":87,"column":3}},"loc":{"start":{"line":87,"column":20},"end":{"line":89,"column":3}},"line":87},"10":{"name":"(anonymous_10)","decl":{"start":{"line":93,"column":2},"end":{"line":93,"column":3}},"loc":{"start":{"line":93,"column":16},"end":{"line":94,"column":3}},"line":93}},"branchMap":{"0":{"loc":{"start":{"line":41,"column":4},"end":{"line":43,"column":5}},"type":"if","locations":[{"start":{"line":41,"column":4},"end":{"line":43,"column":5}},{"start":{},"end":{}}],"line":41},"1":{"loc":{"start":{"line":76,"column":4},"end":{"line":79,"column":5}},"type":"if","locations":[{"start":{"line":76,"column":4},"end":{"line":79,"column":5}},{"start":{},"end":{}}],"line":76},"2":{"loc":{"start":{"line":101,"column":4},"end":{"line":105,"column":5}},"type":"if","locations":[{"start":{"line":101,"column":4},"end":{"line":105,"column":5}},{"start":{"line":103,"column":11},"end":{"line":105,"column":5}}],"line":101}},"s":{"0":813,"1":813,"2":813,"3":818,"4":818,"5":955,"6":35,"7":920,"8":676,"9":1,"10":1,"11":1141,"12":1102,"13":1102,"14":1070,"15":1102,"16":1102,"17":1102,"18":813,"19":289,"20":1102,"21":1102,"22":1102,"23":1102},"f":{"0":813,"1":0,"2":818,"3":0,"4":955,"5":676,"6":1,"7":1,"8":1141,"9":1070,"10":209},"b":{"0":[35,920],"1":[1102,39],"2":[813,289]},"_coverageSchema":"1a1c01bbd47fc00a2c39e90264f33305004495a9","hash":"a3dcad5d3041cce71b0cb2d22fc12f4544ea5baa"}
,"C:\\Users\\38063\\IdeaProjects\\FileHub3\\js-app\\components\\delete-modal-window.js": {"path":"C:\\Users\\38063\\IdeaProjects\\FileHub3\\js-app\\components\\delete-modal-window.js","statementMap":{"0":{"start":{"line":4,"column":21},"end":{"line":4,"column":35}},"1":{"start":{"line":5,"column":21},"end":{"line":5,"column":35}},"2":{"start":{"line":14,"column":18},"end":{"line":14,"column":35}},"3":{"start":{"line":24,"column":4},"end":{"line":24,"column":18}},"4":{"start":{"line":25,"column":4},"end":{"line":25,"column":22}},"5":{"start":{"line":26,"column":4},"end":{"line":26,"column":46}},"6":{"start":{"line":27,"column":4},"end":{"line":27,"column":40}},"7":{"start":{"line":28,"column":4},"end":{"line":28,"column":16}},"8":{"start":{"line":35,"column":29},"end":{"line":35,"column":58}},"9":{"start":{"line":36,"column":29},"end":{"line":36,"column":58}},"10":{"start":{"line":37,"column":4},"end":{"line":64,"column":5}},"11":{"start":{"line":38,"column":27},"end":{"line":38,"column":109}},"12":{"start":{"line":39,"column":6},"end":{"line":41,"column":9}},"13":{"start":{"line":40,"column":8},"end":{"line":40,"column":66}},"14":{"start":{"line":43,"column":6},"end":{"line":55,"column":7}},"15":{"start":{"line":44,"column":8},"end":{"line":48,"column":47}},"16":{"start":{"line":50,"column":8},"end":{"line":54,"column":22}},"17":{"start":{"line":56,"column":6},"end":{"line":58,"column":9}},"18":{"start":{"line":57,"column":8},"end":{"line":57,"column":66}},"19":{"start":{"line":59,"column":24},"end":{"line":59,"column":80}},"20":{"start":{"line":60,"column":6},"end":{"line":63,"column":9}},"21":{"start":{"line":61,"column":8},"end":{"line":61,"column":27}},"22":{"start":{"line":62,"column":8},"end":{"line":62,"column":66}},"23":{"start":{"line":71,"column":4},"end":{"line":71,"column":72}},"24":{"start":{"line":78,"column":4},"end":{"line":78,"column":72}},"25":{"start":{"line":86,"column":4},"end":{"line":88,"column":5}},"26":{"start":{"line":87,"column":6},"end":{"line":87,"column":72}},"27":{"start":{"line":89,"column":4},"end":{"line":109,"column":5}},"28":{"start":{"line":90,"column":6},"end":{"line":106,"column":15}},"29":{"start":{"line":108,"column":6},"end":{"line":108,"column":27}}},"fnMap":{"0":{"name":"(anonymous_0)","decl":{"start":{"line":23,"column":2},"end":{"line":23,"column":3}},"loc":{"start":{"line":23,"column":61},"end":{"line":29,"column":3}},"line":23},"1":{"name":"(anonymous_1)","decl":{"start":{"line":34,"column":2},"end":{"line":34,"column":3}},"loc":{"start":{"line":34,"column":16},"end":{"line":65,"column":3}},"line":34},"2":{"name":"(anonymous_2)","decl":{"start":{"line":39,"column":27},"end":{"line":39,"column":28}},"loc":{"start":{"line":39,"column":31},"end":{"line":41,"column":7}},"line":39},"3":{"name":"(anonymous_3)","decl":{"start":{"line":56,"column":27},"end":{"line":56,"column":28}},"loc":{"start":{"line":56,"column":31},"end":{"line":58,"column":7}},"line":56},"4":{"name":"(anonymous_4)","decl":{"start":{"line":60,"column":42},"end":{"line":60,"column":43}},"loc":{"start":{"line":60,"column":47},"end":{"line":63,"column":7}},"line":60},"5":{"name":"(anonymous_5)","decl":{"start":{"line":70,"column":2},"end":{"line":70,"column":3}},"loc":{"start":{"line":70,"column":41},"end":{"line":72,"column":3}},"line":70},"6":{"name":"(anonymous_6)","decl":{"start":{"line":77,"column":2},"end":{"line":77,"column":3}},"loc":{"start":{"line":77,"column":41},"end":{"line":79,"column":3}},"line":77},"7":{"name":"(anonymous_7)","decl":{"start":{"line":84,"column":2},"end":{"line":84,"column":3}},"loc":{"start":{"line":84,"column":11},"end":{"line":110,"column":3}},"line":84}},"branchMap":{"0":{"loc":{"start":{"line":37,"column":4},"end":{"line":64,"column":5}},"type":"if","locations":[{"start":{"line":37,"column":4},"end":{"line":64,"column":5}},{"start":{},"end":{}}],"line":37},"1":{"loc":{"start":{"line":37,"column":8},"end":{"line":37,"column":44}},"type":"binary-expr","locations":[{"start":{"line":37,"column":8},"end":{"line":37,"column":24}},{"start":{"line":37,"column":28},"end":{"line":37,"column":44}}],"line":37},"2":{"loc":{"start":{"line":43,"column":6},"end":{"line":55,"column":7}},"type":"if","locations":[{"start":{"line":43,"column":6},"end":{"line":55,"column":7}},{"start":{"line":49,"column":13},"end":{"line":55,"column":7}}],"line":43},"3":{"loc":{"start":{"line":86,"column":4},"end":{"line":88,"column":5}},"type":"if","locations":[{"start":{"line":86,"column":4},"end":{"line":88,"column":5}},{"start":{},"end":{}}],"line":86},"4":{"loc":{"start":{"line":89,"column":4},"end":{"line":109,"column":5}},"type":"if","locations":[{"start":{"line":89,"column":4},"end":{"line":109,"column":5}},{"start":{"line":107,"column":11},"end":{"line":109,"column":5}}],"line":89},"5":{"loc":{"start":{"line":100,"column":15},"end":{"line":100,"column":27}},"type":"binary-expr","locations":[{"start":{"line":100,"column":15},"end":{"line":100,"column":21}},{"start":{"line":100,"column":25},"end":{"line":100,"column":27}}],"line":100}},"s":{"0":2,"1":2,"2":7,"3":7,"4":7,"5":7,"6":7,"7":7,"8":7,"9":7,"10":7,"11":6,"12":6,"13":1,"14":6,"15":2,"16":4,"17":6,"18":1,"19":6,"20":6,"21":1,"22":1,"23":1,"24":2,"25":7,"26":1,"27":7,"28":6,"29":1},"f":{"0":7,"1":7,"2":1,"3":1,"4":1,"5":1,"6":2,"7":7},"b":{"0":[6,1],"1":[7,6],"2":[2,4],"3":[1,6],"4":[6,1],"5":[6,5]},"_coverageSchema":"1a1c01bbd47fc00a2c39e90264f33305004495a9","hash":"d06558562ad44f2c29b8ac50ac25a0f010310e30"}
,"C:\\Users\\38063\\IdeaProjects\\FileHub3\\js-app\\components\\form-control.js": {"path":"C:\\Users\\38063\\IdeaProjects\\FileHub3\\js-app\\components\\form-control.js","statementMap":{"0":{"start":{"line":11,"column":10},"end":{"line":11,"column":16}},"1":{"start":{"line":14,"column":8},"end":{"line":14,"column":20}},"2":{"start":{"line":15,"column":11},"end":{"line":15,"column":13}},"3":{"start":{"line":39,"column":4},"end":{"line":39,"column":18}},"4":{"start":{"line":40,"column":4},"end":{"line":40,"column":32}},"5":{"start":{"line":41,"column":4},"end":{"line":41,"column":22}},"6":{"start":{"line":42,"column":4},"end":{"line":42,"column":22}},"7":{"start":{"line":43,"column":4},"end":{"line":43,"column":36}},"8":{"start":{"line":44,"column":4},"end":{"line":44,"column":40}},"9":{"start":{"line":45,"column":4},"end":{"line":45,"column":24}},"10":{"start":{"line":46,"column":4},"end":{"line":46,"column":16}},"11":{"start":{"line":53,"column":4},"end":{"line":53,"column":29}},"12":{"start":{"line":54,"column":4},"end":{"line":54,"column":18}},"13":{"start":{"line":60,"column":4},"end":{"line":60,"column":22}},"14":{"start":{"line":66,"column":26},"end":{"line":68,"column":16}},"15":{"start":{"line":66,"column":62},"end":{"line":68,"column":5}},"16":{"start":{"line":69,"column":4},"end":{"line":78,"column":6}}},"fnMap":{"0":{"name":"(anonymous_0)","decl":{"start":{"line":31,"column":2},"end":{"line":31,"column":3}},"loc":{"start":{"line":38,"column":5},"end":{"line":47,"column":3}},"line":38},"1":{"name":"(anonymous_1)","decl":{"start":{"line":52,"column":2},"end":{"line":52,"column":3}},"loc":{"start":{"line":52,"column":25},"end":{"line":55,"column":3}},"line":52},"2":{"name":"(anonymous_2)","decl":{"start":{"line":59,"column":2},"end":{"line":59,"column":3}},"loc":{"start":{"line":59,"column":13},"end":{"line":61,"column":3}},"line":59},"3":{"name":"(anonymous_3)","decl":{"start":{"line":65,"column":2},"end":{"line":65,"column":3}},"loc":{"start":{"line":65,"column":11},"end":{"line":79,"column":3}},"line":65},"4":{"name":"(anonymous_4)","decl":{"start":{"line":66,"column":51},"end":{"line":66,"column":52}},"loc":{"start":{"line":66,"column":62},"end":{"line":68,"column":5}},"line":66}},"branchMap":{"0":{"loc":{"start":{"line":33,"column":4},"end":{"line":33,"column":17}},"type":"default-arg","locations":[{"start":{"line":33,"column":11},"end":{"line":33,"column":17}}],"line":33},"1":{"loc":{"start":{"line":35,"column":4},"end":{"line":35,"column":20}},"type":"default-arg","locations":[{"start":{"line":35,"column":18},"end":{"line":35,"column":20}}],"line":35},"2":{"loc":{"start":{"line":37,"column":4},"end":{"line":37,"column":14}},"type":"default-arg","locations":[{"start":{"line":37,"column":12},"end":{"line":37,"column":14}}],"line":37},"3":{"loc":{"start":{"line":73,"column":39},"end":{"line":73,"column":73}},"type":"cond-expr","locations":[{"start":{"line":73,"column":55},"end":{"line":73,"column":68}},{"start":{"line":73,"column":71},"end":{"line":73,"column":73}}],"line":73},"4":{"loc":{"start":{"line":75,"column":14},"end":{"line":75,"column":33}},"type":"binary-expr","locations":[{"start":{"line":75,"column":14},"end":{"line":75,"column":27}},{"start":{"line":75,"column":31},"end":{"line":75,"column":33}}],"line":75}},"s":{"0":202,"1":202,"2":202,"3":202,"4":202,"5":202,"6":202,"7":202,"8":202,"9":202,"10":202,"11":1,"12":1,"13":1,"14":203,"15":44,"16":203},"f":{"0":202,"1":1,"2":1,"3":203,"4":44},"b":{"0":[113],"1":[1],"2":[4],"3":[29,174],"4":[203,8]},"_coverageSchema":"1a1c01bbd47fc00a2c39e90264f33305004495a9","hash":"43077bc7b3e905e13bd8ccd8bd5eecb9501a6e02"}
,"C:\\Users\\38063\\IdeaProjects\\FileHub3\\js-app\\components\\form.js": {"path":"C:\\Users\\38063\\IdeaProjects\\FileHub3\\js-app\\components\\form.js","statementMap":{"0":{"start":{"line":4,"column":21},"end":{"line":4,"column":35}},"1":{"start":{"line":10,"column":19},"end":{"line":10,"column":21}},"2":{"start":{"line":12,"column":18},"end":{"line":12,"column":35}},"3":{"start":{"line":20,"column":4},"end":{"line":20,"column":18}},"4":{"start":{"line":21,"column":4},"end":{"line":21,"column":34}},"5":{"start":{"line":22,"column":4},"end":{"line":22,"column":36}},"6":{"start":{"line":23,"column":4},"end":{"line":23,"column":16}},"7":{"start":{"line":30,"column":23},"end":{"line":30,"column":45}},"8":{"start":{"line":31,"column":4},"end":{"line":31,"column":63}},"9":{"start":{"line":32,"column":23},"end":{"line":32,"column":45}},"10":{"start":{"line":33,"column":4},"end":{"line":35,"column":7}},"11":{"start":{"line":34,"column":6},"end":{"line":34,"column":26}},"12":{"start":{"line":36,"column":21},"end":{"line":36,"column":41}},"13":{"start":{"line":37,"column":4},"end":{"line":37,"column":34}},"14":{"start":{"line":39,"column":4},"end":{"line":42,"column":7}},"15":{"start":{"line":40,"column":6},"end":{"line":40,"column":25}},"16":{"start":{"line":41,"column":6},"end":{"line":41,"column":64}},"17":{"start":{"line":50,"column":4},"end":{"line":50,"column":43}},"18":{"start":{"line":51,"column":4},"end":{"line":51,"column":18}},"19":{"start":{"line":59,"column":4},"end":{"line":62,"column":7}},"20":{"start":{"line":60,"column":23},"end":{"line":60,"column":53}},"21":{"start":{"line":61,"column":6},"end":{"line":61,"column":25}},"22":{"start":{"line":68,"column":4},"end":{"line":76,"column":17}}},"fnMap":{"0":{"name":"(anonymous_0)","decl":{"start":{"line":19,"column":2},"end":{"line":19,"column":3}},"loc":{"start":{"line":19,"column":48},"end":{"line":24,"column":3}},"line":19},"1":{"name":"(anonymous_1)","decl":{"start":{"line":29,"column":2},"end":{"line":29,"column":3}},"loc":{"start":{"line":29,"column":16},"end":{"line":43,"column":3}},"line":29},"2":{"name":"(anonymous_2)","decl":{"start":{"line":33,"column":33},"end":{"line":33,"column":34}},"loc":{"start":{"line":33,"column":44},"end":{"line":35,"column":5}},"line":33},"3":{"name":"(anonymous_3)","decl":{"start":{"line":39,"column":48},"end":{"line":39,"column":49}},"loc":{"start":{"line":39,"column":53},"end":{"line":42,"column":5}},"line":39},"4":{"name":"(anonymous_4)","decl":{"start":{"line":49,"column":2},"end":{"line":49,"column":3}},"loc":{"start":{"line":49,"column":25},"end":{"line":52,"column":3}},"line":49},"5":{"name":"(anonymous_5)","decl":{"start":{"line":58,"column":2},"end":{"line":58,"column":3}},"loc":{"start":{"line":58,"column":21},"end":{"line":63,"column":3}},"line":58},"6":{"name":"(anonymous_6)","decl":{"start":{"line":59,"column":54},"end":{"line":59,"column":55}},"loc":{"start":{"line":59,"column":58},"end":{"line":62,"column":5}},"line":59},"7":{"name":"(anonymous_7)","decl":{"start":{"line":67,"column":2},"end":{"line":67,"column":3}},"loc":{"start":{"line":67,"column":11},"end":{"line":77,"column":3}},"line":67}},"branchMap":{},"s":{"0":5,"1":47,"2":47,"3":47,"4":47,"5":47,"6":47,"7":159,"8":159,"9":159,"10":159,"11":202,"12":159,"13":159,"14":159,"15":14,"16":14,"17":112,"18":112,"19":44,"20":14,"21":14,"22":159},"f":{"0":47,"1":159,"2":202,"3":14,"4":112,"5":44,"6":14,"7":159},"b":{},"_coverageSchema":"1a1c01bbd47fc00a2c39e90264f33305004495a9","hash":"f8d6fd7e0c59907bc1eabe6c209ee493a092998d"}
,"C:\\Users\\38063\\IdeaProjects\\FileHub3\\js-app\\components\\link.js": {"path":"C:\\Users\\38063\\IdeaProjects\\FileHub3\\js-app\\components\\link.js","statementMap":{"0":{"start":{"line":3,"column":19},"end":{"line":3,"column":31}},"1":{"start":{"line":9,"column":18},"end":{"line":9,"column":35}},"2":{"start":{"line":16,"column":4},"end":{"line":16,"column":18}},"3":{"start":{"line":17,"column":4},"end":{"line":17,"column":22}},"4":{"start":{"line":18,"column":4},"end":{"line":18,"column":16}},"5":{"start":{"line":26,"column":4},"end":{"line":26,"column":27}},"6":{"start":{"line":27,"column":4},"end":{"line":27,"column":18}},"7":{"start":{"line":34,"column":4},"end":{"line":37,"column":7}},"8":{"start":{"line":35,"column":6},"end":{"line":35,"column":25}},"9":{"start":{"line":36,"column":6},"end":{"line":36,"column":62}},"10":{"start":{"line":45,"column":4},"end":{"line":47,"column":7}},"11":{"start":{"line":46,"column":6},"end":{"line":46,"column":17}},"12":{"start":{"line":54,"column":4},"end":{"line":54,"column":117}}},"fnMap":{"0":{"name":"(anonymous_0)","decl":{"start":{"line":15,"column":2},"end":{"line":15,"column":3}},"loc":{"start":{"line":15,"column":28},"end":{"line":19,"column":3}},"line":15},"1":{"name":"(anonymous_1)","decl":{"start":{"line":25,"column":2},"end":{"line":25,"column":3}},"loc":{"start":{"line":25,"column":21},"end":{"line":28,"column":3}},"line":25},"2":{"name":"(anonymous_2)","decl":{"start":{"line":33,"column":2},"end":{"line":33,"column":3}},"loc":{"start":{"line":33,"column":16},"end":{"line":38,"column":3}},"line":33},"3":{"name":"(anonymous_3)","decl":{"start":{"line":34,"column":47},"end":{"line":34,"column":48}},"loc":{"start":{"line":34,"column":52},"end":{"line":37,"column":5}},"line":34},"4":{"name":"(anonymous_4)","decl":{"start":{"line":44,"column":2},"end":{"line":44,"column":3}},"loc":{"start":{"line":44,"column":20},"end":{"line":48,"column":3}},"line":44},"5":{"name":"(anonymous_5)","decl":{"start":{"line":45,"column":52},"end":{"line":45,"column":53}},"loc":{"start":{"line":45,"column":58},"end":{"line":47,"column":5}},"line":45},"6":{"name":"(anonymous_6)","decl":{"start":{"line":53,"column":2},"end":{"line":53,"column":3}},"loc":{"start":{"line":53,"column":11},"end":{"line":55,"column":3}},"line":53}},"branchMap":{"0":{"loc":{"start":{"line":54,"column":89},"end":{"line":54,"column":110}},"type":"binary-expr","locations":[{"start":{"line":54,"column":89},"end":{"line":54,"column":104}},{"start":{"line":54,"column":108},"end":{"line":54,"column":110}}],"line":54}},"s":{"0":10,"1":259,"2":259,"3":259,"4":259,"5":1,"6":1,"7":260,"8":7,"9":7,"10":258,"11":7,"12":260},"f":{"0":259,"1":1,"2":260,"3":7,"4":258,"5":7,"6":260},"b":{"0":[260,259]},"_coverageSchema":"1a1c01bbd47fc00a2c39e90264f33305004495a9","hash":"7c0aea65880b5ba2b2aa330b0913a649ea258ae9"}
,"C:\\Users\\38063\\IdeaProjects\\FileHub3\\js-app\\components\\panel.js": {"path":"C:\\Users\\38063\\IdeaProjects\\FileHub3\\js-app\\components\\panel.js","statementMap":{"0":{"start":{"line":3,"column":21},"end":{"line":3,"column":35}},"1":{"start":{"line":8,"column":20},"end":{"line":8,"column":37}},"2":{"start":{"line":18,"column":6},"end":{"line":18,"column":20}},"3":{"start":{"line":19,"column":6},"end":{"line":19,"column":42}},"4":{"start":{"line":20,"column":6},"end":{"line":20,"column":46}},"5":{"start":{"line":21,"column":6},"end":{"line":21,"column":18}},"6":{"start":{"line":27,"column":26},"end":{"line":30,"column":30}},"7":{"start":{"line":31,"column":6},"end":{"line":33,"column":9}},"8":{"start":{"line":32,"column":8},"end":{"line":32,"column":66}},"9":{"start":{"line":41,"column":6},"end":{"line":43,"column":9}},"10":{"start":{"line":42,"column":8},"end":{"line":42,"column":19}},"11":{"start":{"line":51,"column":6},"end":{"line":60,"column":17}}},"fnMap":{"0":{"name":"(anonymous_0)","decl":{"start":{"line":17,"column":4},"end":{"line":17,"column":5}},"loc":{"start":{"line":17,"column":56},"end":{"line":22,"column":5}},"line":17},"1":{"name":"(anonymous_1)","decl":{"start":{"line":26,"column":4},"end":{"line":26,"column":5}},"loc":{"start":{"line":26,"column":18},"end":{"line":34,"column":5}},"line":26},"2":{"name":"(anonymous_2)","decl":{"start":{"line":31,"column":27},"end":{"line":31,"column":28}},"loc":{"start":{"line":31,"column":31},"end":{"line":33,"column":7}},"line":31},"3":{"name":"(anonymous_3)","decl":{"start":{"line":40,"column":4},"end":{"line":40,"column":5}},"loc":{"start":{"line":40,"column":23},"end":{"line":44,"column":5}},"line":40},"4":{"name":"(anonymous_4)","decl":{"start":{"line":41,"column":56},"end":{"line":41,"column":57}},"loc":{"start":{"line":41,"column":62},"end":{"line":43,"column":7}},"line":41},"5":{"name":"(anonymous_5)","decl":{"start":{"line":50,"column":4},"end":{"line":50,"column":5}},"loc":{"start":{"line":50,"column":13},"end":{"line":61,"column":5}},"line":50}},"branchMap":{},"s":{"0":2,"1":2,"2":2,"3":2,"4":2,"5":2,"6":2,"7":2,"8":1,"9":1,"10":1,"11":2},"f":{"0":2,"1":2,"2":1,"3":1,"4":1,"5":2},"b":{},"_coverageSchema":"1a1c01bbd47fc00a2c39e90264f33305004495a9","hash":"3bfd06b58a2fe3fce8a2d8c975e3841123cc2ede"}
,"C:\\Users\\38063\\IdeaProjects\\FileHub3\\js-app\\components\\state-aware-component.js": {"path":"C:\\Users\\38063\\IdeaProjects\\FileHub3\\js-app\\components\\state-aware-component.js","statementMap":{"0":{"start":{"line":11,"column":20},"end":{"line":11,"column":22}},"1":{"start":{"line":17,"column":4},"end":{"line":17,"column":18}},"2":{"start":{"line":18,"column":4},"end":{"line":20,"column":7}},"3":{"start":{"line":19,"column":6},"end":{"line":19,"column":23}},"4":{"start":{"line":29,"column":26},"end":{"line":29,"column":87}},"5":{"start":{"line":30,"column":4},"end":{"line":30,"column":54}},"6":{"start":{"line":36,"column":4},"end":{"line":38,"column":7}},"7":{"start":{"line":37,"column":6},"end":{"line":37,"column":71}},"8":{"start":{"line":45,"column":4},"end":{"line":45,"column":35}}},"fnMap":{"0":{"name":"(anonymous_0)","decl":{"start":{"line":16,"column":2},"end":{"line":16,"column":3}},"loc":{"start":{"line":16,"column":22},"end":{"line":21,"column":3}},"line":16},"1":{"name":"(anonymous_1)","decl":{"start":{"line":18,"column":41},"end":{"line":18,"column":42}},"loc":{"start":{"line":18,"column":45},"end":{"line":20,"column":5}},"line":18},"2":{"name":"(anonymous_2)","decl":{"start":{"line":28,"column":2},"end":{"line":28,"column":3}},"loc":{"start":{"line":28,"column":36},"end":{"line":31,"column":3}},"line":28},"3":{"name":"(anonymous_3)","decl":{"start":{"line":35,"column":2},"end":{"line":35,"column":3}},"loc":{"start":{"line":35,"column":28},"end":{"line":39,"column":3}},"line":35},"4":{"name":"(anonymous_4)","decl":{"start":{"line":36,"column":33},"end":{"line":36,"column":34}},"loc":{"start":{"line":36,"column":54},"end":{"line":38,"column":5}},"line":36},"5":{"name":"(anonymous_5)","decl":{"start":{"line":44,"column":2},"end":{"line":44,"column":3}},"loc":{"start":{"line":44,"column":14},"end":{"line":46,"column":3}},"line":44}},"branchMap":{},"s":{"0":28,"1":28,"2":28,"3":0,"4":213,"5":213,"6":4,"7":16,"8":4},"f":{"0":28,"1":0,"2":213,"3":4,"4":16,"5":4},"b":{},"_coverageSchema":"1a1c01bbd47fc00a2c39e90264f33305004495a9","hash":"e4fad989624a0e7a4854090e3f859108abfdaf69"}
,"C:\\Users\\38063\\IdeaProjects\\FileHub3\\js-app\\components\\user-info.js": {"path":"C:\\Users\\38063\\IdeaProjects\\FileHub3\\js-app\\components\\user-info.js","statementMap":{"0":{"start":{"line":7,"column":15},"end":{"line":7,"column":19}},"1":{"start":{"line":18,"column":4},"end":{"line":18,"column":18}},"2":{"start":{"line":19,"column":4},"end":{"line":19,"column":32}},"3":{"start":{"line":20,"column":4},"end":{"line":20,"column":28}},"4":{"start":{"line":21,"column":4},"end":{"line":21,"column":36}},"5":{"start":{"line":22,"column":4},"end":{"line":22,"column":16}},"6":{"start":{"line":29,"column":4},"end":{"line":29,"column":32}},"7":{"start":{"line":30,"column":4},"end":{"line":30,"column":16}},"8":{"start":{"line":36,"column":4},"end":{"line":36,"column":28}},"9":{"start":{"line":37,"column":4},"end":{"line":37,"column":16}},"10":{"start":{"line":43,"column":4},"end":{"line":43,"column":36}},"11":{"start":{"line":44,"column":4},"end":{"line":44,"column":16}},"12":{"start":{"line":53,"column":4},"end":{"line":65,"column":5}},"13":{"start":{"line":54,"column":6},"end":{"line":54,"column":96}},"14":{"start":{"line":55,"column":11},"end":{"line":65,"column":5}},"15":{"start":{"line":56,"column":6},"end":{"line":59,"column":25}},"16":{"start":{"line":60,"column":11},"end":{"line":65,"column":5}},"17":{"start":{"line":61,"column":6},"end":{"line":64,"column":29}},"18":{"start":{"line":66,"column":4},"end":{"line":66,"column":39}}},"fnMap":{"0":{"name":"(anonymous_0)","decl":{"start":{"line":17,"column":2},"end":{"line":17,"column":3}},"loc":{"start":{"line":17,"column":55},"end":{"line":23,"column":3}},"line":17},"1":{"name":"(anonymous_1)","decl":{"start":{"line":28,"column":2},"end":{"line":28,"column":3}},"loc":{"start":{"line":28,"column":27},"end":{"line":31,"column":3}},"line":28},"2":{"name":"(anonymous_2)","decl":{"start":{"line":35,"column":2},"end":{"line":35,"column":3}},"loc":{"start":{"line":35,"column":23},"end":{"line":38,"column":3}},"line":35},"3":{"name":"(anonymous_3)","decl":{"start":{"line":42,"column":2},"end":{"line":42,"column":3}},"loc":{"start":{"line":42,"column":31},"end":{"line":45,"column":3}},"line":42},"4":{"name":"(anonymous_4)","decl":{"start":{"line":51,"column":2},"end":{"line":51,"column":3}},"loc":{"start":{"line":51,"column":11},"end":{"line":67,"column":3}},"line":51}},"branchMap":{"0":{"loc":{"start":{"line":53,"column":4},"end":{"line":65,"column":5}},"type":"if","locations":[{"start":{"line":53,"column":4},"end":{"line":65,"column":5}},{"start":{"line":55,"column":11},"end":{"line":65,"column":5}}],"line":53},"1":{"loc":{"start":{"line":55,"column":11},"end":{"line":65,"column":5}},"type":"if","locations":[{"start":{"line":55,"column":11},"end":{"line":65,"column":5}},
[...]
,"C:\\Users\\38063\\IdeaProjects\\FileHub3\\js-app\\service\\state-management\\state.js": {"path":"C:\\Users\\38063\\IdeaProjects\\FileHub3\\js-app\\service\\state-management\\state.js","statementMap":{"0":{"start":{"line":81,"column":4},"end":{"line":81,"column":34}},"1":{"start":{"line":82,"column":4},"end":{"line":82,"column":27}},"2":{"start":{"line":90,"column":23},"end":{"line":90,"column":40}},"3":{"start":{"line":91,"column":20},"end":{"line":92,"column":48}},"4":{"start":{"line":92,"column":23},"end":{"line":92,"column":47}},"5":{"start":{"line":93,"column":4},"end":{"line":93,"column":57}},"6":{"start":{"line":93,"column":38},"end":{"line":93,"column":55}},"7":{"start":{"line":102,"column":4},"end":{"line":108,"column":7}},"8":{"start":{"line":103,"column":20},"end":{"line":103,"column":32}},"9":{"start":{"line":105,"column":6},"end":{"line":107,"column":7}},"10":{"start":{"line":106,"column":8},"end":{"line":106,"column":32}},"11":{"start":{"line":109,"column":4},"end":{"line":109,"column":33}}},"fnMap":{"0":{"name":"(anonymous_0)","decl":{"start":{"line":80,"column":2},"end":{"line":80,"column":3}},"loc":{"start":{"line":80,"column":26},"end":{"line":83,"column":3}},"line":80},"1":{"name":"(anonymous_1)","decl":{"start":{"line":92,"column":14},"end":{"line":92,"column":15}},"loc":{"start":{"line":92,"column":23},"end":{"line":92,"column":47}},"line":92},"2":{"name":"(anonymous_2)","decl":{"start":{"line":93,"column":20},"end":{"line":93,"column":21}},"loc":{"start":{"line":93,"column":38},"end":{"line":93,"column":55}},"line":93},"3":{"name":"(anonymous_3)","decl":{"start":{"line":102,"column":47},"end":{"line":102,"column":48}},"loc":{"start":{"line":102,"column":57},"end":{"line":108,"column":5}},"line":102}},"branchMap":{"0":{"loc":{"start":{"line":80,"column":14},"end":{"line":80,"column":24}},"type":"default-arg","locations":[{"start":{"line":80,"column":22},"end":{"line":80,"column":24}}],"line":80},"1":{"loc":{"start":{"line":105,"column":6},"end":{"line":107,"column":7}},"type":"if","locations":[{"start":{"line":105,"column":6},"end":{"line":107,"column":7}},{"start":{},"end":{}}],"line":105},"2":{"loc":{"start":{"line":105,"column":10},"end":{"line":105,"column":44}},"type":"binary-expr","locations":[{"start":{"line":105,"column":10},"end":{"line":105,"column":15}},{"start":{"line":105,"column":19},"end":{"line":105,"column":44}}],"line":105}},"s":{"0":133,"1":133,"2":133,"3":133,"4":1586,"5":133,"6":1584,"7":245,"8":2747,"9":2747,"10":112,"11":245},"f":{"0":133,"1":1586,"2":1584,"3":2747},"b":{"0":[0],"1":[112,2635],"2":[2747,641]},"_coverageSchema":"1a1c01bbd47fc00a2c39e90264f33305004495a9","hash":"f1e56f08dcc2190e37266d8fde7a8f3cfde1cd41"}
,"C:\\Users\\38063\\IdeaProjects\\FileHub3\\js-app\\service\\state-management\\constatns\\mutators.js": {"path":"C:\\Users\\38063\\IdeaProjects\\FileHub3\\js-app\\service\\state-management\\constatns\\mutators.js","statementMap":{"0":{"start":{"line":1,"column":28},"end":{"line":20,"column":1}},"1":{"start":{"line":21,"column":24},"end":{"line":99,"column":1}},"2":{"start":{"line":23,"column":4},"end":{"line":23,"column":48}},"3":{"start":{"line":26,"column":4},"end":{"line":26,"column":46}},"4":{"start":{"line":29,"column":4},"end":{"line":29,"column":52}},"5":{"start":{"line":32,"column":4},"end":{"line":34,"column":5}},"6":{"start":{"line":33,"column":6},"end":{"line":33,"column":83}},"7":{"start":{"line":35,"column":4},"end":{"line":35,"column":62}},"8":{"start":{"line":38,"column":4},"end":{"line":40,"column":5}},"9":{"start":{"line":39,"column":6},"end":{"line":39,"column":80}},"10":{"start":{"line":41,"column":4},"end":{"line":41,"column":60}},"11":{"start":{"line":44,"column":4},"end":{"line":44,"column":66}},"12":{"start":{"line":47,"column":4},"end":{"line":49,"column":5}},"13":{"start":{"line":48,"column":6},"end":{"line":48,"column":114}},"14":{"start":{"line":50,"column":4},"end":{"line":50,"column":66}},"15":{"start":{"line":53,"column":4},"end":{"line":59,"column":5}},"16":{"start":{"line":54,"column":6},"end":{"line":58,"column":8}},"17":{"start":{"line":60,"column":4},"end":{"line":60,"column":64}},"18":{"start":{"line":63,"column":4},"end":{"line":69,"column":5}},"19":{"start":{"line":64,"column":6},"end":{"line":68,"column":8}},"20":{"start":{"line":70,"column":4},"end":{"line":70,"column":70}},"21":{"start":{"line":73,"column":4},"end":{"line":73,"column":58}},"22":{"start":{"line":76,"column":4},"end":{"line":76,"column":64}},"23":{"start":{"line":79,"column":4},"end":{"line":79,"column":58}},"24":{"start":{"line":82,"column":4},"end":{"line":82,"column":52}},"25":{"start":{"line":85,"column":4},"end":{"line":85,"column":54}},"26":{"start":{"line":88,"column":4},"end":{"line":88,"column":56}},"27":{"start":{"line":91,"column":4},"end":{"line":91,"column":85}},"28":{"start":{"line":94,"column":4},"end":{"line":94,"column":66}},"29":{"start":{"line":97,"column":4},"end":{"line":97,"column":52}}},"fnMap":{"0":{"name":"(anonymous_0)","decl":{"start":{"line":22,"column":35},"end":{"line":22,"column":36}},"loc":{"start":{"line":22,"column":59},"end":{"line":24,"column":3}},"line":22},"1":{"name":"(anonymous_1)","decl":{"start":{"line":25,"column":34},"end":{"line":25,"column":35}},"loc":{"start":{"line":25,"column":57},"end":{"line":27,"column":3}},"line":25},"2":{"name":"(anonymous_2)","decl":{"start":{"line":28,"column":37},"end":{"line":28,"column":38}},"loc":{"start":{"line":28,"column":63},"end":{"line":30,"column":3}},"line":28},"3":{"name":"(anonymous_3)","decl":{"start":{"line":31,"column":41},"end":{"line":31,"column":42}},"loc":{"start":{"line":31,"column":72},"end":{"line":36,"column":3}},"line":31},"4":{"name":"(anonymous_4)","decl":{"start":{"line":37,"column":40},"end":{"line":37,"column":41}},"loc":{"start":{"line":37,"column":70},"end":{"line":42,"column":3}},"line":37},"5":{"name":"(anonymous_5)","decl":{"start":{"line":43,"column":43},"end":{"line":43,"column":44}},"loc":{"start":{"line":43,"column":76},"end":{"line":45,"column":3}},"line":43},"6":{"name":"(anonymous_6)","decl":{"start":{"line":46,"column":43},"end":{"line":46,"column":44}},"loc":{"start":{"line":46,"column":76},"end":{"line":51,"column":3}},"line":46},"7":{"name":"(anonymous_7)","decl":{"start":{"line":52,"column":42},"end":{"line":52,"column":43}},"loc":{"start":{"line":52,"column":74},"end":{"line":61,"column":3}},"line":52},"8":{"name":"(anonymous_8)","decl":{"start":{"line":62,"column":45},"end":{"line":62,"column":46}},"loc":{"start":{"line":62,"column":80},"end":{"line":71,"column":3}},"line":62},"9":{"name":"(anonymous_9)","decl":{"start":{"line":72,"column":40},"end":{"line":72,"column":41}},"loc":{"start":{"line":72,"column":69},"end":{"line":74,"column":3}},"line":72},"10":{"name":"(anonymous_10)","decl":{"start":{"line":75,"column":45},"end":{"line":75,"column":46}},"loc":{"start":{"line":75,"column":77},"end":{"line":77,"column":3}},"line":75},"11":{"name":"(anonymous_11)","decl":{"start":{"line":78,"column":40},"end":{"line":78,"column":41}},"loc":{"start":{"line":78,"column":69},"end":{"line":80,"column":3}},"line":78},"12":{"name":"(anonymous_12)","decl":{"start":{"line":81,"column":37},"end":{"line":81,"column":38}},"loc":{"start":{"line":81,"column":63},"end":{"line":83,"column":3}},"line":81},"13":{"name":"(anonymous_13)","decl":{"start":{"line":84,"column":38},"end":{"line":84,"column":39}},"loc":{"start":{"line":84,"column":65},"end":{"line":86,"column":3}},"line":84},"14":{"name":"(anonymous_14)","decl":{"start":{"line":87,"column":44},"end":{"line":87,"column":45}},"loc":{"start":{"line":87,"column":72},"end":{"line":89,"column":3}},"line":87},"15":{"name":"(anonymous_15)","decl":{"start":{"line":90,"column":45},"end":{"line":90,"column":46}},"loc":{"start":{"line":90,"column":77},"end":{"line":92,"column":3}},"line":90},"16":{"name":"(anonymous_16)","decl":{"start":{"line":93,"column":51},"end":{"line":93,"column":52}},"loc":{"start":{"line":93,"column":84},"end":{"line":95,"column":3}},"line":93},"17":{"name":"(anonymous_17)","decl":{"start":{"line":96,"column":48},"end":{"line":96,"column":49}},"loc":{"start":{"line":96,"column":74},"end":{"line":98,"column":3}},"line":96}},"branchMap":{"0":{"loc":{"start":{"line":32,"column":4},"end":{"line":34,"column":5}},"type":"if","locations":[{"start":{"line":32,"column":4},"end":{"line":34,"column":5}},{"start":{},"end":{}}],"line":32},"1":{"loc":{"start":{"line":38,"column":4},"end":{"line":40,"column":5}},"type":"if","locations":[{"start":{"line":38,"column":4},"end":{"line":40,"column":5}},{"start":{},"end":{}}],"line":38},"2":{"loc":{"start":{"line":47,"column":4},"end":{"line":49,"column":5}},"type":"if","locations":[{"start":{"line":47,"column":4},"end":{"line":49,"column":5}},{"start":{},"end":{}}],"line":47},"3":{"loc":{"start":{"line":53,"column":4},"end":{"line":59,"column":5}},"type":"if","locations":[{"start":{"line":53,"column":4},"end":{"line":59,"column":5}},{"start":{},"end":{}}],"line":53},"4":{"loc":{"start":{"line":63,"column":4},"end":{"line":69,"column":5}},"type":"if","locations":[{"start":{"line":63,"column":4},"end":{"line":69,"column":5}},{"start":{},"end":{}}],"line":63}},"s":{"0":21,"1":21,"2":4,"3":2,"4":13,"5":4,"6":3,"7":1,"8":1,"9":1,"10":0,"11":1,"12":5,"13":3,"14":2,"15":3,"16":2,"17":1,"18":5,"19":3,"20":2,"21":1,"22":2,"23":1,"24":1,"25":1,"26":1,"27":3,"28":1,"29":1},"f":{"0":4,"1":2,"2":13,"3":4,"4":1,"5":1,"6":5,"7":3,"8":5,"9":1,"10":2,"11":1,"12":1,"13":1,"14":1,"15":3,"16":1,"17":1},"b":{"0":[3,1],"1":[1,0],"2":[3,2],"3":[2,1],"4":[3,2]},"_coverageSchema":"1a1c01bbd47fc00a2c39e90264f33305004495a9","hash":"a8112e3904c2927271e1aaf4b5c1281741c153e2"}
,"C:\\Users\\38063\\IdeaProjects\\FileHub3\\js-app\\validation\\validation-config.js": {"path":"C:\\Users\\38063\\IdeaProjects\\FileHub3\\js-app\\validation\\validation-config.js","statementMap":{"0":{"start":{"line":11,"column":4},"end":{"line":11,"column":27}},"1":{"start":{"line":19,"column":4},"end":{"line":19,"column":45}},"2":{"start":{"line":27,"column":12},"end":{"line":27,"column":21}},"3":{"start":{"line":36,"column":4},"end":{"line":36,"column":39}},"4":{"start":{"line":37,"column":4},"end":{"line":37,"column":16}},"5":{"start":{"line":45,"column":4},"end":{"line":45,"column":50}}},"fnMap":{"0":{"name":"(anonymous_0)","decl":{"start":{"line":10,"column":2},"end":{"line":10,"column":3}},"loc":{"start":{"line":10,"column":23},"end":{"line":12,"column":3}},"line":10},"1":{"name":"(anonymous_1)","decl":{"start":{"line":18,"column":2},"end":{"line":18,"column":3}},"loc":{"start":{"line":18,"column":22},"end":{"line":20,"column":3}},"line":18},"2":{"name":"(anonymous_2)","decl":{"start":{"line":35,"column":2},"end":{"line":35,"column":3}},"loc":{"start":{"line":35,"column":29},"end":{"line":38,"column":3}},"line":35},"3":{"name":"(anonymous_3)","decl":{"start":{"line":44,"column":2},"end":{"line":44,"column":3}},"loc":{"start":{"line":44,"column":10},"end":{"line":46,"column":3}},"line":44}},"branchMap":{},"s":{"0":13,"1":13,"2":13,"3":33,"4":33,"5":13},"f":{"0":13,"1":13,"2":33,"3":13},"b":{},"_coverageSchema":"1a1c01bbd47fc00a2c39e90264f33305004495a9","hash":"b993042514343418c9689ed90eba187bcb5d781c"}
,"C:\\Users\\38063\\IdeaProjects\\FileHub3\\js-app\\validation\\validation-error-result.js": {"path":"C:\\Users\\38063\\IdeaProjects\\FileHub3\\js-app\\validation\\validation-error-result.js","statementMap":{"0":{"start":{"line":13,"column":4},"end":{"line":13,"column":12}},"1":{"start":{"line":14,"column":4},"end":{"line":14,"column":25}}},"fnMap":{"0":{"name":"(anonymous_0)","decl":{"start":{"line":12,"column":2},"end":{"line":12,"column":3}},"loc":{"start":{"line":12,"column":22},"end":{"line":15,"column":3}},"line":12}},"branchMap":{},"s":{"0":6,"1":6},"f":{"0":6},"b":{},"_coverageSchema":"1a1c01bbd47fc00a2c39e90264f33305004495a9","hash":"887286224e421fa7633899e5cbb0803d95b2bef3"}
,"C:\\Users\\38063\\IdeaProjects\\FileHub3\\js-app\\validation\\validation-error.js": {"path":"C:\\Users\\38063\\IdeaProjects\\FileHub3\\js-app\\validation\\validation-error.js","statementMap":{"0":{"start":{"line":16,"column":4},"end":{"line":16,"column":21}},"1":{"start":{"line":17,"column":4},"end":{"line":17,"column":27}}},"fnMap":{"0":{"name":"(anonymous_0)","decl":{"start":{"line":15,"column":2},"end":{"line":15,"column":3}},"loc":{"start":{"line":15,"column":29},"end":{"line":18,"column":3}},"line":15}},"branchMap":{},"s":{"0":21,"1":21},"f":{"0":21},"b":{},"_coverageSchema":"1a1c01bbd47fc00a2c39e90264f33305004495a9","hash":"ed250144fe043dc8887e5bed2def7e5c3fef4e5e"}
,"C:\\Users\\38063\\IdeaProjects\\FileHub3\\js-app\\validation\\validator-service.js": {"path":"C:\\Users\\38063\\IdeaProjects\\FileHub3\\js-app\\validation\\validator-service.js","statementMap":{"0":{"start":{"line":17,"column":20},"end":{"line":17,"column":94}},"1":{"start":{"line":17,"column":73},"end":{"line":17,"column":92}},"2":{"start":{"line":18,"column":21},"end":{"line":24,"column":13}},"3":{"start":{"line":19,"column":20},"end":{"line":19,"column":39}},"4":{"start":{"line":20,"column":6},"end":{"line":23,"column":12}},"5":{"start":{"line":20,"column":43},"end":{"line":23,"column":10}},"6":{"start":{"line":22,"column":10},"end":{"line":22,"column":58}},"7":{"start":{"line":25,"column":20},"end":{"line":25,"column":48}},"8":{"start":{"line":26,"column":4},"end":{"line":33,"column":7}},"9":{"start":{"line":27,"column":30},"end":{"line":29,"column":37}},"10":{"start":{"line":28,"column":28},"end":{"line":28,"column":54}},"11":{"start":{"line":29,"column":24},"end":{"line":29,"column":36}},"12":{"start":{"line":30,"column":6},"end":{"line":32,"column":7}},"13":{"start":{"line":31,"column":8},"end":{"line":31,"column":57}}},"fnMap":{"0":{"name":"(anonymous_0)","decl":{"start":{"line":16,"column":2},"end":{"line":16,"column":3}},"loc":{"start":{"line":16,"column":35},"end":{"line":34,"column":3}},"line":16},"1":{"name":"(anonymous_1)","decl":{"start":{"line":17,"column":47},"end":{"line":17,"column":48}},"loc":{"start":{"line":17,"column":73},"end":{"line":17,"column":92}},"line":17},"2":{"name":"(anonymous_2)","decl":{"start":{"line":18,"column":33},"end":{"line":18,"column":34}},"loc":{"start":{"line":18,"column":58},"end":{"line":24,"column":5}},"line":18},"3":{"name":"(anonymous_3)","decl":{"start":{"line":20,"column":28},"end":{"line":20,"column":29}},"loc":{"start":{"line":20,"column":43},"end":{"line":23,"column":10}},"line":20},"4":{"name":"(anonymous_4)","decl":{"start":{"line":21,"column":15},"end":{"line":21,"column":16}},"loc":{"start":{"line":21,"column":26},"end":{"line":23,"column":9}},"line":21},"5":{"name":"(anonymous_5)","decl":{"start":{"line":26,"column":24},"end":{"line":26,"column":25}},"loc":{"start":{"line":26,"column":37},"end":{"line":33,"column":5}},"line":26},"6":{"name":"(anonymous_6)","decl":{"start":{"line":28,"column":16},"end":{"line":28,"column":17}},"loc":{"start":{"line":28,"column":28},"end":{"line":28,"column":54}},"line":28},"7":{"name":"(anonymous_7)","decl":{"start":{"line":29,"column":13},"end":{"line":29,"column":14}},"loc":{"start":{"line":29,"column":24},"end":{"line":29,"column":36}},"line":29}},"branchMap":{"0":{"loc":{"start":{"line":30,"column":6},"end":{"line":32,"column":7}},"type":"if","locations":[{"start":{"line":30,"column":6},"end":{"line":32,"column":7}},{"start":{},"end":{}}],"line":30}},"s":{"0":13,"1":33,"2":13,"3":33,"4":33,"5":46,"6":21,"7":13,"8":13,"9":13,"10":46,"11":21,"12":13,"13":6},"f":{"0":13,"1":33,"2":33,"3":46,"4":21,"5":13,"6":46,"7":21},"b":{"0":[6,7]},"_coverageSchema":"1a1c01bbd47fc00a2c39e90264f33305004495a9","hash":"76b4482a6146e14b98563b6e41aabd4a18b73055"}
,"C:\\Users\\38063\\IdeaProjects\\FileHub3\\js-app\\validation\\validators.js": {"path":"C:\\Users\\38063\\IdeaProjects\\FileHub3\\js-app\\validation\\validators.js","statementMap":{"0":{"start":{"line":7,"column":2},"end":{"line":13,"column":5}},"1":{"start":{"line":8,"column":4},"end":{"line":12,"column":5}},"2":{"start":{"line":9,"column":6},"end":{"line":9,"column":16}},"3":{"start":{"line":11,"column":6},"end":{"line":11,"column":86}},"4":{"start":{"line":22,"column":2},"end":{"line":30,"column":4}},"5":{"start":{"line":23,"column":4},"end":{"line":29,"column":7}},"6":{"start":{"line":24,"column":6},"end":{"line":28,"column":7}},"7":{"start":{"line":25,"column":8},"end":{"line":25,"column":40}},"8":{"start":{"line":27,"column":8},"end":{"line":27,"column":61}},"9":{"start":{"line":39,"column":2},"end":{"line":47,"column":4}},"10":{"start":{"line":40,"column":4},"end":{"line":46,"column":7}},"11":{"start":{"line":41,"column":6},"end":{"line":45,"column":7}},"12":{"start":{"line":42,"column":8},"end":{"line":42,"column":18}},"13":{"start":{"line":44,"column":8},"end":{"line":44,"column":54}}},"fnMap":{"0":{"name":"validateEmail","decl":{"start":{"line":6,"column":16},"end":{"line":6,"column":29}},"loc":{"start":{"line":6,"column":37},"end":{"line":14,"column":1}},"line":6},"1":{"name":"(anonymous_1)","decl":{"start":{"line":7,"column":21},"end":{"line":7,"column":22}},"loc":{"start":{"line":7,"column":47},"end":{"line":13,"column":3}},"line":7},"2":{"name":"validateSize","decl":{"start":{"line":21,"column":16},"end":{"line":21,"column":28}},"loc":{"start":{"line":21,"column":38},"end":{"line":31,"column":1}},"line":21},"3":{"name":"(anonymous_3)","decl":{"start":{"line":22,"column":9},"end":{"line":22,"column":10}},"loc":{"start":{"line":22,"column":19},"end":{"line":30,"column":3}},"line":22},"4":{"name":"(anonymous_4)","decl":{"start":{"line":23,"column":23},"end":{"line":23,"column":24}},"loc":{"start":{"line":23,"column":49},"end":{"line":29,"column":5}},"line":23},"5":{"name":"validatePasswordEquality","decl":{"start":{"line":38,"column":16},"end":{"line":38,"column":40}},"loc":{"start":{"line":38,"column":51},"end":{"line":48,"column":1}},"line":38},"6":{"name":"(anonymous_6)","decl":{"start":{"line":39,"column":9},"end":{"line":39,"column":10}},"loc":{"start":{"line":39,"column":30},"end":{"line":47,"column":3}},"line":39},"7":{"name":"(anonymous_7)","decl":{"start":{"line":40,"column":23},"end":{"line":40,"column":24}},"loc":{"start":{"line":40,"column":49},"end":{"line":46,"column":5}},"line":40}},"branchMap":{"0":{"loc":{"start":{"line":8,"column":4},"end":{"line":12,"column":5}},"type":"if","locations":[{"start":{"line":8,"column":4},"end":{"line":12,"column":5}},{"start":{"line":10,"column":11},"end":{"line":12,"column":5}}],"line":8},"1":{"loc":{"start":{"line":24,"column":6},"end":{"line":28,"column":7}},"type":"if","locations":[{"start":{"line":24,"column":6},"end":{"line":28,"column":7}},{"start":{"line":26,"column":13},"end":{"line":28,"column":7}}],"line":24},"2":{"loc":{"start":{"line":24,"column":10},"end":{"line":24,"column":62}},"type":"binary-expr","locations":[{"start":{"line":24,"column":10},"end":{"line":24,"column":34}},{"start":{"line":24,"column":39},"end":{"line":24,"column":61}}],"line":24},"3":{"loc":{"start":{"line":41,"column":6},"end":{"line":45,"column":7}},"type":"if","locations":[{"start":{"line":41,"column":6},"end":{"line":45,"column":7}},{"start":{"line":43,"column":13},"end":{"line":45,"column":7}}],"line":41}},"s":{"0":23,"1":23,"2":12,"3":11,"4":28,"5":38,"6":38,"7":17,"8":21,"9":14,"10":14,"11":14,"12":7,"13":7},"f":{"0":23,"1":23,"2":28,"3":38,"4":38,"5":14,"6":14,"7":14},"b":{"0":[12,11],"1":[17,21],"2":[38,33],"3":[7,7]},"_coverageSchema":"1a1c01bbd47fc00a2c39e90264f33305004495a9","hash":"3b4b08ba990cffb93d062743f5227d90c4b3a429"}
}
