TN:
SF:actions\base-action.js
FN:9,(anonymous_0)
FNF:1
FNH:0
FNDA:0,(anonymous_0)
LF:0
LH:0
BRF:0
BRH:0
end_of_record
TN:
SF:actions\delete-item-action.js
FN:17,(anonymous_0)
FN:25,(anonymous_1)
FN:28,(anonymous_2)
FN:34,(anonymous_3)
FN:37,(anonymous_4)
FNF:5
FNH:5
FNDA:2,(anonymous_0)
FNDA:2,(anonymous_1)
FNDA:1,(anonymous_2)
FNDA:2,(anonymous_3)
FNDA:2,(anonymous_4)
DA:18,2
DA:19,2
DA:26,2
DA:27,2
DA:29,1
DA:30,1
DA:35,2
DA:38,2
LF:8
LH:8
BRF:0
BRH:0
end_of_record
TN:
SF:actions\edit-item-action.js
FN:16,(anonymous_0)
FN:24,(anonymous_1)
FN:28,(anonymous_2)
FN:36,(anonymous_3)
FN:39,(anonymous_4)
FNF:5
FNH:5
FNDA:7,(anonymous_0)
FNDA:3,(anonymous_1)
FNDA:2,(anonymous_2)
FNDA:1,(anonymous_3)
FNDA:3,(anonymous_4)
DA:17,7
DA:18,7
DA:25,3
DA:26,3
DA:27,3
DA:29,2
DA:30,2
DA:31,1
DA:37,1
DA:40,3
LF:10
LH:10
BRDA:30,0,0,1
BRDA:30,0,1,1
BRF:2
BRH:2
end_of_record
TN:
SF:actions\load-folder-content-action.js
FN:16,(anonymous_0)
FN:24,(anonymous_1)
FN:28,(anonymous_2)
FN:31,(anonymous_3)
FN:34,(anonymous_4)
FNF:5
FNH:4
FNDA:4,(anonymous_0)
FNDA:2,(anonymous_1)
FNDA:2,(anonymous_2)
FNDA:0,(anonymous_3)
FNDA:2,(anonymous_4)
DA:17,4
DA:18,4
DA:25,2
DA:27,2
DA:29,2
DA:32,0
DA:35,2
LF:7
LH:6
BRF:0
BRH:0
end_of_record
TN:
SF:actions\load-folder-info-action.js
FN:15,(anonymous_0)
FN:23,(anonymous_1)
FN:26,(anonymous_2)
FN:29,(anonymous_3)
FN:32,(anonymous_4)
FNF:5
FNH:4
FNDA:7,(anonymous_0)
FNDA:1,(anonymous_1)
FNDA:1,(anonymous_2)
FNDA:0,(anonymous_3)
FNDA:1,(anonymous_4)
DA:16,7
DA:17,7
DA:24,1
DA:25,1
DA:27,1
DA:30,0
DA:33,1
LF:7
LH:6
BRF:0
BRH:0
end_of_record
TN:
SF:actions\load-user-action.js
FN:14,(anonymous_0)
FN:18,(anonymous_1)
FN:21,(anonymous_2)
FN:24,(anonymous_3)
FNF:4
FNH:4
FNDA:4,(anonymous_0)
FNDA:1,(anonymous_1)
FNDA:3,(anonymous_2)
FNDA:4,(anonymous_3)
DA:15,4
DA:17,4
DA:19,1
DA:22,3
DA:25,4
LF:5
LH:5
BRF:0
BRH:0
end_of_record
TN:
SF:actions\set-item-in-removing-state-action.js
FN:13,(anonymous_0)
FN:21,(anonymous_1)
FNF:2
FNH:2
FNDA:5,(anonymous_0)
FNDA:1,(anonymous_1)
DA:14,5
DA:15,5
DA:22,1
LF:3
LH:3
BRF:0
BRH:0
end_of_record
TN:
SF:actions\set-item-in-renaming-state-action.js
FN:13,(anonymous_0)
FN:21,(anonymous_1)
FNF:2
FNH:2
FNDA:3,(anonymous_0)
FNDA:3,(anonymous_1)
DA:14,3
DA:15,3
DA:22,3
LF:3
LH:3
BRF:0
BRH:0
end_of_record
TN:
SF:actions\set-metadata-action.js
FN:13,(anonymous_0)
FN:21,(anonymous_1)
FNF:2
FNH:2
FNDA:1,(anonymous_0)
FNDA:1,(anonymous_1)
DA:14,1
DA:15,1
DA:22,1
LF:3
LH:3
BRF:0
BRH:0
end_of_record
TN:
SF:actions\upload-files-action.js
FN:18,(anonymous_0)
FN:27,(anonymous_1)
FN:32,(anonymous_2)
FN:39,(anonymous_3)
FN:44,(anonymous_4)
FNF:5
FNH:5
FNDA:5,(anonymous_0)
FNDA:3,(anonymous_1)
FNDA:2,(anonymous_2)
FNDA:1,(anonymous_3)
FNDA:3,(anonymous_4)
DA:19,5
DA:20,5
DA:21,5
DA:28,3
DA:31,3
DA:33,2
DA:34,1
DA:40,1
DA:45,3
LF:9
LH:9
BRDA:33,0,0,1
BRDA:33,0,1,1
BRF:2
BRH:2
end_of_record
TN:
SF:application\application-context.js
FN:17,(anonymous_0)
FN:19,(anonymous_1)
FN:23,(anonymous_2)
FN:26,(anonymous_3)
FN:30,(anonymous_4)
FNF:5
FNH:5
FNDA:72,(anonymous_0)
FNDA:6,(anonymous_1)
FNDA:29,(anonymous_2)
FNDA:15,(anonymous_3)
FNDA:36,(anonymous_4)
DA:18,72
DA:19,72
DA:20,6
DA:23,72
DA:24,29
DA:26,72
DA:27,15
DA:30,72
DA:31,36
LF:9
LH:9
BRF:0
BRH:0
end_of_record
TN:
SF:application\registry.js
FN:5,(anonymous_0)
FN:9,(anonymous_1)
FN:32,inject
FN:34,(anonymous_3)
FN:42,clearRegistry
FNF:5
FNH:5
FNDA:288,(anonymous_0)
FNDA:158,(anonymous_1)
FNDA:30,inject
FNDA:105,(anonymous_3)
FNDA:72,clearRegistry
DA:1,18
DA:2,18
DA:4,18
DA:6,288
DA:10,158
DA:11,71
DA:13,87
DA:14,87
DA:15,1
DA:17,86
DA:18,86
DA:19,86
DA:33,30
DA:34,30
DA:35,105
DA:43,72
DA:44,72
LF:17
LH:17
BRDA:10,0,0,71
BRDA:10,0,1,87
BRDA:14,1,0,1
BRDA:14,1,1,86
BRDA:33,2,0,30
BRDA:33,2,1,0
BRF:6
BRH:5
end_of_record
TN:
SF:application\router.js
FN:23,(anonymous_0)
FN:28,(anonymous_1)
FN:68,(anonymous_2)
FN:71,(anonymous_3)
FN:91,(anonymous_4)
FN:99,(anonymous_5)
FN:120,(anonymous_6)
FN:133,(anonymous_7)
FN:143,(anonymous_8)
FN:154,(anonymous_9)
FN:166,(anonymous_10)
FNF:11
FNH:11
FNDA:1,(anonymous_0)
FNDA:5,(anonymous_1)
FNDA:9,(anonymous_2)
FNDA:11,(anonymous_3)
FNDA:1,(anonymous_4)
FNDA:2,(anonymous_5)
FNDA:4,(anonymous_6)
FNDA:1,(anonymous_7)
FNDA:1,(anonymous_8)
FNDA:1,(anonymous_9)
FNDA:1,(anonymous_10)
DA:5,1
DA:24,1
DA:25,1
DA:26,1
DA:27,1
DA:28,1
DA:29,5
DA:31,1
DA:39,6
DA:40,2
DA:41,2
DA:42,2
DA:43,4
DA:44,1
DA:45,1
DA:47,3
DA:48,3
DA:49,2
DA:51,1
DA:52,1
DA:54,2
DA:55,1
DA:56,1
DA:65,3
DA:66,3
DA:68,3
DA:69,9
DA:70,9
DA:71,9
DA:72,11
DA:73,2
DA:74,9
DA:75,7
DA:76,7
DA:78,4
DA:81,3
DA:92,1
DA:100,2
DA:108,2
DA:121,4
DA:122,1
DA:124,3
DA:125,3
DA:134,1
DA:135,1
DA:144,1
DA:145,1
DA:155,1
DA:156,0
DA:158,1
DA:159,1
DA:167,1
LF:52
LH:51
BRDA:39,0,0,2
BRDA:39,0,1,4
BRDA:43,1,0,1
BRDA:43,1,1,3
BRDA:48,2,0,2
BRDA:48,2,1,1
BRDA:54,3,0,1
BRDA:54,3,1,1
BRDA:72,4,0,2
BRDA:72,4,1,9
BRDA:73,5,0,2
BRDA:73,5,1,0
BRDA:74,6,0,7
BRDA:74,6,1,2
BRDA:121,7,0,1
BRDA:121,7,1,3
BRDA:121,8,0,4
BRDA:121,8,1,3
BRDA:155,9,0,0
BRDA:155,9,1,1
BRF:20
BRH:18
end_of_record
TN:
SF:application\user-data.js
FN:12,(anonymous_0)
FN:20,(anonymous_1)
FN:27,(anonymous_2)
FNF:3
FNH:3
FNDA:22,(anonymous_0)
FNDA:11,(anonymous_1)
FNDA:11,(anonymous_2)
DA:13,22
DA:14,22
DA:21,11
DA:28,11
LF:4
LH:4
BRF:0
BRH:0
end_of_record
TN:
SF:authorization\authorization-form.js
FN:32,(anonymous_0)
FN:39,(anonymous_1)
FN:41,(anonymous_2)
FN:43,(anonymous_3)
FN:47,(anonymous_4)
FN:57,(anonymous_5)
FN:69,(anonymous_6)
FN:73,(anonymous_7)
FN:76,(anonymous_8)
FN:83,(anonymous_9)
FN:92,(anonymous_10)
FN:93,(anonymous_11)
FN:103,(anonymous_12)
FN:116,(anonymous_13)
FN:117,(anonymous_14)
FN:132,(anonymous_15)
FN:133,(anonymous_16)
FN:141,(anonymous_17)
FNF:18
FNH:18
FNDA:11,(anonymous_0)
FNDA:20,(anonymous_1)
FNDA:60,(anonymous_2)
FNDA:1,(anonymous_3)
FNDA:40,(anonymous_4)
FNDA:20,(anonymous_5)
FNDA:6,(anonymous_6)
FNDA:3,(anonymous_7)
FNDA:3,(anonymous_8)
FNDA:9,(anonymous_9)
FNDA:5,(anonymous_10)
FNDA:1,(anonymous_11)
FNDA:6,(anonymous_12)
FNDA:3,(anonymous_13)
FNDA:9,(anonymous_14)
FNDA:6,(anonymous_15)
FNDA:3,(anonymous_16)
FNDA:20,(anonymous_17)
DA:10,2
DA:11,2
DA:12,2
DA:13,2
DA:18,11
DA:19,11
DA:21,11
DA:22,11
DA:23,11
DA:33,11
DA:34,11
DA:40,20
DA:42,60
DA:43,60
DA:44,1
DA:47,20
DA:48,40
DA:57,20
DA:58,20
DA:69,20
DA:70,6
DA:71,6
DA:72,6
DA:74,3
DA:75,3
DA:84,9
DA:85,9
DA:93,5
DA:94,1
DA:104,6
DA:109,6
DA:114,6
DA:117,3
DA:118,9
DA:119,9
DA:120,9
DA:121,9
DA:123,3
DA:124,3
DA:133,6
DA:134,3
DA:142,20
LF:42
LH:42
BRDA:119,0,0,9
BRDA:119,0,1,6
BRF:2
BRH:2
end_of_record
TN:
SF:authorization\authorization-page.js
FN:22,(anonymous_0)
FN:31,(anonymous_1)
FN:33,(anonymous_2)
FN:36,(anonymous_3)
FN:39,(anonymous_4)
FN:42,(anonymous_5)
FN:52,(anonymous_6)
FN:59,(anonymous_7)
FN:60,(anonymous_8)
FN:67,(anonymous_9)
FN:74,(anonymous_10)
FNF:11
FNH:10
FNDA:4,(anonymous_0)
FNDA:5,(anonymous_1)
FNDA:1,(anonymous_2)
FNDA:2,(anonymous_3)
FNDA:1,(anonymous_4)
FNDA:1,(anonymous_5)
FNDA:1,(anonymous_6)
FNDA:1,(anonymous_7)
FNDA:0,(anonymous_8)
FNDA:1,(anonymous_9)
FNDA:5,(anonymous_10)
DA:5,1
DA:14,4
DA:23,4
DA:24,4
DA:25,4
DA:32,5
DA:33,5
DA:34,1
DA:36,5
DA:37,2
DA:38,2
DA:40,1
DA:43,1
DA:53,1
DA:60,1
DA:61,1
DA:68,1
DA:69,1
DA:75,5
DA:76,5
LF:20
LH:20
BRDA:75,0,0,1
BRDA:75,0,1,4
BRDA:87,1,0,5
BRDA:87,1,1,4
BRF:4
BRH:4
end_of_record
TN:
SF:components\breadcrumb.js
FN:20,(anonymous_0)
FN:31,(anonymous_1)
FN:32,(anonymous_2)
FN:42,(anonymous_3)
FN:54,(anonymous_4)
FN:60,(anonymous_5)
FN:62,(anonymous_6)
FNF:7
FNH:7
FNDA:5,(anonymous_0)
FNDA:5,(anonymous_1)
FNDA:9,(anonymous_2)
FNDA:1,(anonymous_3)
FNDA:2,(anonymous_4)
FNDA:5,(anonymous_5)
FNDA:9,(anonymous_6)
DA:21,5
DA:22,5
DA:23,5
DA:24,5
DA:25,5
DA:32,5
DA:33,9
DA:34,6
DA:36,6
DA:37,4
DA:38,2
DA:40,2
DA:42,4
DA:43,1
DA:55,2
DA:61,5
DA:62,5
DA:63,9
DA:64,6
DA:66,3
DA:71,5
DA:72,2
DA:76,3
DA:77,1
DA:82,5
LF:25
LH:25
BRDA:33,0,0,6
BRDA:33,0,1,3
BRDA:36,1,0,4
BRDA:36,1,1,2
BRDA:37,2,0,2
BRDA:37,2,1,2
BRDA:63,3,0,6
BRDA:63,3,1,3
BRDA:71,4,0,2
BRDA:71,4,1,3
BRDA:76,5,0,1
BRDA:76,5,1,2
BRF:12
BRH:12
end_of_record
TN:
SF:components\button-panel.js
FN:17,(anonymous_0)
FN:28,(anonymous_1)
FN:51,(anonymous_2)
FN:60,(anonymous_3)
FN:61,(anonymous_4)
FN:69,(anonymous_5)
FNF:6
FNH:6
FNDA:6,(anonymous_0)
FNDA:6,(anonymous_1)
FNDA:2,(anonymous_2)
FNDA:3,(anonymous_3)
FNDA:2,(anonymous_4)
FNDA:6,(anonymous_5)
DA:4,3
DA:9,6
DA:18,6
DA:19,6
DA:20,6
DA:21,6
DA:29,6
DA:31,6
DA:32,1
DA:38,5
DA:39,1
DA:45,4
DA:51,6
DA:52,2
DA:61,3
DA:62,2
DA:70,6
LF:17
LH:17
BRDA:31,0,0,1
BRDA:31,0,1,5
BRDA:38,1,0,1
BRDA:38,1,1,4
BRF:4
BRH:4
end_of_record
TN:
SF:components\button.js
FN:21,(anonymous_0)
FN:32,(anonymous_1)
FN:33,(anonymous_2)
FN:40,(anonymous_3)
FN:47,(anonymous_4)
FN:53,(anonymous_5)
FNF:6
FNH:6
FNDA:178,(anonymous_0)
FNDA:178,(anonymous_1)
FNDA:18,(anonymous_2)
FNDA:180,(anonymous_3)
FNDA:18,(anonymous_4)
FNDA:179,(anonymous_5)
DA:3,11
DA:10,178
DA:11,178
DA:12,178
DA:22,178
DA:23,178
DA:24,178
DA:25,178
DA:26,178
DA:27,178
DA:33,178
DA:34,18
DA:41,180
DA:48,18
DA:54,179
DA:55,179
DA:57,179
LF:17
LH:17
BRDA:55,0,0,5
BRDA:55,0,1,174
BRDA:57,1,0,179
BRDA:57,1,1,165
BRF:4
BRH:4
end_of_record
TN:
SF:components\component.js
FN:13,(anonymous_0)
FN:19,(anonymous_1)
FN:24,(anonymous_2)
FN:32,(anonymous_3)
FN:40,(anonymous_4)
FN:52,(anonymous_5)
FN:60,(anonymous_6)
FN:67,(anonymous_7)
FN:75,(anonymous_8)
FN:87,(anonymous_9)
FN:93,(anonymous_10)
FNF:11
FNH:9
FNDA:813,(anonymous_0)
FNDA:0,(anonymous_1)
FNDA:818,(anonymous_2)
FNDA:0,(anonymous_3)
FNDA:955,(anonymous_4)
FNDA:676,(anonymous_5)
FNDA:1,(anonymous_6)
FNDA:1,(anonymous_7)
FNDA:1141,(anonymous_8)
FNDA:1070,(anonymous_9)
FNDA:209,(anonymous_10)
DA:7,813
DA:8,813
DA:14,813
DA:25,818
DA:26,818
DA:41,955
DA:42,35
DA:44,920
DA:53,676
DA:61,1
DA:68,1
DA:76,1141
DA:77,1102
DA:78,1102
DA:88,1070
DA:99,1102
DA:100,1102
DA:101,1102
DA:102,813
DA:104,289
DA:106,1102
DA:118,1102
DA:119,1102
DA:120,1102
LF:24
LH:24
BRDA:41,0,0,35
BRDA:41,0,1,920
BRDA:76,1,0,1102
BRDA:76,1,1,39
BRDA:101,2,0,813
BRDA:101,2,1,289
BRF:6
BRH:6
end_of_record
TN:
SF:components\delete-modal-window.js
FN:23,(anonymous_0)
FN:34,(anonymous_1)
FN:39,(anonymous_2)
FN:56,(anonymous_3)
FN:60,(anonymous_4)
FN:70,(anonymous_5)
FN:77,(anonymous_6)
FN:84,(anonymous_7)
FNF:8
FNH:8
FNDA:7,(anonymous_0)
FNDA:7,(anonymous_1)
FNDA:1,(anonymous_2)
FNDA:1,(anonymous_3)
FNDA:1,(anonymous_4)
FNDA:1,(anonymous_5)
FNDA:2,(anonymous_6)
FNDA:7,(anonymous_7)
DA:4,2
DA:5,2
DA:14,7
DA:24,7
DA:25,7
DA:26,7
DA:27,7
DA:28,7
DA:35,7
DA:36,7
DA:37,7
DA:38,6
DA:39,6
DA:40,1
DA:43,6
DA:44,2
DA:50,4
DA:56,6
DA:57,1
DA:59,6
DA:60,6
DA:61,1
DA:62,1
DA:71,1
DA:78,2
DA:86,7
DA:87,1
DA:89,7
DA:90,6
DA:108,1
LF:30
LH:30
BRDA:37,0,0,6
BRDA:37,0,1,1
BRDA:37,1,0,7
BRDA:37,1,1,6
BRDA:43,2,0,2
BRDA:43,2,1,4
BRDA:86,3,0,1
BRDA:86,3,1,6
BRDA:89,4,0,6
BRDA:89,4,1,1
BRDA:100,5,0,6
BRDA:100,5,1,5
BRF:12
BRH:12
end_of_record
TN:
SF:components\form-control.js
FN:31,(anonymous_0)
FN:52,(anonymous_1)
FN:59,(anonymous_2)
FN:65,(anonymous_3)
FN:66,(anonymous_4)
FNF:5
FNH:5
FNDA:202,(anonymous_0)
FNDA:1,(anonymous_1)
FNDA:1,(anonymous_2)
FNDA:203,(anonymous_3)
FNDA:44,(anonymous_4)
DA:11,202
DA:14,202
DA:15,202
DA:39,202
DA:40,202
DA:41,202
DA:42,202
DA:43,202
DA:44,202
DA:45,202
DA:46,202
DA:53,1
DA:54,1
DA:60,1
DA:66,203
DA:69,203
LF:16
LH:16
BRDA:33,0,0,113
BRDA:35,1,0,1
BRDA:37,2,0,4
BRDA:73,3,0,29
BRDA:73,3,1,174
BRDA:75,4,0,203
BRDA:75,4,1,8
BRF:7
BRH:7
end_of_record
TN:
SF:components\form.js
FN:19,(anonymous_0)
FN:29,(anonymous_1)
FN:33,(anonymous_2)
FN:39,(anonymous_3)
FN:49,(anonymous_4)
FN:58,(anonymous_5)
FN:59,(anonymous_6)
FN:67,(anonymous_7)
FNF:8
FNH:8
FNDA:47,(anonymous_0)
FNDA:159,(anonymous_1)
FNDA:202,(anonymous_2)
FNDA:14,(anonymous_3)
FNDA:112,(anonymous_4)
FNDA:44,(anonymous_5)
FNDA:14,(anonymous_6)
FNDA:159,(anonymous_7)
DA:4,5
DA:10,47
DA:12,47
DA:20,47
DA:21,47
DA:22,47
DA:23,47
DA:30,159
DA:31,159
DA:32,159
DA:33,159
DA:34,202
DA:36,159
DA:37,159
DA:39,159
DA:40,14
DA:41,14
DA:50,112
DA:51,112
DA:59,44
DA:60,14
DA:61,14
DA:68,159
LF:23
LH:23
BRF:0
BRH:0
end_of_record
TN:
SF:components\link.js
FN:15,(anonymous_0)
FN:25,(anonymous_1)
FN:33,(anonymous_2)
FN:34,(anonymous_3)
FN:44,(anonymous_4)
FN:45,(anonymous_5)
FN:53,(anonymous_6)
FNF:7
FNH:7
FNDA:259,(anonymous_0)
FNDA:1,(anonymous_1)
FNDA:260,(anonymous_2)
FNDA:7,(anonymous_3)
FNDA:258,(anonymous_4)
FNDA:7,(anonymous_5)
FNDA:260,(anonymous_6)
DA:3,10
DA:9,259
DA:16,259
DA:17,259
DA:18,259
DA:26,1
DA:27,1
DA:34,260
DA:35,7
DA:36,7
DA:45,258
DA:46,7
DA:54,260
LF:13
LH:13
BRDA:54,0,0,260
BRDA:54,0,1,259
BRF:2
BRH:2
end_of_record
TN:
SF:components\panel.js
FN:17,(anonymous_0)
FN:26,(anonymous_1)
FN:31,(anonymous_2)
FN:40,(anonymous_3)
FN:41,(anonymous_4)
FN:50,(anonymous_5)
FNF:6
FNH:6
FNDA:2,(anonymous_0)
FNDA:2,(anonymous_1)
FNDA:1,(anonymous_2)
FNDA:1,(anonymous_3)
FNDA:1,(anonymous_4)
FNDA:2,(anonymous_5)
DA:3,2
DA:8,2
DA:18,2
DA:19,2
DA:20,2
DA:21,2
DA:27,2
DA:31,2
DA:32,1
DA:41,1
DA:42,1
DA:51,2
LF:12
LH:12
BRF:0
BRH:0
end_of_record
TN:
SF:components\state-aware-component.js
FN:16,(anonymous_0)
FN:18,(anonymous_1)
FN:28,(anonymous_2)
FN:35,(anonymous_3)
FN:36,(anonymous_4)
FN:44,(anonymous_5)
FNF:6
FNH:5
FNDA:28,(anonymous_0)
FNDA:0,(anonymous_1)
FNDA:213,(anonymous_2)
FNDA:4,(anonymous_3)
FNDA:16,(anonymous_4)
FNDA:4,(anonymous_5)
DA:11,28
DA:17,28
DA:18,28
DA:19,0
DA:29,213
DA:30,213
DA:36,4
DA:37,16
DA:45,4
LF:9
LH:8
BRF:0
BRH:0
end_of_record
TN:
SF:components\user-info.js
FN:17,(anonymous_0)
FN:28,(anonymous_1)
FN:35,(anonymous_2)
FN:42,(anonymous_3)
FN:51,(anonymous_4)
FNF:5
FNH:5
FNDA:1,(anonymous_0)
FNDA:3,(anonymous_1)
FNDA:1,(anonymous_2)
FNDA:1,(anonymous_3)
FNDA:9,(anonymous_4)
DA:7,1
DA:18,1
DA:19,1
DA:20,1
DA:21,1
DA:22,1
DA:29,3
DA:30,3
DA:36,1
DA:37,1
DA:43,1
DA:44,1
DA:53,9
DA:54,3
DA:55,6
DA:56,2
DA:60,4
DA:61,3
DA:66,9
LF:19
LH:19
BRDA:53,0,0,3
BRDA:53,0,1,6
BRDA:55,1,0,2
BRDA:55,1,1,4
BRDA:60,2,0,3
BRDA:60,2,1,1
BRF:6
BRH:6
end_of_record
TN:
SF:components\file-list\file-type-icon-factory.js
FN:37,(anonymous_0)
FN:45,(anonymous_1)
FNF:2
FNH:2
FNDA:15,(anonymous_0)
FNDA:15,(anonymous_1)
DA:5,19
DA:38,15
DA:46,15
LF:3
LH:3
BRF:0
BRH:0
end_of_record
TN:
SF:components\file-list\file.js
FN:44,(anonymous_0)
FN:63,(anonymous_1)
FN:65,(anonymous_2)
FN:69,(anonymous_3)
FN:76,(anonymous_4)
FN:82,(anonymous_5)
FN:92,(anonymous_6)
FN:99,(anonymous_7)
FN:106,(anonymous_8)
FN:113,(anonymous_9)
FN:121,(anonymous_10)
FN:122,(anonymous_11)
FN:129,(anonymous_12)
FN:130,(anonymous_13)
FN:138,(anonymous_14)
FN:139,(anonymous_15)
FN:161,(anonymous_16)
FNF:17
FNH:17
FNDA:15,(anonymous_0)
FNDA:45,(anonymous_1)
FNDA:2,(anonymous_2)
FNDA:4,(anonymous_3)
FNDA:2,(anonymous_4)
FNDA:1,(anonymous_5)
FNDA:1,(anonymous_6)
FNDA:10,(anonymous_7)
FNDA:8,(anonymous_8)
FNDA:10,(anonymous_9)
FNDA:8,(anonymous_10)
FNDA:2,(anonymous_11)
FNDA:10,(anonymous_12)
FNDA:4,(anonymous_13)
FNDA:9,(anonymous_14)
FNDA:2,(anonymous_15)
FNDA:45,(anonymous_16)
DA:4,2
DA:5,2
DA:6,2
DA:12,15
DA:51,15
DA:52,15
DA:53,15
DA:54,15
DA:55,15
DA:56,15
DA:57,15
DA:58,15
DA:64,45
DA:65,45
DA:66,2
DA:67,2
DA:69,45
DA:70,4
DA:71,4
DA:73,45
DA:74,45
DA:75,9
DA:76,9
DA:77,2
DA:78,2
DA:79,2
DA:80,2
DA:82,9
DA:83,1
DA:84,1
DA:85,1
DA:93,1
DA:94,1
DA:100,10
DA:101,10
DA:107,8
DA:108,8
DA:114,10
DA:115,10
DA:122,8
DA:130,10
DA:131,4
DA:139,9
DA:140,2
DA:151,45
DA:152,32
DA:154,13
DA:155,13
DA:164,45
DA:165,2
DA:171,43
DA:172,2
DA:176,41
DA:177,5
DA:181,36
DA:185,45
DA:186,45
DA:215,45
LF:58
LH:58
BRDA:74,0,0,9
BRDA:74,0,1,36
BRDA:74,1,0,45
BRDA:74,1,1,9
BRDA:150,2,0,45
BRDA:151,3,0,32
BRDA:151,3,1,13
BRDA:154,4,0,0
BRDA:154,4,1,13
BRDA:164,5,0,2
BRDA:164,5,1,43
BRDA:164,6,0,45
BRDA:164,6,1,9
BRDA:171,7,0,2
BRDA:171,7,1,41
BRDA:171,8,0,43
BRDA:171,8,1,7
BRDA:176,9,0,5
BRDA:176,9,1,36
BRDA:185,10,0,45
BRDA:185,10,1,0
BRF:21
BRH:19
end_of_record
TN:
SF:components\file-list\folder.js
FN:40,(anonymous_0)
FN:62,(anonymous_1)
FN:66,(anonymous_2)
FN:72,(anonymous_3)
FN:77,(anonymous_4)
FN:81,(anonymous_5)
FN:88,(anonymous_6)
FN:94,(anonymous_7)
FN:105,(anonymous_8)
FN:112,(anonymous_9)
FN:119,(anonymous_10)
FN:126,(anonymous_11)
FN:133,(anonymous_12)
FN:140,(anonymous_13)
FN:149,(anonymous_14)
FN:150,(anonymous_15)
FN:158,(anonymous_16)
FN:159,(anonymous_17)
FN:168,(anonymous_18)
FN:169,(anonymous_19)
FN:177,(anonymous_20)
FN:178,(anonymous_21)
FN:186,(anonymous_22)
FN:187,(anonymous_23)
FN:196,(anonymous_24)
FNF:25
FNH:25
FNDA:26,(anonymous_0)
FNDA:109,(anonymous_1)
FNDA:2,(anonymous_2)
FNDA:2,(anonymous_3)
FNDA:2,(anonymous_4)
FNDA:4,(anonymous_5)
FNDA:2,(anonymous_6)
FNDA:1,(anonymous_7)
FNDA:1,(anonymous_8)
FNDA:14,(anonymous_9)
FNDA:14,(anonymous_10)
FNDA:19,(anonymous_11)
FNDA:15,(anonymous_12)
FNDA:19,(anonymous_13)
FNDA:15,(anonymous_14)
FNDA:2,(anonymous_15)
FNDA:15,(anonymous_16)
FNDA:2,(anonymous_17)
FNDA:15,(anonymous_18)
FNDA:2,(anonymous_19)
FNDA:17,(anonymous_20)
FNDA:4,(anonymous_21)
FNDA:16,(anonymous_22)
FNDA:2,(anonymous_23)
FNDA:109,(anonymous_24)
DA:4,2
DA:5,2
DA:6,2
DA:7,2
DA:8,2
DA:16,26
DA:50,26
DA:51,26
DA:52,26
DA:53,26
DA:54,26
DA:55,26
DA:56,26
DA:57,26
DA:63,109
DA:64,109
DA:65,100
DA:66,100
DA:67,2
DA:71,109
DA:72,109
DA:73,2
DA:74,2
DA:76,109
DA:77,109
DA:78,2
DA:79,2
DA:81,109
DA:82,4
DA:83,4
DA:85,109
DA:86,109
DA:87,9
DA:88,9
DA:89,2
DA:90,2
DA:91,2
DA:92,2
DA:94,9
DA:95,1
DA:96,1
DA:97,1
DA:106,1
DA:107,1
DA:113,14
DA:114,14
DA:120,14
DA:121,14
DA:127,19
DA:128,19
DA:134,15
DA:135,15
DA:141,19
DA:142,19
DA:150,15
DA:151,2
DA:159,15
DA:160,2
DA:169,15
DA:170,2
DA:178,17
DA:179,4
DA:187,16
DA:188,2
DA:199,109
DA:200,2
DA:206,107
DA:207,2
DA:211,105
DA:212,5
DA:216,100
DA:220,109
DA:221,109
DA:223,109
DA:224,1
DA:225,108
DA:226,1
DA:228,107
DA:230,109
DA:258,109
LF:80
LH:80
BRDA:64,0,0,100
BRDA:64,0,1,9
BRDA:86,1,0,9
BRDA:86,1,1,100
BRDA:86,2,0,109
BRDA:86,2,1,9
BRDA:199,3,0,2
BRDA:199,3,1,107
BRDA:199,4,0,109
BRDA:199,4,1,9
BRDA:206,5,0,2
BRDA:206,5,1,105
BRDA:206,6,0,107
BRDA:206,6,1,7
BRDA:211,7,0,5
BRDA:211,7,1,100
BRDA:220,8,0,109
BRDA:220,8,1,0
BRDA:221,9,0,1
BRDA:221,9,1,108
BRDA:223,10,0,1
BRDA:223,10,1,108
BRDA:225,11,0,1
BRDA:225,11,1,107
BRF:24
BRH:23
end_of_record
TN:
SF:components\file-list\table.js
FN:20,(anonymous_0)
FN:33,(anonymous_1)
FN:36,(anonymous_2)
FN:39,(anonymous_3)
FN:50,(anonymous_4)
FN:58,(anonymous_5)
FNF:6
FNH:6
FNDA:4,(anonymous_0)
FNDA:5,(anonymous_1)
FNDA:1,(anonymous_2)
FNDA:1,(anonymous_3)
FNDA:1,(anonymous_4)
FNDA:8,(anonymous_5)
DA:24,4
DA:25,4
DA:26,4
DA:27,4
DA:28,4
DA:34,5
DA:35,5
DA:36,3
DA:37,1
DA:39,3
DA:40,1
DA:51,1
DA:52,1
DA:53,1
DA:60,8
DA:61,2
DA:64,6
DA:65,2
DA:70,4
DA:72,8
LF:20
LH:20
BRDA:35,0,0,3
BRDA:35,0,1,2
BRDA:60,1,0,2
BRDA:60,1,1,6
BRDA:64,2,0,2
BRDA:64,2,1,4
BRF:6
BRH:6
end_of_record
TN:
SF:components\wrappers\breadcrumb-wrapper.js
FN:19,(anonymous_0)
FN:21,(anonymous_1)
FN:28,(anonymous_2)
FN:38,(anonymous_3)
FN:42,(anonymous_4)
FN:46,(anonymous_5)
FN:50,(anonymous_6)
FN:60,(anonymous_7)
FN:94,(anonymous_8)
FN:102,(anonymous_9)
FN:109,(anonymous_10)
FNF:11
FNH:11
FNDA:9,(anonymous_0)
FNDA:2,(anonymous_1)
FNDA:4,(anonymous_2)
FNDA:4,(anonymous_3)
FNDA:1,(anonymous_4)
FNDA:1,(anonymous_5)
FNDA:1,(anonymous_6)
FNDA:15,(anonymous_7)
FNDA:3,(anonymous_8)
FNDA:1,(anonymous_9)
FNDA:15,(anonymous_10)
DA:20,9
DA:21,9
DA:22,2
DA:23,1
DA:28,9
DA:29,4
DA:30,3
DA:31,1
DA:33,2
DA:38,9
DA:39,4
DA:40,4
DA:42,9
DA:43,1
DA:44,1
DA:46,9
DA:47,1
DA:48,1
DA:50,9
DA:51,1
DA:52,1
DA:54,9
DA:61,15
DA:62,15
DA:63,5
DA:78,4
DA:79,3
DA:80,3
DA:81,1
DA:82,1
DA:83,2
DA:84,2
DA:85,2
DA:87,2
DA:89,1
DA:95,3
DA:96,3
DA:103,1
DA:110,15
LF:39
LH:39
BRDA:22,0,0,1
BRDA:22,0,1,1
BRDA:22,1,0,2
BRDA:22,1,1,2
BRDA:29,2,0,3
BRDA:29,2,1,1
BRDA:30,3,0,1
BRDA:30,3,1,2
BRDA:30,4,0,3
BRDA:30,4,1,2
BRDA:62,5,0,5
BRDA:62,5,1,10
BRDA:78,6,0,3
BRDA:78,6,1,1
BRDA:80,7,0,1
BRDA:80,7,1,2
BRDA:83,8,0,2
BRDA:83,8,1,0
BRF:18
BRH:17
end_of_record
TN:
SF:components\wrappers\delete-modal-window-wrapper.js
FN:16,(anonymous_0)
FN:19,(anonymous_1)
FN:23,(anonymous_2)
FN:27,(anonymous_3)
FN:37,(anonymous_4)
FN:52,(anonymous_5)
FN:59,(anonymous_6)
FNF:7
FNH:7
FNDA:3,(anonymous_0)
FNDA:4,(anonymous_1)
FNDA:3,(anonymous_2)
FNDA:3,(anonymous_3)
FNDA:4,(anonymous_4)
FNDA:1,(anonymous_5)
FNDA:4,(anonymous_6)
DA:17,3
DA:18,3
DA:19,3
DA:20,4
DA:21,4
DA:23,3
DA:24,3
DA:25,3
DA:27,3
DA:28,3
DA:29,3
DA:31,3
DA:38,4
DA:39,4
DA:40,1
DA:53,1
DA:54,1
DA:60,4
LF:18
LH:18
BRDA:39,0,0,1
BRDA:39,0,1,3
BRF:2
BRH:2
end_of_record
TN:
SF:components\wrappers\panel-wrapper.js
FN:14,(anonymous_0)
FN:16,(anonymous_1)
FN:21,(anonymous_2)
FN:27,(anonymous_3)
FN:41,(anonymous_4)
FN:54,(anonymous_5)
FN:61,(anonymous_6)
FNF:7
FNH:7
FNDA:2,(anonymous_0)
FNDA:2,(anonymous_1)
FNDA:2,(anonymous_2)
FNDA:2,(anonymous_3)
FNDA:3,(anonymous_4)
FNDA:1,(anonymous_5)
FNDA:3,(anonymous_6)
DA:15,2
DA:16,2
DA:17,2
DA:19,2
DA:21,2
DA:22,2
DA:25,2
DA:27,2
DA:28,2
DA:30,2
DA:33,2
DA:35,2
DA:42,3
DA:43,3
DA:44,1
DA:55,1
DA:56,1
DA:62,3
LF:18
LH:18
BRDA:17,0,0,2
BRDA:17,0,1,1
BRDA:23,1,0,2
BRDA:23,1,1,1
BRDA:28,2,0,2
BRDA:28,2,1,0
BRDA:31,3,0,2
BRDA:31,3,1,1
BRDA:43,4,0,1
BRDA:43,4,1,2
BRF:10
BRH:9
end_of_record
TN:
SF:components\wrappers\table-wrapper.js
FN:26,(anonymous_0)
FN:28,(anonymous_1)
FN:34,(anonymous_2)
FN:38,(anonymous_3)
FN:42,(anonymous_4)
FN:52,(anonymous_5)
FN:63,(anonymous_6)
FN:64,(anonymous_7)
FN:65,(anonymous_8)
FN:66,(anonymous_9)
FN:72,(anonymous_10)
FN:77,(anonymous_11)
FN:83,(anonymous_12)
FN:91,(anonymous_13)
FN:94,(anonymous_14)
FN:97,(anonymous_15)
FN:101,(anonymous_16)
FN:104,(anonymous_17)
FN:112,(anonymous_18)
FN:116,(anonymous_19)
FN:120,(anonymous_20)
FN:127,(anonymous_21)
FN:128,(anonymous_22)
FN:129,(anonymous_23)
FN:130,(anonymous_24)
FN:135,(anonymous_25)
FN:138,(anonymous_26)
FN:141,(anonymous_27)
FN:144,(anonymous_28)
FN:148,(anonymous_29)
FN:152,(anonymous_30)
FN:164,(anonymous_31)
FN:173,(anonymous_32)
FN:174,(anonymous_33)
FN:183,(anonymous_34)
FNF:35
FNH:34
FNDA:11,(anonymous_0)
FNDA:11,(anonymous_1)
FNDA:20,(anonymous_2)
FNDA:11,(anonymous_3)
FNDA:11,(anonymous_4)
FNDA:28,(anonymous_5)
FNDA:24,(anonymous_6)
FNDA:8,(anonymous_7)
FNDA:16,(anonymous_8)
FNDA:14,(anonymous_9)
FNDA:1,(anonymous_10)
FNDA:1,(anonymous_11)
FNDA:1,(anonymous_12)
FNDA:1,(anonymous_13)
FNDA:1,(anonymous_14)
FNDA:1,(anonymous_15)
FNDA:14,(anonymous_16)
FNDA:14,(anonymous_17)
FNDA:18,(anonymous_18)
FNDA:14,(anonymous_19)
FNDA:18,(anonymous_20)
FNDA:24,(anonymous_21)
FNDA:0,(anonymous_22)
FNDA:8,(anonymous_23)
FNDA:7,(anonymous_24)
FNDA:1,(anonymous_25)
FNDA:1,(anonymous_26)
FNDA:1,(anonymous_27)
FNDA:9,(anonymous_28)
FNDA:7,(anonymous_29)
FNDA:9,(anonymous_30)
FNDA:9,(anonymous_31)
FNDA:5,(anonymous_32)
FNDA:1,(anonymous_33)
FNDA:28,(anonymous_34)
DA:10,1
DA:20,11
DA:27,11
DA:28,11
DA:29,11
DA:30,1
DA:34,11
DA:35,20
DA:36,20
DA:38,11
DA:39,11
DA:40,11
DA:42,11
DA:43,11
DA:44,11
DA:46,11
DA:53,28
DA:54,28
DA:55,17
DA:60,17
DA:61,17
DA:62,17
DA:63,24
DA:64,8
DA:66,16
DA:67,14
DA:72,14
DA:73,1
DA:77,14
DA:78,1
DA:79,1
DA:80,1
DA:81,1
DA:82,1
DA:83,1
DA:84,1
DA:91,14
DA:92,1
DA:94,14
DA:95,1
DA:97,14
DA:98,1
DA:101,14
DA:102,14
DA:104,14
DA:105,14
DA:106,0
DA:109,14
DA:112,14
DA:113,18
DA:116,14
DA:117,14
DA:120,14
DA:121,18
DA:124,16
DA:126,17
DA:127,24
DA:128,0
DA:130,8
DA:131,7
DA:135,7
DA:136,1
DA:138,7
DA:139,1
DA:141,7
DA:142,1
DA:144,7
DA:145,9
DA:148,7
DA:149,7
DA:152,7
DA:153,9
DA:156,8
DA:158,17
DA:165,9
DA:166,9
DA:174,5
DA:175,1
DA:184,28
LF:79
LH:77
BRDA:29,0,0,1
BRDA:29,0,1,10
BRDA:54,1,0,17
BRDA:54,1,1,11
BRDA:64,2,0,8
BRDA:64,2,1,0
BRDA:78,3,0,1
BRDA:78,3,1,0
BRDA:102,4,0,14
BRDA:102,4,1,0
BRDA:105,5,0,0
BRDA:105,5,1,14
BRDA:105,6,0,14
BRDA:105,6,1,0
BRDA:106,7,0,0
BRDA:106,7,1,0
BRDA:107,8,0,0
BRDA:107,8,1,0
BRDA:113,9,0,4
BRDA:113,9,1,14
BRDA:114,10,0,1
BRDA:114,10,1,3
BRDA:117,11,0,0
BRDA:117,11,1,14
BRDA:128,12,0,0
BRDA:128,12,1,0
BRDA:145,13,0,2
BRDA:145,13,1,7
BRDA:146,14,0,1
BRDA:146,14,1,1
BRDA:149,15,0,0
BRDA:149,15,1,7
BRF:32
BRH:19
end_of_record
TN:
SF:components\wrappers\user-info-wrapper.js
FN:15,(anonymous_0)
FN:18,(anonymous_1)
FN:22,(anonymous_2)
FN:26,(anonymous_3)
FN:35,(anonymous_4)
FN:49,(anonymous_5)
FN:56,(anonymous_6)
FNF:7
FNH:7
FNDA:3,(anonymous_0)
FNDA:4,(anonymous_1)
FNDA:4,(anonymous_2)
FNDA:4,(anonymous_3)
FNDA:12,(anonymous_4)
FNDA:1,(anonymous_5)
FNDA:12,(anonymous_6)
DA:16,3
DA:17,3
DA:18,3
DA:19,4
DA:20,4
DA:22,3
DA:23,4
DA:24,4
DA:26,3
DA:27,4
DA:28,4
DA:30,3
DA:36,12
DA:37,12
DA:38,3
DA:50,1
DA:51,1
DA:57,12
LF:18
LH:18
BRDA:37,0,0,3
BRDA:37,0,1,9
BRF:2
BRH:2
end_of_record
TN:
SF:registration\registration-form.js
FN:36,(anonymous_0)
FN:43,(anonymous_1)
FN:45,(anonymous_2)
FN:47,(anonymous_3)
FN:51,(anonymous_4)
FN:61,(anonymous_5)
FN:72,(anonymous_6)
FN:83,(anonymous_7)
FN:88,(anonymous_8)
FN:91,(anonymous_9)
FN:98,(anonymous_10)
FN:108,(anonymous_11)
FN:109,(anonymous_12)
FN:118,(anonymous_13)
FN:133,(anonymous_14)
FN:134,(anonymous_15)
FN:147,(anonymous_16)
FN:148,(anonymous_17)
FN:156,(anonymous_18)
FNF:19
FNH:18
FNDA:12,(anonymous_0)
FNDA:23,(anonymous_1)
FNDA:92,(anonymous_2)
FNDA:1,(anonymous_3)
FNDA:69,(anonymous_4)
FNDA:46,(anonymous_5)
FNDA:23,(anonymous_6)
FNDA:7,(anonymous_7)
FNDA:7,(anonymous_8)
FNDA:0,(anonymous_9)
FNDA:11,(anonymous_10)
FNDA:6,(anonymous_11)
FNDA:1,(anonymous_12)
FNDA:7,(anonymous_13)
FNDA:3,(anonymous_14)
FNDA:12,(anonymous_15)
FNDA:7,(anonymous_16)
FNDA:4,(anonymous_17)
FNDA:23,(anonymous_18)
DA:11,2
DA:12,2
DA:13,2
DA:14,2
DA:15,2
DA:20,12
DA:21,12
DA:23,12
DA:24,12
DA:25,12
DA:26,12
DA:37,12
DA:38,12
DA:44,23
DA:46,92
DA:47,92
DA:48,1
DA:51,23
DA:52,69
DA:61,23
DA:62,46
DA:72,23
DA:73,23
DA:83,23
DA:84,7
DA:85,7
DA:86,7
DA:87,7
DA:89,7
DA:90,7
DA:99,11
DA:100,11
DA:109,6
DA:110,1
DA:119,7
DA:125,7
DA:131,7
DA:134,3
DA:135,12
DA:136,12
DA:137,12
DA:138,12
DA:140,3
DA:148,7
DA:149,4
DA:157,23
LF:46
LH:46
BRDA:136,0,0,12
BRDA:136,0,1,9
BRF:2
BRH:2
end_of_record
TN:
SF:registration\registration-page.js
FN:22,(anonymous_0)
FN:31,(anonymous_1)
FN:33,(anonymous_2)
FN:36,(anonymous_3)
FN:39,(anonymous_4)
FN:42,(anonymous_5)
FN:56,(anonymous_6)
FN:63,(anonymous_7)
FN:64,(anonymous_8)
FN:71,(anonymous_9)
FN:78,(anonymous_10)
FNF:11
FNH:10
FNDA:5,(anonymous_0)
FNDA:6,(anonymous_1)
FNDA:1,(anonymous_2)
FNDA:3,(anonymous_3)
FNDA:1,(anonymous_4)
FNDA:2,(anonymous_5)
FNDA:1,(anonymous_6)
FNDA:1,(anonymous_7)
FNDA:0,(anonymous_8)
FNDA:1,(anonymous_9)
FNDA:6,(anonymous_10)
DA:6,1
DA:17,5
DA:23,5
DA:24,5
DA:25,5
DA:32,6
DA:33,6
DA:34,1
DA:36,6
DA:37,3
DA:38,3
DA:40,1
DA:43,2
DA:44,1
DA:46,1
DA:57,1
DA:64,1
DA:66,1
DA:72,1
DA:73,1
DA:79,6
DA:80,6
LF:22
LH:22
BRDA:43,0,0,1
BRDA:43,0,1,1
BRDA:79,1,0,1
BRDA:79,1,1,5
BRDA:91,2,0,6
BRDA:91,2,1,5
BRF:6
BRH:6
end_of_record
TN:
SF:service\api-service.js
FN:18,(anonymous_0)
FN:28,(anonymous_1)
FN:32,(anonymous_2)
FN:35,(anonymous_3)
FN:52,(anonymous_4)
FN:56,(anonymous_5)
FN:59,(anonymous_6)
FN:72,(anonymous_7)
FN:74,(anonymous_8)
FN:86,(anonymous_9)
FN:88,(anonymous_10)
FN:100,(anonymous_11)
FN:102,(anonymous_12)
FN:115,(anonymous_13)
FN:118,(anonymous_14)
FN:121,(anonymous_15)
FN:128,(anonymous_16)
FN:131,(anonymous_17)
FN:144,(anonymous_18)
FN:149,(anonymous_19)
FN:152,(anonymous_20)
FN:164,(anonymous_21)
FN:167,(anonymous_22)
FN:170,(anonymous_23)
FN:180,(anonymous_24)
FN:183,(anonymous_25)
FN:200,(anonymous_26)
FNF:27
FNH:26
FNDA:62,(anonymous_0)
FNDA:5,(anonymous_1)
FNDA:2,(anonymous_2)
FNDA:3,(anonymous_3)
FNDA:4,(anonymous_4)
FNDA:1,(anonymous_5)
FNDA:3,(anonymous_6)
FNDA:4,(anonymous_7)
FNDA:2,(anonymous_8)
FNDA:2,(anonymous_9)
FNDA:2,(anonymous_10)
FNDA:4,(anonymous_11)
FNDA:4,(anonymous_12)
FNDA:6,(anonymous_13)
FNDA:1,(anonymous_14)
FNDA:2,(anonymous_15)
FNDA:1,(anonymous_16)
FNDA:2,(anonymous_17)
FNDA:3,(anonymous_18)
FNDA:1,(anonymous_19)
FNDA:2,(anonymous_20)
FNDA:7,(anonymous_21)
FNDA:1,(anonymous_22)
FNDA:3,(anonymous_23)
FNDA:0,(anonymous_24)
FNDA:3,(anonymous_25)
FNDA:6,(anonymous_26)
DA:19,62
DA:29,5
DA:33,2
DA:36,3
DA:37,1
DA:39,3
DA:40,1
DA:42,2
DA:43,1
DA:53,4
DA:57,1
DA:60,3
DA:61,1
DA:63,2
DA:64,1
DA:73,4
DA:75,2
DA:76,1
DA:78,1
DA:87,2
DA:89,2
DA:90,1
DA:92,1
DA:101,4
DA:103,4
DA:104,2
DA:106,2
DA:116,6
DA:117,3
DA:119,1
DA:122,2
DA:123,1
DA:127,3
DA:129,1
DA:132,2
DA:133,1
DA:145,3
DA:150,1
DA:153,2
DA:154,1
DA:165,7
DA:166,4
DA:168,1
DA:171,3
DA:172,1
DA:174,2
DA:175,1
DA:179,3
DA:181,0
DA:184,3
DA:185,1
DA:187,2
DA:188,1
DA:199,3
DA:200,3
DA:201,6
DA:203,3
LF:57
LH:56
BRDA:36,0,0,1
BRDA:36,0,1,2
BRDA:39,1,0,1
BRDA:39,1,1,2
BRDA:42,2,0,1
BRDA:42,2,1,1
BRDA:42,3,0,2
BRDA:42,3,1,1
BRDA:60,4,0,1
BRDA:60,4,1,2
BRDA:63,5,0,1
BRDA:63,5,1,1
BRDA:75,6,0,1
BRDA:75,6,1,1
BRDA:89,7,0,1
BRDA:89,7,1,1
BRDA:103,8,0,2
BRDA:103,8,1,2
BRDA:116,9,0,3
BRDA:116,9,1,3
BRDA:122,10,0,1
BRDA:122,10,1,1
BRDA:132,11,0,1
BRDA:132,11,1,1
BRDA:153,12,0,1
BRDA:153,12,1,1
BRDA:165,13,0,4
BRDA:165,13,1,3
BRDA:171,14,0,1
BRDA:171,14,1,2
BRDA:174,15,0,1
BRDA:174,15,1,1
BRDA:184,16,0,1
BRDA:184,16,1,2
BRDA:187,17,0,1
BRDA:187,17,1,1
BRF:36
BRH:36
end_of_record
TN:
SF:service\id-service.js
FN:10,(anonymous_0)
FNF:1
FNH:1
FNDA:202,(anonymous_0)
DA:5,6
DA:11,202
DA:12,202
LF:3
LH:3
BRF:0
BRH:0
end_of_record
TN:
SF:service\request-service.js
FN:14,(anonymous_0)
FN:36,(anonymous_1)
FN:56,(anonymous_2)
FN:66,(anonymous_3)
FN:77,(anonymous_4)
FN:95,(anonymous_5)
FN:106,(anonymous_6)
FNF:7
FNH:7
FNDA:3,(anonymous_0)
FNDA:1,(anonymous_1)
FNDA:4,(anonymous_2)
FNDA:2,(anonymous_3)
FNDA:1,(anonymous_4)
FNDA:1,(anonymous_5)
FNDA:1,(anonymous_6)
DA:15,3
DA:23,3
DA:24,3
DA:26,1
DA:37,1
DA:44,1
DA:45,1
DA:47,1
DA:57,4
DA:65,2
DA:67,2
DA:69,2
DA:78,1
DA:85,1
DA:96,1
DA:105,1
DA:107,1
DA:109,1
LF:18
LH:18
BRF:0
BRH:0
end_of_record
TN:
SF:service\response.js
FN:12,(anonymous_0)
FN:20,(anonymous_1)
FN:26,(anonymous_2)
FNF:3
FNH:3
FNDA:35,(anonymous_0)
FNDA:47,(anonymous_1)
FNDA:16,(anonymous_2)
DA:13,35
DA:14,35
DA:21,47
DA:27,16
LF:4
LH:4
BRF:0
BRH:0
end_of_record
TN:
SF:service\title-service.js
FN:13,(anonymous_0)
FN:21,(anonymous_1)
FN:30,(anonymous_2)
FNF:3
FNH:3
FNDA:7,(anonymous_0)
FNDA:10,(anonymous_1)
FNDA:12,(anonymous_2)
DA:7,7
DA:14,7
DA:15,7
DA:22,10
DA:23,10
DA:31,12
LF:6
LH:6
BRF:0
BRH:0
end_of_record
TN:
SF:service\errors\general-server-error.js
FN:11,(anonymous_0)
FN:19,(anonymous_1)
FNF:2
FNH:2
FNDA:12,(anonymous_0)
FNDA:3,(anonymous_1)
DA:12,12
DA:13,12
DA:20,3
LF:3
LH:3
BRF:0
BRH:0
end_of_record
TN:
SF:service\errors\login-failed-error.js
FN:12,(anonymous_0)
FN:20,(anonymous_1)
FNF:2
FNH:2
FNDA:2,(anonymous_0)
FNDA:1,(anonymous_1)
DA:13,2
DA:14,2
DA:21,1
LF:3
LH:3
BRF:0
BRH:0
end_of_record
TN:
SF:service\errors\register-error.js
FN:18,(anonymous_0)
FN:26,(anonymous_1)
FNF:2
FNH:2
FNDA:2,(anonymous_0)
FNDA:1,(anonymous_1)
DA:19,2
DA:20,2
DA:27,1
LF:3
LH:3
BRF:0
BRH:0
end_of_record
TN:
SF:service\errors\rename-item-validation-error.js
FN:9,(anonymous_0)
FNF:1
FNH:1
FNDA:3,(anonymous_0)
DA:10,3
DA:11,3
LF:2
LH:2
BRF:0
BRH:0
end_of_record
TN:
SF:service\errors\service-error.js
FN:8,(anonymous_0)
FNF:1
FNH:1
FNDA:1,(anonymous_0)
LF:0
LH:0
BRF:0
BRH:0
end_of_record
TN:
SF:service\state-management\removal-observer.js
FN:10,(anonymous_0)
FN:17,(anonymous_1)
FN:21,(anonymous_2)
FN:23,(anonymous_3)
FN:42,(anonymous_4)
FNF:5
FNH:5
FNDA:5,(anonymous_0)
FNDA:53,(anonymous_1)
FNDA:178,(anonymous_2)
FNDA:178,(anonymous_3)
FNDA:28,(anonymous_4)
DA:5,5
DA:11,5
DA:13,5
DA:17,5
DA:18,53
DA:19,299
DA:20,299
DA:21,299
DA:22,178
DA:23,178
DA:24,178
DA:25,0
DA:26,0
DA:33,5
DA:34,5
DA:43,28
DA:47,5
LF:17
LH:15
BRDA:19,0,0,299
BRDA:19,0,1,0
BRDA:24,1,0,0
BRDA:24,1,1,178
BRF:4
BRH:2
end_of_record
TN:
SF:service\state-management\state-management-service.js
FN:23,(anonymous_0)
FN:43,(anonymous_1)
FN:44,(anonymous_2)
FN:48,(anonymous_3)
FN:61,(anonymous_4)
FN:72,(anonymous_5)
FN:74,(anonymous_6)
FN:85,(anonymous_7)
FNF:8
FNH:8
FNDA:37,(anonymous_0)
FNDA:20,(anonymous_1)
FNDA:26,(anonymous_2)
FNDA:453,(anonymous_3)
FNDA:6,(anonymous_4)
FNDA:147,(anonymous_5)
FNDA:26,(anonymous_6)
FNDA:16,(anonymous_7)
DA:24,37
DA:25,37
DA:26,37
DA:36,26
DA:44,20
DA:45,26
DA:46,26
DA:47,26
DA:48,26
DA:49,453
DA:50,26
DA:62,6
DA:73,147
DA:74,147
DA:75,147
DA:77,147
DA:86,16
LF:17
LH:17
BRDA:25,0,0,37
BRDA:25,0,1,0
BRDA:49,1,0,26
BRDA:49,1,1,427
BRF:4
BRH:3
end_of_record
TN:
SF:service\state-management\state.js
FN:80,(anonymous_0)
FN:92,(anonymous_1)
FN:93,(anonymous_2)
FN:102,(anonymous_3)
FNF:4
FNH:4
FNDA:133,(anonymous_0)
FNDA:1586,(anonymous_1)
FNDA:1584,(anonymous_2)
FNDA:2747,(anonymous_3)
DA:81,133
DA:82,133
DA:90,133
DA:91,133
DA:92,1586
DA:93,1584
DA:102,245
DA:103,2747
DA:105,2747
DA:106,112
DA:109,245
LF:11
LH:11
BRDA:80,0,0,0
BRDA:105,1,0,112
BRDA:105,1,1,2635
BRDA:105,2,0,2747
BRDA:105,2,1,641
BRF:5
BRH:4
end_of_record
TN:
SF:service\state-management\constatns\mutators.js
FN:22,(anonymous_0)
FN:25,(anonymous_1)
FN:28,(anonymous_2)
FN:31,(anonymous_3)
FN:37,(anonymous_4)
FN:43,(anonymous_5)
FN:46,(anonymous_6)
FN:52,(anonymous_7)
FN:62,(anonymous_8)
FN:72,(anonymous_9)
FN:75,(anonymous_10)
FN:78,(anonymous_11)
FN:81,(anonymous_12)
FN:84,(anonymous_13)
FN:87,(anonymous_14)
FN:90,(anonymous_15)
FN:93,(anonymous_16)
FN:96,(anonymous_17)
FNF:18
FNH:18
FNDA:4,(anonymous_0)
FNDA:2,(anonymous_1)
FNDA:13,(anonymous_2)
FNDA:4,(anonymous_3)
FNDA:1,(anonymous_4)
FNDA:1,(anonymous_5)
FNDA:5,(anonymous_6)
FNDA:3,(anonymous_7)
FNDA:5,(anonymous_8)
FNDA:1,(anonymous_9)
FNDA:2,(anonymous_10)
FNDA:1,(anonymous_11)
FNDA:1,(anonymous_12)
FNDA:1,(anonymous_13)
FNDA:1,(anonymous_14)
FNDA:3,(anonymous_15)
FNDA:1,(anonymous_16)
FNDA:1,(anonymous_17)
DA:1,21
DA:21,21
DA:23,4
DA:26,2
DA:29,13
DA:32,4
DA:33,3
DA:35,1
DA:38,1
DA:39,1
DA:41,0
DA:44,1
DA:47,5
DA:48,3
DA:50,2
DA:53,3
DA:54,2
DA:60,1
DA:63,5
DA:64,3
DA:70,2
DA:73,1
DA:76,2
DA:79,1
DA:82,1
DA:85,1
DA:88,1
DA:91,3
DA:94,1
DA:97,1
LF:30
LH:29
BRDA:32,0,0,3
BRDA:32,0,1,1
BRDA:38,1,0,1
BRDA:38,1,1,0
BRDA:47,2,0,3
BRDA:47,2,1,2
BRDA:53,3,0,2
BRDA:53,3,1,1
BRDA:63,4,0,3
BRDA:63,4,1,2
BRF:10
BRH:9
end_of_record
TN:
SF:validation\validation-config.js
FN:10,(anonymous_0)
FN:18,(anonymous_1)
FN:35,(anonymous_2)
FN:44,(anonymous_3)
FNF:4
FNH:4
FNDA:13,(anonymous_0)
FNDA:13,(anonymous_1)
FNDA:33,(anonymous_2)
FNDA:13,(anonymous_3)
DA:11,13
DA:19,13
DA:27,13
DA:36,33
DA:37,33
DA:45,13
LF:6
LH:6
BRF:0
BRH:0
end_of_record
TN:
SF:validation\validation-error-result.js
FN:12,(anonymous_0)
FNF:1
FNH:1
FNDA:6,(anonymous_0)
DA:13,6
DA:14,6
LF:2
LH:2
BRF:0
BRH:0
end_of_record
TN:
SF:validation\validation-error.js
FN:15,(anonymous_0)
FNF:1
FNH:1
FNDA:21,(anonymous_0)
DA:16,21
DA:17,21
LF:2
LH:2
BRF:0
BRH:0
end_of_record
TN:
SF:validation\validator-service.js
FN:16,(anonymous_0)
FN:17,(anonymous_1)
FN:18,(anonymous_2)
FN:20,(anonymous_3)
FN:21,(anonymous_4)
FN:26,(anonymous_5)
FN:28,(anonymous_6)
FN:29,(anonymous_7)
FNF:8
FNH:8
FNDA:13,(anonymous_0)
FNDA:33,(anonymous_1)
FNDA:33,(anonymous_2)
FNDA:46,(anonymous_3)
FNDA:21,(anonymous_4)
FNDA:13,(anonymous_5)
FNDA:46,(anonymous_6)
FNDA:21,(anonymous_7)
DA:17,33
DA:18,13
DA:19,33
DA:20,46
DA:22,21
DA:25,13
DA:26,13
DA:27,13
DA:28,46
DA:29,21
DA:30,13
DA:31,6
LF:12
LH:12
BRDA:30,0,0,6
BRDA:30,0,1,7
BRF:2
BRH:2
end_of_record
TN:
SF:validation\validators.js
FN:6,validateEmail
FN:7,(anonymous_1)
FN:21,validateSize
FN:22,(anonymous_3)
FN:23,(anonymous_4)
FN:38,validatePasswordEquality
FN:39,(anonymous_6)
FN:40,(anonymous_7)
FNF:8
FNH:8
FNDA:23,validateEmail
FNDA:23,(anonymous_1)
FNDA:28,validateSize
FNDA:38,(anonymous_3)
FNDA:38,(anonymous_4)
FNDA:14,validatePasswordEquality
FNDA:14,(anonymous_6)
FNDA:14,(anonymous_7)
DA:7,23
DA:8,23
DA:9,12
DA:11,11
DA:22,28
DA:23,38
DA:24,38
DA:25,17
DA:27,21
DA:39,14
DA:40,14
DA:41,14
DA:42,7
DA:44,7
LF:14
LH:14
BRDA:8,0,0,12
BRDA:8,0,1,11
BRDA:24,1,0,17
BRDA:24,1,1,21
BRDA:24,2,0,38
BRDA:24,2,1,33
BRDA:41,3,0,7
BRDA:41,3,1,7
BRF:8
BRH:8
end_of_record
