TN:
SF:src\application-context.js
FN:9,<instance_members_initializer>
FN:15,ApplicationContext
FN:26,get titleService
FN:33,get apiService
FNF:4
FNH:4
FNDA:4,<instance_members_initializer>
FNDA:4,ApplicationContext
FNDA:1,get titleService
FNDA:1,get apiService
DA:1,3
DA:2,3
DA:3,3
DA:4,3
DA:5,3
DA:6,3
DA:7,3
DA:8,3
DA:9,3
DA:10,3
DA:11,3
DA:12,3
DA:13,3
DA:14,3
DA:15,3
DA:16,4
DA:17,4
DA:18,4
DA:19,4
DA:20,4
DA:21,3
DA:22,3
DA:23,3
DA:24,3
DA:25,3
DA:26,3
DA:27,1
DA:28,1
DA:29,3
DA:30,3
DA:31,3
DA:32,3
DA:33,3
DA:34,1
DA:35,1
DA:36,3
LF:36
LH:36
BRDA:1,0,0,3
BRDA:9,1,0,4
BRDA:15,2,0,4
BRDA:26,3,0,1
BRDA:33,4,0,1
BRF:5
BRH:5
end_of_record
TN:
SF:src\authorisation-data.js
FN:5,<instance_members_initializer>
FN:12,AuthorisationData
FN:20,get loginName
FN:27,get password
FNF:4
FNH:4
FNDA:26,<instance_members_initializer>
FNDA:26,AuthorisationData
FNDA:9,get loginName
FNDA:9,get password
DA:1,8
DA:2,8
DA:3,8
DA:4,8
DA:5,8
DA:6,8
DA:7,8
DA:8,8
DA:9,8
DA:10,8
DA:11,8
DA:12,8
DA:13,26
DA:14,26
DA:15,26
DA:16,8
DA:17,8
DA:18,8
DA:19,8
DA:20,8
DA:21,9
DA:22,9
DA:23,8
DA:24,8
DA:25,8
DA:26,8
DA:27,8
DA:28,9
DA:29,9
DA:30,8
LF:30
LH:30
BRDA:1,0,0,8
BRDA:5,1,0,26
BRDA:12,2,0,26
BRDA:20,3,0,9
BRDA:27,4,0,9
BRF:5
BRH:5
end_of_record
TN:
SF:src\preconditions.js
FN:11,checkType
FN:22,checkForRegExp
FN:33,checkNotUndefined
FNF:3
FNH:3
FNDA:307,checkType
FNDA:39,checkForRegExp
FNDA:10,checkNotUndefined
DA:1,12
DA:2,12
DA:3,12
DA:4,12
DA:5,12
DA:6,12
DA:7,12
DA:8,12
DA:9,12
DA:10,12
DA:11,12
DA:12,307
DA:13,23
DA:14,23
DA:15,307
DA:16,12
DA:17,12
DA:18,12
DA:19,12
DA:20,12
DA:21,12
DA:22,12
DA:23,39
DA:24,0
DA:25,0
DA:26,39
DA:27,12
DA:28,12
DA:29,12
DA:30,12
DA:31,12
DA:32,12
DA:33,12
DA:34,10
DA:35,3
DA:36,3
DA:37,10
DA:38,12
LF:38
LH:36
BRDA:1,0,0,12
BRDA:11,1,0,307
BRDA:12,2,0,23
BRDA:22,3,0,39
BRDA:23,4,0,0
BRDA:33,5,0,10
BRDA:34,6,0,3
BRF:7
BRH:6
end_of_record
TN:
SF:src\actions\action-constants.js
FNF:0
FNH:0
DA:1,1
DA:2,2
DA:3,2
DA:4,2
DA:5,2
DA:6,2
LF:6
LH:6
BRDA:2,0,0,2
BRF:1
BRH:1
end_of_record
TN:
SF:src\actions\action.js
FN:8,execute
FNF:1
FNH:0
FNDA:0,execute
DA:1,2
DA:2,2
DA:3,2
DA:4,2
DA:5,2
DA:6,2
DA:7,2
DA:8,2
DA:9,2
LF:9
LH:9
BRDA:1,0,0,2
BRF:1
BRH:1
end_of_record
TN:
SF:src\actions\user-action.js
FN:15,execute
FNF:1
FNH:1
FNDA:3,execute
DA:1,2
DA:2,2
DA:3,2
DA:4,2
DA:5,2
DA:6,2
DA:7,2
DA:8,2
DA:9,2
DA:10,2
DA:11,2
DA:12,2
DA:13,2
DA:14,2
DA:15,2
DA:16,3
DA:17,3
DA:18,3
DA:19,3
DA:20,0
DA:21,3
DA:22,3
DA:23,0
DA:24,3
DA:25,3
DA:26,0
DA:27,3
DA:28,3
DA:29,2
LF:29
LH:26
BRDA:1,0,0,2
BRDA:15,1,0,3
BRF:2
BRH:2
end_of_record
TN:
SF:src\authorization\authorisation-form.js
FN:24,<instance_members_initializer>
FN:37,AuthorisationForm
FN:45,afterRender
FN:107,onNavigateToRegistration
FN:117,onSubmit
FN:126,set serverError
FN:136,#validateForm
FN:151,#setValidationErrors
FN:159,markup
FNF:9
FNH:9
FNDA:15,<instance_members_initializer>
FNDA:15,AuthorisationForm
FNDA:56,afterRender
FNDA:5,onNavigateToRegistration
FNDA:5,onSubmit
FNDA:13,set serverError
FNDA:11,#validateForm
FNDA:17,#setValidationErrors
FNDA:56,markup
DA:1,2
DA:2,2
DA:3,2
DA:4,2
DA:5,2
DA:6,2
DA:7,2
DA:8,2
DA:9,2
DA:10,2
DA:11,2
DA:12,2
DA:13,2
DA:14,2
DA:15,2
DA:16,2
DA:17,2
DA:18,2
DA:19,2
DA:20,2
DA:21,2
DA:22,2
DA:23,2
DA:24,2
DA:25,15
DA:26,15
DA:27,15
DA:28,15
DA:29,15
DA:30,15
DA:31,15
DA:32,2
DA:33,2
DA:34,2
DA:35,2
DA:36,2
DA:37,2
DA:38,15
DA:39,15
DA:40,15
DA:41,2
DA:42,2
DA:43,2
DA:44,2
DA:45,2
DA:46,56
DA:47,56
DA:48,56
DA:49,224
DA:50,224
DA:51,224
DA:52,224
DA:53,224
DA:54,224
DA:55,224
DA:56,224
DA:57,56
DA:58,56
DA:59,56
DA:60,168
DA:61,168
DA:62,168
DA:63,168
DA:64,168
DA:65,168
DA:66,168
DA:67,168
DA:68,56
DA:69,56
DA:70,56
DA:71,112
DA:72,112
DA:73,112
DA:74,2
DA:75,112
DA:76,56
DA:77,56
DA:78,56
DA:79,56
DA:80,56
DA:81,11
DA:82,11
DA:83,11
DA:84,5
DA:85,5
DA:86,5
DA:87,11
DA:88,11
DA:89,6
DA:90,13
DA:91,13
DA:92,13
DA:93,6
DA:94,6
DA:95,6
DA:96,11
DA:97,11
DA:98,11
DA:99,11
DA:100,56
DA:101,56
DA:102,2
DA:103,2
DA:104,2
DA:105,2
DA:106,2
DA:107,2
DA:108,5
DA:109,2
DA:110,5
DA:111,5
DA:112,2
DA:113,2
DA:114,2
DA:115,2
DA:116,2
DA:117,2
DA:118,5
DA:119,3
DA:120,5
DA:121,5
DA:122,2
DA:123,2
DA:124,2
DA:125,2
DA:126,2
DA:127,13
DA:128,13
DA:129,13
DA:130,2
DA:131,2
DA:132,2
DA:133,2
DA:134,2
DA:135,2
DA:136,2
DA:137,11
DA:138,11
DA:139,11
DA:140,11
DA:141,11
DA:142,11
DA:143,11
DA:144,11
DA:145,11
DA:146,2
DA:147,2
DA:148,2
DA:149,2
DA:150,2
DA:151,2
DA:152,17
DA:153,17
DA:154,17
DA:155,2
DA:156,2
DA:157,2
DA:158,2
DA:159,2
DA:160,56
DA:161,56
DA:162,56
DA:163,56
DA:164,2
LF:164
LH:164
BRDA:1,0,0,2
BRDA:24,1,0,15
BRDA:37,2,0,15
BRDA:45,3,0,56
BRDA:48,4,0,224
BRDA:59,5,0,168
BRDA:70,6,0,112
BRDA:73,7,0,2
BRDA:80,8,0,11
BRDA:83,9,0,5
BRDA:88,10,0,6
BRDA:89,11,0,13
BRDA:90,12,0,9
BRDA:107,13,0,5
BRDA:108,14,0,2
BRDA:117,15,0,5
BRDA:118,16,0,3
BRDA:126,17,0,13
BRDA:136,18,0,11
BRDA:151,19,0,17
BRDA:159,20,0,56
BRF:21
BRH:21
end_of_record
TN:
SF:src\authorization\authorisation-page.js
FN:10,<instance_members_initializer>
FN:20,AuthorisationPage
FN:30,afterRender
FN:53,onNavigateToRegistration
FN:61,onSuccessSubmit
FN:68,markup
FNF:6
FNH:6
FNDA:4,<instance_members_initializer>
FNDA:4,AuthorisationPage
FNDA:4,afterRender
FNDA:1,onNavigateToRegistration
FNDA:1,onSuccessSubmit
FNDA:4,markup
DA:1,1
DA:2,1
DA:3,1
DA:4,1
DA:5,1
DA:6,1
DA:7,1
DA:8,1
DA:9,1
DA:10,1
DA:11,4
DA:12,4
DA:13,1
DA:14,1
DA:15,1
DA:16,1
DA:17,1
DA:18,1
DA:19,1
DA:20,1
DA:21,4
DA:22,4
DA:23,4
DA:24,4
DA:25,4
DA:26,1
DA:27,1
DA:28,1
DA:29,1
DA:30,1
DA:31,4
DA:32,4
DA:33,4
DA:34,1
DA:35,4
DA:36,4
DA:37,4
DA:38,2
DA:39,2
DA:40,1
DA:41,1
DA:42,2
DA:43,2
DA:44,1
DA:45,2
DA:46,4
DA:47,4
DA:48,1
DA:49,1
DA:50,1
DA:51,1
DA:52,1
DA:53,1
DA:54,1
DA:55,1
DA:56,1
DA:57,1
DA:58,1
DA:59,1
DA:60,1
DA:61,1
DA:62,1
DA:63,1
DA:64,1
DA:65,1
DA:66,1
DA:67,1
DA:68,1
DA:69,4
DA:70,4
DA:71,4
DA:72,4
DA:73,4
DA:74,4
DA:75,4
DA:76,4
DA:77,4
DA:78,4
DA:79,4
DA:80,4
DA:81,4
DA:82,4
DA:83,4
DA:84,1
LF:84
LH:84
BRDA:1,0,0,1
BRDA:10,1,0,4
BRDA:20,2,0,4
BRDA:30,3,0,4
BRDA:33,4,0,1
BRDA:37,5,0,2
BRDA:39,6,0,1
BRDA:43,7,0,1
BRDA:53,8,0,1
BRDA:61,9,0,1
BRDA:68,10,0,4
BRF:11
BRH:11
end_of_record
TN:
SF:src\components\account-name.js
FN:7,<instance_members_initializer>
FN:13,AccountName
FN:22,markup
FNF:3
FNH:3
FNDA:1,<instance_members_initializer>
FNDA:1,AccountName
FNDA:1,markup
DA:1,1
DA:2,1
DA:3,1
DA:4,1
DA:5,1
DA:6,1
DA:7,1
DA:8,1
DA:9,1
DA:10,1
DA:11,1
DA:12,1
DA:13,1
DA:14,1
DA:15,1
DA:16,1
DA:17,1
DA:18,1
DA:19,1
DA:20,1
DA:21,1
DA:22,1
DA:23,1
DA:24,1
DA:25,1
DA:26,1
DA:27,1
LF:27
LH:27
BRDA:1,0,0,1
BRDA:7,1,0,1
BRDA:13,2,0,1
BRDA:22,3,0,1
BRF:4
BRH:4
end_of_record
TN:
SF:src\components\button.js
FN:7,<instance_members_initializer>
FN:13,Button
FN:22,markup
FNF:3
FNH:3
FNDA:677,<instance_members_initializer>
FNDA:677,Button
FNDA:677,markup
DA:1,6
DA:2,6
DA:3,6
DA:4,6
DA:5,6
DA:6,6
DA:7,6
DA:8,6
DA:9,6
DA:10,6
DA:11,6
DA:12,6
DA:13,6
DA:14,677
DA:15,677
DA:16,677
DA:17,677
DA:18,6
DA:19,6
DA:20,6
DA:21,6
DA:22,6
DA:23,677
DA:24,677
DA:25,677
DA:26,677
DA:27,677
DA:28,677
DA:29,6
LF:29
LH:29
BRDA:1,0,0,6
BRDA:7,1,0,677
BRDA:13,2,0,677
BRDA:22,3,0,677
BRF:4
BRH:4
end_of_record
TN:
SF:src\components\component.js
FN:5,<instance_members_initializer>
FN:12,Component
FN:21,init
FN:33,markup
FN:41,afterRender
FN:49,getSlot
FN:62,addSlot
FN:72,markElement
FN:80,render
FN:89,#createDomTree
FN:106,#createNewElement
FNF:11
FNH:9
FNDA:2275,<instance_members_initializer>
FNDA:2275,Component
FNDA:2275,init
FNDA:0,markup
FNDA:1858,afterRender
FNDA:2039,getSlot
FNDA:2158,addSlot
FNDA:0,markElement
FNDA:2917,render
FNDA:2917,#createDomTree
FNDA:2917,#createNewElement
DA:1,13
DA:2,13
DA:3,13
DA:4,13
DA:5,13
DA:6,2275
DA:7,13
DA:8,13
DA:9,13
DA:10,13
DA:11,13
DA:12,13
DA:13,2275
DA:14,2275
DA:15,13
DA:16,13
DA:17,13
DA:18,13
DA:19,13
DA:20,13
DA:21,13
DA:22,2275
DA:23,2275
DA:24,2275
DA:25,13
DA:26,13
DA:27,13
DA:28,13
DA:29,13
DA:30,13
DA:31,13
DA:32,13
DA:33,13
DA:34,0
DA:35,13
DA:36,13
DA:37,13
DA:38,13
DA:39,13
DA:40,13
DA:41,13
DA:42,13
DA:43,13
DA:44,13
DA:45,13
DA:46,13
DA:47,13
DA:48,13
DA:49,13
DA:50,2039
DA:51,0
DA:52,0
DA:53,2039
DA:54,2039
DA:55,13
DA:56,13
DA:57,13
DA:58,13
DA:59,13
DA:60,13
DA:61,13
DA:62,13
DA:63,2158
DA:64,2158
DA:65,13
DA:66,13
DA:67,13
DA:68,13
DA:69,13
DA:70,13
DA:71,13
DA:72,13
DA:73,0
DA:74,0
DA:75,13
DA:76,13
DA:77,13
DA:78,13
DA:79,13
DA:80,13
DA:81,2917
DA:82,2917
DA:83,2917
DA:84,2917
DA:85,2917
DA:86,13
DA:87,13
DA:88,13
DA:89,13
DA:90,2917
DA:91,2917
DA:92,2917
DA:93,2917
DA:94,2275
DA:95,2916
DA:96,642
DA:97,642
DA:98,2915
DA:99,2915
DA:100,2917
DA:101,13
DA:102,13
DA:103,13
DA:104,13
DA:105,13
DA:106,13
DA:107,2917
DA:108,2917
DA:109,2917
DA:110,2917
DA:111,2917
DA:112,13
LF:112
LH:107
BRDA:1,0,0,13
BRDA:5,1,0,2275
BRDA:12,2,0,2275
BRDA:21,3,0,2275
BRDA:41,4,0,1858
BRDA:49,5,0,2039
BRDA:50,6,0,0
BRDA:62,7,0,2158
BRDA:80,8,0,2917
BRDA:89,9,0,2917
BRDA:93,10,0,2916
BRDA:93,11,0,2275
BRDA:95,12,0,642
BRDA:98,13,0,2915
BRDA:106,14,0,2917
BRF:15
BRH:14
end_of_record
TN:
SF:src\components\error-message.js
FN:7,<instance_members_initializer>
FN:13,ErrorMessage
FN:22,markup
FNF:3
FNH:3
FNDA:1,<instance_members_initializer>
FNDA:1,ErrorMessage
FNDA:1,markup
DA:1,1
DA:2,1
DA:3,1
DA:4,1
DA:5,1
DA:6,1
DA:7,1
DA:8,1
DA:9,1
DA:10,1
DA:11,1
DA:12,1
DA:13,1
DA:14,1
DA:15,1
DA:16,1
DA:17,1
DA:18,1
DA:19,1
DA:20,1
DA:21,1
DA:22,1
DA:23,1
DA:24,1
DA:25,1
DA:26,1
DA:27,1
DA:28,1
LF:28
LH:28
BRDA:1,0,0,1
BRDA:7,1,0,1
BRDA:13,2,0,1
BRDA:22,3,0,1
BRF:4
BRH:4
end_of_record
TN:
SF:src\components\form-control.js
FN:8,<instance_members_initializer>
FN:30,FormControl
FN:52,set errorMessages
FN:60,markup
FNF:4
FNH:4
FNDA:1177,<instance_members_initializer>
FNDA:1177,FormControl
FNDA:1,set errorMessages
FNDA:1178,markup
DA:1,6
DA:2,6
DA:3,6
DA:4,6
DA:5,6
DA:6,6
DA:7,6
DA:8,6
DA:9,1177
DA:10,1177
DA:11,1177
DA:12,1177
DA:13,1177
DA:14,6
DA:15,6
DA:16,6
DA:17,6
DA:18,6
DA:19,6
DA:20,6
DA:21,6
DA:22,6
DA:23,6
DA:24,6
DA:25,6
DA:26,6
DA:27,6
DA:28,6
DA:29,6
DA:30,6
DA:31,1177
DA:32,1177
DA:33,1177
DA:34,1177
DA:35,1177
DA:36,1177
DA:37,1177
DA:38,1177
DA:39,1177
DA:40,1177
DA:41,1177
DA:42,1177
DA:43,1177
DA:44,1177
DA:45,1177
DA:46,1177
DA:47,1177
DA:48,6
DA:49,6
DA:50,6
DA:51,6
DA:52,6
DA:53,1
DA:54,1
DA:55,1
DA:56,6
DA:57,6
DA:58,6
DA:59,6
DA:60,6
DA:61,1178
DA:62,1178
DA:63,1178
DA:64,1178
DA:65,1178
DA:66,1178
DA:67,1178
DA:68,1178
DA:69,1178
DA:70,1178
DA:71,1178
DA:72,1178
DA:73,1178
DA:74,1178
DA:75,1178
DA:76,1178
DA:77,1178
DA:78,6
LF:78
LH:78
BRDA:1,0,0,6
BRDA:8,1,0,1177
BRDA:30,2,0,1177
BRDA:52,3,0,1
BRDA:60,4,0,1178
BRDA:62,5,0,552
BRDA:70,6,0,130
BRDA:70,7,0,1048
BRDA:73,8,0,626
BRDA:62,9,0,179
BRF:10
BRH:10
end_of_record
TN:
SF:src\components\form.js
FN:10,<instance_members_initializer>
FN:20,Form
FN:30,addInput
FN:39,addFooter
FN:48,onSubmit
FN:58,set serverError
FN:66,afterRender
FN:85,markup
FNF:8
FNH:8
FNDA:123,<instance_members_initializer>
FNDA:123,Form
FNDA:309,addInput
FNDA:123,addFooter
FNDA:122,onSubmit
FNDA:121,set serverError
FNDA:676,afterRender
FNDA:676,markup
DA:1,5
DA:2,5
DA:3,5
DA:4,5
DA:5,5
DA:6,5
DA:7,5
DA:8,5
DA:9,5
DA:10,5
DA:11,123
DA:12,123
DA:13,123
DA:14,5
DA:15,5
DA:16,5
DA:17,5
DA:18,5
DA:19,5
DA:20,5
DA:21,123
DA:22,123
DA:23,123
DA:24,123
DA:25,5
DA:26,5
DA:27,5
DA:28,5
DA:29,5
DA:30,5
DA:31,309
DA:32,309
DA:33,309
DA:34,5
DA:35,5
DA:36,5
DA:37,5
DA:38,5
DA:39,5
DA:40,123
DA:41,123
DA:42,123
DA:43,5
DA:44,5
DA:45,5
DA:46,5
DA:47,5
DA:48,5
DA:49,122
DA:50,26
DA:51,26
DA:52,122
DA:53,122
DA:54,5
DA:55,5
DA:56,5
DA:57,5
DA:58,5
DA:59,121
DA:60,121
DA:61,121
DA:62,5
DA:63,5
DA:64,5
DA:65,5
DA:66,5
DA:67,676
DA:68,676
DA:69,676
DA:70,676
DA:71,676
DA:72,676
DA:73,676
DA:74,676
DA:75,676
DA:76,676
DA:77,27
DA:78,27
DA:79,676
DA:80,676
DA:81,5
DA:82,5
DA:83,5
DA:84,5
DA:85,5
DA:86,676
DA:87,676
DA:88,676
DA:89,676
DA:90,676
DA:91,676
DA:92,676
DA:93,676
DA:94,676
DA:95,676
DA:96,676
DA:97,676
DA:98,676
DA:99,676
DA:100,676
DA:101,5
LF:101
LH:101
BRDA:1,0,0,5
BRDA:10,1,0,123
BRDA:20,2,0,123
BRDA:30,3,0,309
BRDA:39,4,0,123
BRDA:48,5,0,122
BRDA:49,6,0,26
BRDA:58,7,0,121
BRDA:66,8,0,676
BRDA:74,9,0,244
BRDA:71,10,0,1176
BRDA:76,11,0,27
BRDA:85,12,0,676
BRDA:95,13,0,4
BRDA:95,14,0,672
BRDA:96,15,0,590
BRF:16
BRH:16
end_of_record
TN:
SF:src\components\link.js
FN:9,<instance_members_initializer>
FN:17,Link
FN:26,afterRender
FN:36,set iconClass
FN:45,onClick
FN:53,markup
FNF:6
FNH:6
FNDA:249,<instance_members_initializer>
FNDA:249,Link
FNDA:248,afterRender
FNDA:1,set iconClass
FNDA:243,onClick
FNDA:250,markup
DA:1,7
DA:2,7
DA:3,7
DA:4,7
DA:5,7
DA:6,7
DA:7,7
DA:8,7
DA:9,7
DA:10,249
DA:11,7
DA:12,7
DA:13,7
DA:14,7
DA:15,7
DA:16,7
DA:17,7
DA:18,249
DA:19,249
DA:20,249
DA:21,249
DA:22,7
DA:23,7
DA:24,7
DA:25,7
DA:26,7
DA:27,248
DA:28,5
DA:29,5
DA:30,248
DA:31,248
DA:32,7
DA:33,7
DA:34,7
DA:35,7
DA:36,7
DA:37,1
DA:38,1
DA:39,1
DA:40,7
DA:41,7
DA:42,7
DA:43,7
DA:44,7
DA:45,7
DA:46,243
DA:47,243
DA:48,7
DA:49,7
DA:50,7
DA:51,7
DA:52,7
DA:53,7
DA:54,250
DA:55,250
DA:56,250
DA:57,250
DA:58,250
DA:59,7
LF:59
LH:59
BRDA:1,0,0,7
BRDA:9,1,0,249
BRDA:17,2,0,249
BRDA:26,3,0,248
BRDA:27,4,0,5
BRDA:36,5,0,1
BRDA:45,6,0,243
BRDA:53,7,0,250
BRF:8
BRH:8
end_of_record
TN:
SF:src\components\loading-icon.js
FN:10,LoadingIcon
FN:18,markup
FNF:2
FNH:2
FNDA:1,LoadingIcon
FNDA:1,markup
DA:1,1
DA:2,1
DA:3,1
DA:4,1
DA:5,1
DA:6,1
DA:7,1
DA:8,1
DA:9,1
DA:10,1
DA:11,1
DA:12,1
DA:13,1
DA:14,1
DA:15,1
DA:16,1
DA:17,1
DA:18,1
DA:19,1
DA:20,1
DA:21,1
LF:21
LH:21
BRDA:1,0,0,1
BRDA:10,1,0,1
BRDA:18,2,0,1
BRF:3
BRH:3
end_of_record
TN:
SF:src\not-found-page\not-found-page.js
FN:9,<instance_members_initializer>
FN:15,NotFoundPage
FN:24,afterRender
FN:37,onNavigateToHome
FN:45,markup
FNF:5
FNH:4
FNDA:2,<instance_members_initializer>
FNDA:2,NotFoundPage
FNDA:2,afterRender
FNDA:0,onNavigateToHome
FNDA:2,markup
DA:1,1
DA:2,1
DA:3,1
DA:4,1
DA:5,1
DA:6,1
DA:7,1
DA:8,1
DA:9,1
DA:10,1
DA:11,1
DA:12,1
DA:13,1
DA:14,1
DA:15,1
DA:16,2
DA:17,2
DA:18,2
DA:19,2
DA:20,1
DA:21,1
DA:22,1
DA:23,1
DA:24,1
DA:25,2
DA:26,2
DA:27,2
DA:28,2
DA:29,0
DA:30,2
DA:31,2
DA:32,1
DA:33,1
DA:34,1
DA:35,1
DA:36,1
DA:37,1
DA:38,0
DA:39,0
DA:40,1
DA:41,1
DA:42,1
DA:43,1
DA:44,1
DA:45,1
DA:46,2
DA:47,2
DA:48,2
DA:49,2
DA:50,2
DA:51,2
DA:52,2
DA:53,2
DA:54,2
DA:55,2
DA:56,2
DA:57,2
DA:58,2
DA:59,2
DA:60,2
DA:61,2
DA:62,2
DA:63,2
DA:64,1
LF:64
LH:61
BRDA:1,0,0,1
BRDA:9,1,0,2
BRDA:15,2,0,2
BRDA:24,3,0,2
BRDA:45,4,0,2
BRF:5
BRH:5
end_of_record
TN:
SF:src\registration\registration-form.js
FN:28,<instance_members_initializer>
FN:43,RegistrationForm
FN:51,afterRender
FN:118,handleServerError
FN:131,onNavigateToAuthorisation
FN:141,onSubmit
FN:152,#validateForm
FN:179,#setValidationErrors
FN:187,markup
FNF:9
FNH:9
FNDA:19,<instance_members_initializer>
FNDA:19,RegistrationForm
FNDA:65,afterRender
FNDA:4,handleServerError
FNDA:6,onNavigateToAuthorisation
FNDA:6,onSubmit
FNDA:14,#validateForm
FNDA:23,#setValidationErrors
FNDA:65,markup
DA:1,2
DA:2,2
DA:3,2
DA:4,2
DA:5,2
DA:6,2
DA:7,2
DA:8,2
DA:9,2
DA:10,2
DA:11,2
DA:12,2
DA:13,2
DA:14,2
DA:15,2
DA:16,2
DA:17,2
DA:18,2
DA:19,2
DA:20,2
DA:21,2
DA:22,2
DA:23,2
DA:24,2
DA:25,2
DA:26,2
DA:27,2
DA:28,2
DA:29,19
DA:30,19
DA:31,19
DA:32,19
DA:33,19
DA:34,19
DA:35,19
DA:36,19
DA:37,19
DA:38,2
DA:39,2
DA:40,2
DA:41,2
DA:42,2
DA:43,2
DA:44,19
DA:45,19
DA:46,19
DA:47,2
DA:48,2
DA:49,2
DA:50,2
DA:51,2
DA:52,65
DA:53,65
DA:54,65
DA:55,325
DA:56,325
DA:57,325
DA:58,325
DA:59,325
DA:60,325
DA:61,325
DA:62,325
DA:63,65
DA:64,65
DA:65,65
DA:66,260
DA:67,260
DA:68,260
DA:69,260
DA:70,260
DA:71,260
DA:72,260
DA:73,260
DA:74,65
DA:75,65
DA:76,65
DA:77,195
DA:78,195
DA:79,195
DA:80,195
DA:81,195
DA:82,195
DA:83,195
DA:84,195
DA:85,65
DA:86,65
DA:87,65
DA:88,130
DA:89,130
DA:90,130
DA:91,2
DA:92,130
DA:93,65
DA:94,65
DA:95,65
DA:96,65
DA:97,65
DA:98,14
DA:99,14
DA:100,14
DA:101,5
DA:102,5
DA:103,5
DA:104,5
DA:105,14
DA:106,14
DA:107,14
DA:108,14
DA:109,14
DA:110,14
DA:111,65
DA:112,65
DA:113,2
DA:114,2
DA:115,2
DA:116,2
DA:117,2
DA:118,2
DA:119,4
DA:120,2
DA:121,2
DA:122,2
DA:123,2
DA:124,4
DA:125,4
DA:126,2
DA:127,2
DA:128,2
DA:129,2
DA:130,2
DA:131,2
DA:132,6
DA:133,2
DA:134,6
DA:135,6
DA:136,2
DA:137,2
DA:138,2
DA:139,2
DA:140,2
DA:141,2
DA:142,6
DA:143,4
DA:144,6
DA:145,6
DA:146,2
DA:147,2
DA:148,2
DA:149,2
DA:150,2
DA:151,2
DA:152,2
DA:153,14
DA:154,14
DA:155,14
DA:156,14
DA:157,14
DA:158,14
DA:159,14
DA:160,14
DA:161,14
DA:162,14
DA:163,14
DA:164,9
DA:165,24
DA:166,24
DA:167,24
DA:168,9
DA:169,9
DA:170,9
DA:171,9
DA:172,14
DA:173,14
DA:174,2
DA:175,2
DA:176,2
DA:177,2
DA:178,2
DA:179,2
DA:180,23
DA:181,23
DA:182,23
DA:183,2
DA:184,2
DA:185,2
DA:186,2
DA:187,2
DA:188,65
DA:189,65
DA:190,65
DA:191,65
DA:192,2
LF:192
LH:192
BRDA:1,0,0,2
BRDA:28,1,0,19
BRDA:43,2,0,19
BRDA:51,3,0,65
BRDA:54,4,0,325
BRDA:65,5,0,260
BRDA:76,6,0,195
BRDA:87,7,0,130
BRDA:90,8,0,2
BRDA:97,9,0,14
BRDA:100,10,0,5
BRDA:106,11,0,9
BRDA:118,12,0,4
BRDA:119,13,0,2
BRDA:131,14,0,6
BRDA:132,15,0,2
BRDA:141,16,0,6
BRDA:142,17,0,4
BRDA:152,18,0,14
BRDA:163,19,0,9
BRDA:164,20,0,24
BRDA:165,21,0,18
BRDA:179,22,0,23
BRDA:187,23,0,65
BRF:24
BRH:24
end_of_record
TN:
SF:src\registration\registration-page.js
FN:10,<instance_members_initializer>
FN:19,RegistrationPage
FN:29,afterRender
FN:51,onNavigateToAuthorisation
FN:59,onSuccessSubmit
FN:66,markup
FNF:6
FNH:6
FNDA:5,<instance_members_initializer>
FNDA:5,RegistrationPage
FNDA:5,afterRender
FNDA:1,onNavigateToAuthorisation
FNDA:1,onSuccessSubmit
FNDA:5,markup
DA:1,1
DA:2,1
DA:3,1
DA:4,1
DA:5,1
DA:6,1
DA:7,1
DA:8,1
DA:9,1
DA:10,1
DA:11,5
DA:12,1
DA:13,1
DA:14,1
DA:15,1
DA:16,1
DA:17,1
DA:18,1
DA:19,1
DA:20,5
DA:21,5
DA:22,5
DA:23,5
DA:24,5
DA:25,1
DA:26,1
DA:27,1
DA:28,1
DA:29,1
DA:30,5
DA:31,5
DA:32,5
DA:33,1
DA:34,5
DA:35,5
DA:36,5
DA:37,3
DA:38,3
DA:39,1
DA:40,3
DA:41,3
DA:42,2
DA:43,3
DA:44,5
DA:45,5
DA:46,1
DA:47,1
DA:48,1
DA:49,1
DA:50,1
DA:51,1
DA:52,1
DA:53,1
DA:54,1
DA:55,1
DA:56,1
DA:57,1
DA:58,1
DA:59,1
DA:60,1
DA:61,1
DA:62,1
DA:63,1
DA:64,1
DA:65,1
DA:66,1
DA:67,5
DA:68,5
DA:69,5
DA:70,5
DA:71,5
DA:72,5
DA:73,5
DA:74,5
DA:75,5
DA:76,5
DA:77,5
DA:78,5
DA:79,5
DA:80,5
DA:81,5
DA:82,1
LF:82
LH:82
BRDA:1,0,0,1
BRDA:10,1,0,5
BRDA:19,2,0,5
BRDA:29,3,0,5
BRDA:32,4,0,1
BRDA:36,5,0,3
BRDA:38,6,0,1
BRDA:41,7,0,2
BRDA:51,8,0,1
BRDA:59,9,0,1
BRDA:66,10,0,5
BRF:11
BRH:11
end_of_record
TN:
SF:src\rest\api-service.js
FN:11,<instance_members_initializer>
FN:17,ApiService
FN:26,logIn
FN:47,register
FN:64,getUser
FNF:5
FNH:5
FNDA:34,<instance_members_initializer>
FNDA:34,ApiService
FNDA:5,logIn
FNDA:4,register
FNDA:4,getUser
DA:1,6
DA:2,6
DA:3,6
DA:4,6
DA:5,6
DA:6,6
DA:7,6
DA:8,6
DA:9,6
DA:10,6
DA:11,6
DA:12,6
DA:13,6
DA:14,6
DA:15,6
DA:16,6
DA:17,6
DA:18,34
DA:19,34
DA:20,6
DA:21,6
DA:22,6
DA:23,6
DA:24,6
DA:25,6
DA:26,6
DA:27,5
DA:28,5
DA:29,5
DA:30,4
DA:31,2
DA:32,2
DA:33,4
DA:34,1
DA:35,1
DA:36,4
DA:37,1
DA:38,1
DA:39,5
DA:40,5
DA:41,6
DA:42,6
DA:43,6
DA:44,6
DA:45,6
DA:46,6
DA:47,6
DA:48,4
DA:49,4
DA:50,4
DA:51,3
DA:52,1
DA:53,1
DA:54,3
DA:55,1
DA:56,1
DA:57,4
DA:58,4
DA:59,6
DA:60,6
DA:61,6
DA:62,6
DA:63,6
DA:64,6
DA:65,4
DA:66,4
DA:67,3
DA:68,1
DA:69,1
DA:70,2
DA:71,2
DA:72,2
DA:73,4
DA:74,4
DA:75,6
LF:75
LH:75
BRDA:1,0,0,6
BRDA:11,1,0,34
BRDA:17,2,0,34
BRDA:26,3,0,5
BRDA:29,4,0,4
BRDA:30,5,0,2
BRDA:33,6,0,1
BRDA:36,7,0,3
BRDA:36,8,0,1
BRDA:47,9,0,4
BRDA:50,10,0,3
BRDA:51,11,0,1
BRDA:54,12,0,2
BRDA:54,13,0,1
BRDA:64,14,0,4
BRDA:66,15,0,3
BRDA:67,16,0,1
BRDA:70,17,0,2
BRF:18
BRH:18
end_of_record
TN:
SF:src\rest\request-service.js
FN:13,postJson
FN:35,getJson
FNF:2
FNH:2
FNDA:2,postJson
FNDA:1,getJson
DA:1,7
DA:2,7
DA:3,7
DA:4,7
DA:5,7
DA:6,7
DA:7,7
DA:8,7
DA:9,7
DA:10,7
DA:11,7
DA:12,7
DA:13,7
DA:14,2
DA:15,2
DA:16,2
DA:17,2
DA:18,2
DA:19,2
DA:20,2
DA:21,2
DA:22,1
DA:23,1
DA:24,1
DA:25,1
DA:26,1
DA:27,2
DA:28,7
DA:29,7
DA:30,7
DA:31,7
DA:32,7
DA:33,7
DA:34,7
DA:35,7
DA:36,1
DA:37,1
DA:38,1
DA:39,1
DA:40,1
DA:41,1
DA:42,1
DA:43,1
DA:44,1
DA:45,1
DA:46,1
DA:47,7
LF:47
LH:47
BRDA:1,0,0,7
BRDA:13,1,0,2
BRDA:22,2,0,1
BRDA:35,3,0,1
BRF:4
BRH:4
end_of_record
TN:
SF:src\rest\response.js
FN:5,<instance_members_initializer>
FN:12,Response
FN:20,get code
FN:27,get body
FNF:4
FNH:4
FNDA:15,<instance_members_initializer>
FNDA:15,Response
FNDA:22,get code
FNDA:6,get body
DA:1,7
DA:2,7
DA:3,7
DA:4,7
DA:5,7
DA:6,7
DA:7,7
DA:8,7
DA:9,7
DA:10,7
DA:11,7
DA:12,7
DA:13,15
DA:14,15
DA:15,15
DA:16,7
DA:17,7
DA:18,7
DA:19,7
DA:20,7
DA:21,22
DA:22,22
DA:23,7
DA:24,7
DA:25,7
DA:26,7
DA:27,7
DA:28,6
DA:29,6
DA:30,7
LF:30
LH:30
BRDA:1,0,0,7
BRDA:5,1,0,15
BRDA:12,2,0,15
BRDA:20,3,0,22
BRDA:27,4,0,6
BRF:5
BRH:5
end_of_record
TN:
SF:src\rest\errors\default-server-error.js
FN:11,getError
FNF:1
FNH:1
FNDA:2,getError
DA:1,7
DA:2,7
DA:3,7
DA:4,7
DA:5,7
DA:6,7
DA:7,7
DA:8,7
DA:9,7
DA:10,7
DA:11,7
DA:12,2
DA:13,2
DA:14,7
LF:14
LH:14
BRDA:1,0,0,7
BRDA:11,1,0,2
BRF:2
BRH:2
end_of_record
TN:
SF:src\rest\errors\server-error.js
FN:9,getError
FNF:1
FNH:0
FNDA:0,getError
DA:1,7
DA:2,7
DA:3,7
DA:4,7
DA:5,7
DA:6,7
DA:7,7
DA:8,7
DA:9,7
DA:10,7
LF:10
LH:10
BRDA:1,0,0,7
BRF:1
BRH:1
end_of_record
TN:
SF:src\rest\errors\server-login-error.js
FN:11,getError
FNF:1
FNH:1
FNDA:1,getError
DA:1,6
DA:2,6
DA:3,6
DA:4,6
DA:5,6
DA:6,6
DA:7,6
DA:8,6
DA:9,6
DA:10,6
DA:11,6
DA:12,1
DA:13,1
DA:14,6
LF:14
LH:14
BRDA:1,0,0,6
BRDA:11,1,0,1
BRF:2
BRH:2
end_of_record
TN:
SF:src\rest\errors\server-validation-error.js
FN:7,<instance_members_initializer>
FN:18,ServerValidationError
FN:27,getError
FN:36,#castToObject
FNF:4
FNH:4
FNDA:4,<instance_members_initializer>
FNDA:4,ServerValidationError
FNDA:2,getError
FNDA:4,#castToObject
DA:1,7
DA:2,7
DA:3,7
DA:4,7
DA:5,7
DA:6,7
DA:7,7
DA:8,7
DA:9,7
DA:10,7
DA:11,7
DA:12,7
DA:13,7
DA:14,7
DA:15,7
DA:16,7
DA:17,7
DA:18,7
DA:19,4
DA:20,4
DA:21,4
DA:22,7
DA:23,7
DA:24,7
DA:25,7
DA:26,7
DA:27,7
DA:28,2
DA:29,2
DA:30,7
DA:31,7
DA:32,7
DA:33,7
DA:34,7
DA:35,7
DA:36,7
DA:37,4
DA:38,4
DA:39,8
DA:40,4
DA:41,4
DA:42,4
DA:43,7
LF:43
LH:43
BRDA:1,0,0,7
BRDA:7,1,0,4
BRDA:18,2,0,4
BRDA:27,3,0,2
BRDA:36,4,0,4
BRDA:38,5,0,8
BRDA:39,6,0,0
BRF:7
BRH:6
end_of_record
TN:
SF:src\router\router-config.js
FN:7,<instance_members_initializer>
FN:20,RouterConfig
FN:28,get routeToHandler
FN:35,get homeRoute
FN:43,getBuilder
FN:52,<instance_members_initializer>
FN:61,addRoute
FN:73,addRouteToNotFound
FN:84,addRouteToHome
FN:95,build
FNF:10
FNH:10
FNDA:2,<instance_members_initializer>
FNDA:2,RouterConfig
FNDA:20,get routeToHandler
FNDA:2,get homeRoute
FNDA:10,getBuilder
FNDA:10,<instance_members_initializer>
FNDA:10,addRoute
FNDA:4,addRouteToNotFound
FNDA:4,addRouteToHome
FNDA:6,build
DA:1,1
DA:2,1
DA:3,1
DA:4,1
DA:5,1
DA:6,1
DA:7,1
DA:8,1
DA:9,1
DA:10,1
DA:11,1
DA:12,1
DA:13,1
DA:14,1
DA:15,1
DA:16,1
DA:17,1
DA:18,1
DA:19,1
DA:20,1
DA:21,2
DA:22,2
DA:23,2
DA:24,1
DA:25,1
DA:26,1
DA:27,1
DA:28,1
DA:29,20
DA:30,20
DA:31,1
DA:32,1
DA:33,1
DA:34,1
DA:35,1
DA:36,2
DA:37,2
DA:38,1
DA:39,1
DA:40,1
DA:41,1
DA:42,1
DA:43,1
DA:44,10
DA:45,10
DA:46,1
DA:47,1
DA:48,1
DA:49,1
DA:50,1
DA:51,1
DA:52,1
DA:53,1
DA:54,1
DA:55,1
DA:56,1
DA:57,1
DA:58,1
DA:59,1
DA:60,1
DA:61,1
DA:62,10
DA:63,10
DA:64,10
DA:65,10
DA:66,10
DA:67,1
DA:68,1
DA:69,1
DA:70,1
DA:71,1
DA:72,1
DA:73,1
DA:74,4
DA:75,4
DA:76,4
DA:77,4
DA:78,1
DA:79,1
DA:80,1
DA:81,1
DA:82,1
DA:83,1
DA:84,1
DA:85,4
DA:86,4
DA:87,4
DA:88,4
DA:89,1
DA:90,1
DA:91,1
DA:92,1
DA:93,1
DA:94,1
DA:95,1
DA:96,6
DA:97,6
DA:98,6
DA:99,1
DA:100,1
DA:101,1
DA:102,2
DA:103,6
DA:104,1
LF:104
LH:104
BRDA:1,0,0,1
BRDA:7,1,0,2
BRDA:20,2,0,2
BRDA:28,3,0,20
BRDA:35,4,0,2
BRDA:43,5,0,10
BRDA:52,6,0,10
BRDA:61,7,0,10
BRDA:73,8,0,4
BRDA:84,9,0,4
BRDA:95,10,0,6
BRDA:98,11,0,1
BRDA:102,12,0,2
BRF:13
BRH:13
end_of_record
TN:
SF:src\router\router.js
FN:7,<instance_members_initializer>
FN:12,Router
FN:25,redirect
FN:35,#routeToPage
FNF:4
FNH:4
FNDA:2,<instance_members_initializer>
FNDA:2,Router
FNDA:5,redirect
FNDA:12,#routeToPage
DA:1,1
DA:2,1
DA:3,1
DA:4,1
DA:5,1
DA:6,1
DA:7,1
DA:8,1
DA:9,1
DA:10,1
DA:11,1
DA:12,1
DA:13,2
DA:14,2
DA:15,2
DA:16,10
DA:17,10
DA:18,2
DA:19,2
DA:20,1
DA:21,1
DA:22,1
DA:23,1
DA:24,1
DA:25,1
DA:26,5
DA:27,5
DA:28,1
DA:29,1
DA:30,1
DA:31,1
DA:32,1
DA:33,1
DA:34,1
DA:35,1
DA:36,12
DA:37,2
DA:38,2
DA:39,2
DA:40,2
DA:41,12
DA:42,6
DA:43,6
DA:44,4
DA:45,4
DA:46,12
DA:47,1
LF:47
LH:47
BRDA:1,0,0,1
BRDA:7,1,0,2
BRDA:12,2,0,2
BRDA:15,3,0,10
BRDA:25,4,0,5
BRDA:35,5,0,12
BRDA:36,6,0,2
BRDA:41,7,0,10
BRDA:41,8,0,6
BRDA:44,9,0,4
BRDA:37,10,0,2
BRF:11
BRH:11
end_of_record
TN:
SF:src\services\id-service.js
FN:10,getId
FNF:1
FNH:1
FNDA:1377,getId
DA:1,8
DA:2,8
DA:3,8
DA:4,8
DA:5,8
DA:6,8
DA:7,8
DA:8,8
DA:9,8
DA:10,8
DA:11,1377
DA:12,1377
DA:13,8
DA:14,8
LF:14
LH:14
BRDA:1,0,0,8
BRDA:10,1,0,1377
BRF:2
BRH:2
end_of_record
TN:
SF:src\services\state-management-service.js
FN:9,<instance_members_initializer>
FN:19,StateManagementService
FN:32,#mutate
FN:40,set
FN:61,dispatch
FN:70,get state
FN:79,addStateListener
FNF:7
FNH:7
FNDA:4,<instance_members_initializer>
FNDA:4,StateManagementService
FNDA:2,#mutate
FNDA:1,set
FNDA:2,dispatch
FNDA:2,get state
FNDA:2,addStateListener
DA:1,1
DA:2,1
DA:3,1
DA:4,1
DA:5,1
DA:6,1
DA:7,1
DA:8,1
DA:9,1
DA:10,4
DA:11,4
DA:12,1
DA:13,1
DA:14,1
DA:15,1
DA:16,1
DA:17,1
DA:18,1
DA:19,1
DA:20,4
DA:21,4
DA:22,4
DA:23,4
DA:24,4
DA:25,1
DA:26,1
DA:27,1
DA:28,1
DA:29,1
DA:30,1
DA:31,1
DA:32,1
DA:33,2
DA:34,1
DA:35,1
DA:36,1
DA:37,1
DA:38,1
DA:39,1
DA:40,1
DA:41,1
DA:42,1
DA:43,1
DA:44,1
DA:45,1
DA:46,1
DA:47,1
DA:48,1
DA:49,1
DA:50,1
DA:51,1
DA:52,1
DA:53,1
DA:54,1
DA:55,2
DA:56,1
DA:57,1
DA:58,1
DA:59,1
DA:60,1
DA:61,1
DA:62,2
DA:63,2
DA:64,2
DA:65,2
DA:66,1
DA:67,1
DA:68,1
DA:69,1
DA:70,1
DA:71,2
DA:72,2
DA:73,1
DA:74,1
DA:75,1
DA:76,1
DA:77,1
DA:78,1
DA:79,1
DA:80,2
DA:81,2
DA:82,2
DA:83,2
DA:84,1
LF:84
LH:84
BRDA:1,0,0,1
BRDA:9,1,0,4
BRDA:19,2,0,4
BRDA:21,3,0,0
BRDA:22,4,0,0
BRDA:32,5,0,2
BRDA:33,6,0,1
BRDA:40,7,0,1
BRDA:61,8,0,2
BRDA:62,9,0,2
BRDA:70,10,0,2
BRDA:79,11,0,2
BRDA:82,12,0,1
BRF:13
BRH:11
end_of_record
TN:
SF:src\services\title-service.js
FN:7,<instance_members_initializer>
FN:15,TitleService
FN:25,set title
FN:34,#createFullTitle
FNF:4
FNH:4
FNDA:21,<instance_members_initializer>
FNDA:21,TitleService
FNDA:11,set title
FNDA:11,#createFullTitle
DA:1,8
DA:2,8
DA:3,8
DA:4,8
DA:5,8
DA:6,8
DA:7,8
DA:8,21
DA:9,8
DA:10,8
DA:11,8
DA:12,8
DA:13,8
DA:14,8
DA:15,8
DA:16,21
DA:17,21
DA:18,21
DA:19,21
DA:20,21
DA:21,8
DA:22,8
DA:23,8
DA:24,8
DA:25,8
DA:26,11
DA:27,11
DA:28,11
DA:29,8
DA:30,8
DA:31,8
DA:32,8
DA:33,8
DA:34,8
DA:35,11
DA:36,11
DA:37,11
DA:38,11
DA:39,11
DA:40,11
DA:41,8
LF:41
LH:41
BRDA:1,0,0,8
BRDA:7,1,0,21
BRDA:15,2,0,21
BRDA:25,3,0,11
BRDA:34,4,0,11
BRDA:36,5,0,11
BRF:6
BRH:6
end_of_record
TN:
SF:src\utils\deepFreeze.js
FN:6,deepFreeze
FNF:1
FNH:1
FNDA:5,deepFreeze
DA:1,1
DA:2,1
DA:3,1
DA:4,1
DA:5,1
DA:6,1
DA:7,5
DA:8,5
DA:9,5
DA:10,4
DA:11,4
DA:12,4
DA:13,0
DA:14,0
DA:15,4
DA:16,5
DA:17,5
DA:18,5
LF:18
LH:16
BRDA:1,0,0,1
BRDA:6,1,0,5
BRDA:9,2,0,4
BRDA:12,3,0,1
BRDA:12,4,0,0
BRF:5
BRH:4
end_of_record
TN:
SF:src\validation\form-validation-config.js
FN:8,<instance_members_initializer>
FN:13,FormValidationConfig
FN:21,getFieldValidators
FN:29,getBuilder
FN:40,<instance_members_initializer>
FN:48,addField
FN:57,build
FNF:7
FNH:7
FNDA:25,<instance_members_initializer>
FNDA:25,FormValidationConfig
FNDA:25,getFieldValidators
FNDA:25,getBuilder
FNDA:25,<instance_members_initializer>
FNDA:64,addField
FNDA:25,build
DA:1,4
DA:2,4
DA:3,4
DA:4,4
DA:5,4
DA:6,4
DA:7,4
DA:8,4
DA:9,4
DA:10,4
DA:11,4
DA:12,4
DA:13,4
DA:14,25
DA:15,25
DA:16,4
DA:17,4
DA:18,4
DA:19,4
DA:20,4
DA:21,4
DA:22,25
DA:23,25
DA:24,4
DA:25,4
DA:26,4
DA:27,4
DA:28,4
DA:29,4
DA:30,25
DA:31,25
DA:32,4
DA:33,4
DA:34,4
DA:35,4
DA:36,4
DA:37,4
DA:38,4
DA:39,4
DA:40,4
DA:41,4
DA:42,4
DA:43,4
DA:44,4
DA:45,4
DA:46,4
DA:47,4
DA:48,4
DA:49,64
DA:50,64
DA:51,64
DA:52,4
DA:53,4
DA:54,4
DA:55,4
DA:56,4
DA:57,4
DA:58,25
DA:59,25
DA:60,4
LF:60
LH:60
BRDA:1,0,0,4
BRDA:8,1,0,25
BRDA:13,2,0,25
BRDA:21,3,0,25
BRDA:29,4,0,25
BRDA:40,5,0,25
BRDA:48,6,0,64
BRDA:57,7,0,25
BRF:8
BRH:8
end_of_record
TN:
SF:src\validation\validation-error-result.js
FN:7,<instance_members_initializer>
FN:12,ValidationErrorResult
FN:20,get errors
FNF:3
FNH:3
FNDA:15,<instance_members_initializer>
FNDA:15,ValidationErrorResult
FNDA:15,get errors
DA:1,4
DA:2,4
DA:3,4
DA:4,4
DA:5,4
DA:6,4
DA:7,4
DA:8,4
DA:9,4
DA:10,4
DA:11,4
DA:12,4
DA:13,15
DA:14,15
DA:15,15
DA:16,4
DA:17,4
DA:18,4
DA:19,4
DA:20,4
DA:21,15
DA:22,15
DA:23,4
LF:23
LH:23
BRDA:1,0,0,4
BRDA:7,1,0,15
BRDA:12,2,0,15
BRDA:20,3,0,15
BRF:4
BRH:4
end_of_record
TN:
SF:src\validation\validation-error.js
FN:5,<instance_members_initializer>
FN:12,ValidationError
FN:20,get fieldName
FN:27,get message
FNF:4
FNH:4
FNDA:37,<instance_members_initializer>
FNDA:37,ValidationError
FNDA:74,get fieldName
FNDA:37,get message
DA:1,4
DA:2,4
DA:3,4
DA:4,4
DA:5,4
DA:6,4
DA:7,4
DA:8,4
DA:9,4
DA:10,4
DA:11,4
DA:12,4
DA:13,37
DA:14,37
DA:15,37
DA:16,4
DA:17,4
DA:18,4
DA:19,4
DA:20,4
DA:21,74
DA:22,74
DA:23,4
DA:24,4
DA:25,4
DA:26,4
DA:27,4
DA:28,37
DA:29,37
DA:30,4
LF:30
LH:30
BRDA:1,0,0,4
BRDA:5,1,0,37
BRDA:12,2,0,37
BRDA:20,3,0,74
BRDA:27,4,0,37
BRF:5
BRH:5
end_of_record
TN:
SF:src\validation\validator-service.js
FN:17,validate
FNF:1
FNH:1
FNDA:25,validate
DA:1,4
DA:2,4
DA:3,4
DA:4,4
DA:5,4
DA:6,4
DA:7,4
DA:8,4
DA:9,4
DA:10,4
DA:11,4
DA:12,4
DA:13,4
DA:14,4
DA:15,4
DA:16,4
DA:17,4
DA:18,25
DA:19,25
DA:20,25
DA:21,64
DA:22,64
DA:23,64
DA:24,103
DA:25,103
DA:26,37
DA:27,103
DA:28,64
DA:29,64
DA:30,25
DA:31,25
DA:32,25
DA:33,25
DA:34,25
DA:35,25
DA:36,25
DA:37,15
DA:38,15
DA:39,4
DA:40,4
LF:40
LH:40
BRDA:1,0,0,4
BRDA:17,1,0,25
BRDA:20,2,0,64
BRDA:36,3,0,15
BRDA:23,4,0,103
BRDA:25,5,0,37
BRDA:33,6,0,103
BRDA:34,7,0,37
BRF:8
BRH:8
end_of_record
TN:
SF:src\validation\validators.js
FN:8,validateValueEquals
FN:25,validateValueWithRegex
FN:43,validateValueLength
FNF:3
FNH:3
FNDA:25,validateValueEquals
FNDA:39,validateValueWithRegex
FNDA:76,validateValueLength
DA:1,5
DA:2,5
DA:3,5
DA:4,5
DA:5,5
DA:6,5
DA:7,5
DA:8,5
DA:9,25
DA:10,25
DA:11,25
DA:12,25
DA:13,25
DA:14,25
DA:15,9
DA:16,9
DA:17,25
DA:18,5
DA:19,5
DA:20,5
DA:21,5
DA:22,5
DA:23,5
DA:24,5
DA:25,5
DA:26,39
DA:27,39
DA:28,39
DA:29,39
DA:30,39
DA:31,39
DA:32,39
DA:33,16
DA:34,16
DA:35,39
DA:36,5
DA:37,5
DA:38,5
DA:39,5
DA:40,5
DA:41,5
DA:42,5
DA:43,5
DA:44,76
DA:45,76
DA:46,76
DA:47,76
DA:48,76
DA:49,76
DA:50,23
DA:51,23
DA:52,76
DA:53,5
LF:53
LH:53
BRDA:1,0,0,5
BRDA:8,1,0,25
BRDA:11,2,0,25
BRDA:14,3,0,9
BRDA:25,4,0,39
BRDA:28,5,0,39
BRDA:32,6,0,16
BRDA:43,7,0,76
BRDA:46,8,0,76
BRDA:49,9,0,23
BRF:10
BRH:10
end_of_record
