TN:
SF:src\authorisation-data.js
FN:5,<instance_members_initializer>
FN:12,AuthorisationData
FNF:2
FNH:2
FNDA:9,<instance_members_initializer>
FNDA:9,AuthorisationData
DA:1,4
DA:2,4
DA:3,4
DA:4,4
DA:5,4
DA:6,4
DA:7,4
DA:8,4
DA:9,4
DA:10,4
DA:11,4
DA:12,4
DA:13,9
DA:14,9
DA:15,9
DA:16,4
LF:16
LH:16
BRDA:1,0,0,4
BRDA:5,1,0,9
BRDA:12,2,0,9
BRF:3
BRH:3
end_of_record
TN:
SF:src\id-service.js
FN:10,getId
FNF:1
FNH:1
FNDA:732,getId
DA:1,7
DA:2,7
DA:3,7
DA:4,7
DA:5,7
DA:6,7
DA:7,7
DA:8,7
DA:9,7
DA:10,7
DA:11,732
DA:12,732
DA:13,7
DA:14,7
LF:14
LH:14
BRDA:1,0,0,7
BRDA:10,1,0,732
BRF:2
BRH:2
end_of_record
TN:
SF:src\preconditions.js
FN:11,checkType
FN:22,checkForRegExp
FN:34,checkNotUndefined
FNF:3
FNH:3
FNDA:265,checkType
FNDA:36,checkForRegExp
FNDA:10,checkNotUndefined
DA:1,8
DA:2,8
DA:3,8
DA:4,8
DA:5,8
DA:6,8
DA:7,8
DA:8,8
DA:9,8
DA:10,8
DA:11,8
DA:12,265
DA:13,21
DA:14,21
DA:15,265
DA:16,8
DA:17,8
DA:18,8
DA:19,8
DA:20,8
DA:21,8
DA:22,8
DA:23,36
DA:24,0
DA:25,0
DA:26,36
DA:27,8
DA:28,8
DA:29,8
DA:30,8
DA:31,8
DA:32,8
DA:33,8
DA:34,8
DA:35,10
DA:36,3
DA:37,3
DA:38,10
DA:39,8
LF:39
LH:37
BRDA:1,0,0,8
BRDA:11,1,0,265
BRDA:12,2,0,21
BRDA:22,3,0,36
BRDA:23,4,0,0
BRDA:34,5,0,10
BRDA:35,6,0,3
BRF:7
BRH:6
end_of_record
TN:
SF:src\title-service.js
FN:7,<instance_members_initializer>
FN:15,TitleService
FN:25,set title
FN:34,#createFullTitle
FNF:4
FNH:4
FNDA:11,<instance_members_initializer>
FNDA:11,TitleService
FNDA:9,set title
FNDA:9,#createFullTitle
DA:1,4
DA:2,4
DA:3,4
DA:4,4
DA:5,4
DA:6,4
DA:7,4
DA:8,11
DA:9,4
DA:10,4
DA:11,4
DA:12,4
DA:13,4
DA:14,4
DA:15,4
DA:16,11
DA:17,11
DA:18,11
DA:19,11
DA:20,11
DA:21,4
DA:22,4
DA:23,4
DA:24,4
DA:25,4
DA:26,9
DA:27,9
DA:28,9
DA:29,4
DA:30,4
DA:31,4
DA:32,4
DA:33,4
DA:34,4
DA:35,9
DA:36,9
DA:37,9
DA:38,9
DA:39,9
DA:40,9
DA:41,4
LF:41
LH:41
BRDA:1,0,0,4
BRDA:7,1,0,11
BRDA:15,2,0,11
BRDA:25,3,0,9
BRDA:34,4,0,9
BRDA:36,5,0,9
BRF:6
BRH:6
end_of_record
TN:
SF:src\authorization\authorisation-form.js
FN:24,<instance_members_initializer>
FN:36,AuthorisationForm
FN:44,afterRender
FN:99,onNavigateToRegistration
FN:109,onSubmit
FN:120,#validateForm
FN:145,#setValidationErrors
FN:153,markup
FNF:8
FNH:8
FNDA:13,<instance_members_initializer>
FNDA:13,AuthorisationForm
FNDA:39,afterRender
FNDA:4,onNavigateToRegistration
FNDA:4,onSubmit
FNDA:10,#validateForm
FNDA:16,#setValidationErrors
FNDA:39,markup
DA:1,2
DA:2,2
DA:3,2
DA:4,2
DA:5,2
DA:6,2
DA:7,2
DA:8,2
DA:9,2
DA:10,2
DA:11,2
DA:12,2
DA:13,2
DA:14,2
DA:15,2
DA:16,2
DA:17,2
DA:18,2
DA:19,2
DA:20,2
DA:21,2
DA:22,2
DA:23,2
DA:24,2
DA:25,13
DA:26,13
DA:27,13
DA:28,13
DA:29,13
DA:30,13
DA:31,2
DA:32,2
DA:33,2
DA:34,2
DA:35,2
DA:36,2
DA:37,13
DA:38,13
DA:39,13
DA:40,2
DA:41,2
DA:42,2
DA:43,2
DA:44,2
DA:45,39
DA:46,39
DA:47,39
DA:48,117
DA:49,117
DA:50,117
DA:51,117
DA:52,117
DA:53,117
DA:54,117
DA:55,117
DA:56,39
DA:57,39
DA:58,39
DA:59,78
DA:60,78
DA:61,78
DA:62,78
DA:63,78
DA:64,78
DA:65,78
DA:66,78
DA:67,39
DA:68,39
DA:69,39
DA:70,39
DA:71,39
DA:72,39
DA:73,2
DA:74,39
DA:75,39
DA:76,39
DA:77,39
DA:78,10
DA:79,10
DA:80,4
DA:81,4
DA:82,4
DA:83,4
DA:84,4
DA:85,4
DA:86,10
DA:87,10
DA:88,6
DA:89,6
DA:90,6
DA:91,10
DA:92,39
DA:93,39
DA:94,2
DA:95,2
DA:96,2
DA:97,2
DA:98,2
DA:99,2
DA:100,4
DA:101,2
DA:102,4
DA:103,4
DA:104,2
DA:105,2
DA:106,2
DA:107,2
DA:108,2
DA:109,2
DA:110,4
DA:111,2
DA:112,4
DA:113,4
DA:114,2
DA:115,2
DA:116,2
DA:117,2
DA:118,2
DA:119,2
DA:120,2
DA:121,10
DA:122,10
DA:123,10
DA:124,10
DA:125,10
DA:126,10
DA:127,10
DA:128,10
DA:129,10
DA:130,6
DA:131,13
DA:132,13
DA:133,13
DA:134,6
DA:135,6
DA:136,6
DA:137,6
DA:138,10
DA:139,10
DA:140,2
DA:141,2
DA:142,2
DA:143,2
DA:144,2
DA:145,2
DA:146,16
DA:147,16
DA:148,16
DA:149,2
DA:150,2
DA:151,2
DA:152,2
DA:153,2
DA:154,39
DA:155,39
DA:156,39
DA:157,39
DA:158,2
LF:158
LH:158
BRDA:1,0,0,2
BRDA:24,1,0,13
BRDA:36,2,0,13
BRDA:44,3,0,39
BRDA:47,4,0,117
BRDA:58,5,0,78
BRDA:69,6,0,39
BRDA:72,7,0,2
BRDA:77,8,0,10
BRDA:79,9,0,4
BRDA:87,10,0,6
BRDA:99,11,0,4
BRDA:100,12,0,2
BRDA:109,13,0,4
BRDA:110,14,0,2
BRDA:120,15,0,10
BRDA:129,16,0,6
BRDA:130,17,0,13
BRDA:131,18,0,9
BRDA:145,19,0,16
BRDA:153,20,0,39
BRF:21
BRH:21
end_of_record
TN:
SF:src\authorization\authorisation-page.js
FN:9,<instance_members_initializer>
FN:16,AuthorisationPage
FN:25,afterRender
FN:42,onNavigateToRegistration
FN:50,onSuccessSubmit
FN:57,markup
FNF:6
FNH:6
FNDA:3,<instance_members_initializer>
FNDA:3,AuthorisationPage
FNDA:3,afterRender
FNDA:1,onNavigateToRegistration
FNDA:1,onSuccessSubmit
FNDA:3,markup
DA:1,1
DA:2,1
DA:3,1
DA:4,1
DA:5,1
DA:6,1
DA:7,1
DA:8,1
DA:9,1
DA:10,3
DA:11,1
DA:12,1
DA:13,1
DA:14,1
DA:15,1
DA:16,1
DA:17,3
DA:18,3
DA:19,3
DA:20,3
DA:21,1
DA:22,1
DA:23,1
DA:24,1
DA:25,1
DA:26,3
DA:27,3
DA:28,3
DA:29,1
DA:30,3
DA:31,3
DA:32,3
DA:33,1
DA:34,1
DA:35,3
DA:36,3
DA:37,1
DA:38,1
DA:39,1
DA:40,1
DA:41,1
DA:42,1
DA:43,1
DA:44,1
DA:45,1
DA:46,1
DA:47,1
DA:48,1
DA:49,1
DA:50,1
DA:51,1
DA:52,1
DA:53,1
DA:54,1
DA:55,1
DA:56,1
DA:57,1
DA:58,3
DA:59,3
DA:60,3
DA:61,3
DA:62,3
DA:63,3
DA:64,3
DA:65,3
DA:66,3
DA:67,3
DA:68,3
DA:69,3
DA:70,3
DA:71,1
LF:71
LH:71
BRDA:1,0,0,1
BRDA:9,1,0,3
BRDA:16,2,0,3
BRDA:25,3,0,3
BRDA:28,4,0,1
BRDA:32,5,0,1
BRDA:42,6,0,1
BRDA:50,7,0,1
BRDA:57,8,0,3
BRF:9
BRH:9
end_of_record
TN:
SF:src\components\button.js
FN:7,<instance_members_initializer>
FN:13,Button
FN:22,markup
FNF:3
FNH:3
FNDA:403,<instance_members_initializer>
FNDA:403,Button
FNDA:403,markup
DA:1,6
DA:2,6
DA:3,6
DA:4,6
DA:5,6
DA:6,6
DA:7,6
DA:8,6
DA:9,6
DA:10,6
DA:11,6
DA:12,6
DA:13,6
DA:14,403
DA:15,403
DA:16,403
DA:17,403
DA:18,6
DA:19,6
DA:20,6
DA:21,6
DA:22,6
DA:23,403
DA:24,403
DA:25,403
DA:26,403
DA:27,403
DA:28,403
DA:29,6
LF:29
LH:29
BRDA:1,0,0,6
BRDA:7,1,0,403
BRDA:13,2,0,403
BRDA:22,3,0,403
BRF:4
BRH:4
end_of_record
TN:
SF:src\components\component.js
FN:5,<instance_members_initializer>
FN:11,Component
FN:20,init
FN:30,markup
FN:38,afterRender
FN:46,getSlot
FN:56,addSlot
FN:64,render
FN:71,#createDomTree
FN:88,#createNewElement
FNF:10
FNH:9
FNDA:1254,<instance_members_initializer>
FNDA:1254,Component
FNDA:1254,init
FNDA:0,markup
FNDA:1036,afterRender
FNDA:1214,getSlot
FNDA:1301,addSlot
FNDA:1627,render
FNDA:1627,#createDomTree
FNDA:1627,#createNewElement
DA:1,10
DA:2,10
DA:3,10
DA:4,10
DA:5,10
DA:6,10
DA:7,10
DA:8,10
DA:9,10
DA:10,10
DA:11,10
DA:12,1254
DA:13,1254
DA:14,10
DA:15,10
DA:16,10
DA:17,10
DA:18,10
DA:19,10
DA:20,10
DA:21,1254
DA:22,1254
DA:23,10
DA:24,10
DA:25,10
DA:26,10
DA:27,10
DA:28,10
DA:29,10
DA:30,10
DA:31,0
DA:32,10
DA:33,10
DA:34,10
DA:35,10
DA:36,10
DA:37,10
DA:38,10
DA:39,10
DA:40,10
DA:41,10
DA:42,10
DA:43,10
DA:44,10
DA:45,10
DA:46,10
DA:47,1214
DA:48,1214
DA:49,10
DA:50,10
DA:51,10
DA:52,10
DA:53,10
DA:54,10
DA:55,10
DA:56,10
DA:57,1301
DA:58,1301
DA:59,10
DA:60,10
DA:61,10
DA:62,10
DA:63,10
DA:64,10
DA:65,1627
DA:66,1627
DA:67,1627
DA:68,10
DA:69,10
DA:70,10
DA:71,10
DA:72,1627
DA:73,1627
DA:74,1627
DA:75,1627
DA:76,1254
DA:77,1626
DA:78,373
DA:79,373
DA:80,1627
DA:81,1627
DA:82,1627
DA:83,10
DA:84,10
DA:85,10
DA:86,10
DA:87,10
DA:88,10
DA:89,1627
DA:90,1627
DA:91,1627
DA:92,1627
DA:93,1627
DA:94,10
LF:94
LH:93
BRDA:1,0,0,10
BRDA:5,1,0,1254
BRDA:11,2,0,1254
BRDA:20,3,0,1254
BRDA:38,4,0,1036
BRDA:46,5,0,1214
BRDA:56,6,0,1301
BRDA:64,7,0,1627
BRDA:71,8,0,1627
BRDA:75,9,0,1626
BRDA:75,10,0,1254
BRDA:77,11,0,373
BRDA:88,12,0,1627
BRF:13
BRH:13
end_of_record
TN:
SF:src\components\form-control.js
FN:8,<instance_members_initializer>
FN:30,FormControl
FN:52,set errorMessages
FN:60,markup
FNF:4
FNH:4
FNDA:632,<instance_members_initializer>
FNDA:632,FormControl
FNDA:1,set errorMessages
FNDA:633,markup
DA:1,6
DA:2,6
DA:3,6
DA:4,6
DA:5,6
DA:6,6
DA:7,6
DA:8,6
DA:9,632
DA:10,632
DA:11,632
DA:12,632
DA:13,632
DA:14,6
DA:15,6
DA:16,6
DA:17,6
DA:18,6
DA:19,6
DA:20,6
DA:21,6
DA:22,6
DA:23,6
DA:24,6
DA:25,6
DA:26,6
DA:27,6
DA:28,6
DA:29,6
DA:30,6
DA:31,632
DA:32,632
DA:33,632
DA:34,632
DA:35,632
DA:36,632
DA:37,632
DA:38,632
DA:39,632
DA:40,632
DA:41,632
DA:42,632
DA:43,632
DA:44,632
DA:45,632
DA:46,632
DA:47,632
DA:48,6
DA:49,6
DA:50,6
DA:51,6
DA:52,6
DA:53,1
DA:54,1
DA:55,1
DA:56,6
DA:57,6
DA:58,6
DA:59,6
DA:60,6
DA:61,633
DA:62,633
DA:63,633
DA:64,633
DA:65,633
DA:66,633
DA:67,633
DA:68,633
DA:69,633
DA:70,633
DA:71,633
DA:72,633
DA:73,633
DA:74,633
DA:75,633
DA:76,633
DA:77,633
DA:78,6
LF:78
LH:78
BRDA:1,0,0,6
BRDA:8,1,0,632
BRDA:30,2,0,632
BRDA:52,3,0,1
BRDA:60,4,0,633
BRDA:62,5,0,355
BRDA:70,6,0,155
BRDA:70,7,0,478
BRDA:73,8,0,278
BRDA:62,9,0,224
BRF:10
BRH:10
end_of_record
TN:
SF:src\components\form.js
FN:10,<instance_members_initializer>
FN:19,Form
FN:29,addInput
FN:38,addFooter
FN:47,onSubmit
FN:57,afterRender
FN:76,markup
FNF:7
FNH:7
FNDA:89,<instance_members_initializer>
FNDA:89,Form
FNDA:224,addInput
FNDA:89,addFooter
FNDA:88,onSubmit
FNDA:402,afterRender
FNDA:402,markup
DA:1,5
DA:2,5
DA:3,5
DA:4,5
DA:5,5
DA:6,5
DA:7,5
DA:8,5
DA:9,5
DA:10,5
DA:11,89
DA:12,89
DA:13,5
DA:14,5
DA:15,5
DA:16,5
DA:17,5
DA:18,5
DA:19,5
DA:20,89
DA:21,89
DA:22,89
DA:23,89
DA:24,5
DA:25,5
DA:26,5
DA:27,5
DA:28,5
DA:29,5
DA:30,224
DA:31,224
DA:32,224
DA:33,5
DA:34,5
DA:35,5
DA:36,5
DA:37,5
DA:38,5
DA:39,89
DA:40,89
DA:41,89
DA:42,5
DA:43,5
DA:44,5
DA:45,5
DA:46,5
DA:47,5
DA:48,88
DA:49,23
DA:50,23
DA:51,88
DA:52,88
DA:53,5
DA:54,5
DA:55,5
DA:56,5
DA:57,5
DA:58,402
DA:59,402
DA:60,402
DA:61,402
DA:62,402
DA:63,402
DA:64,402
DA:65,402
DA:66,402
DA:67,402
DA:68,24
DA:69,24
DA:70,402
DA:71,402
DA:72,5
DA:73,5
DA:74,5
DA:75,5
DA:76,5
DA:77,402
DA:78,402
DA:79,402
DA:80,402
DA:81,402
DA:82,402
DA:83,402
DA:84,402
DA:85,402
DA:86,402
DA:87,402
DA:88,402
DA:89,5
LF:89
LH:89
BRDA:1,0,0,5
BRDA:10,1,0,89
BRDA:19,2,0,89
BRDA:29,3,0,224
BRDA:38,4,0,89
BRDA:47,5,0,88
BRDA:48,6,0,23
BRDA:57,7,0,402
BRDA:65,8,0,89
BRDA:62,9,0,631
BRDA:67,10,0,24
BRDA:76,11,0,402
BRF:12
BRH:12
end_of_record
TN:
SF:src\components\link.js
FN:9,<instance_members_initializer>
FN:16,Link
FN:25,afterRender
FN:36,onClick
FN:44,markup
FNF:5
FNH:5
FNDA:93,<instance_members_initializer>
FNDA:93,Link
FNDA:93,afterRender
FNDA:90,onClick
FNDA:93,markup
DA:1,7
DA:2,7
DA:3,7
DA:4,7
DA:5,7
DA:6,7
DA:7,7
DA:8,7
DA:9,7
DA:10,7
DA:11,7
DA:12,7
DA:13,7
DA:14,7
DA:15,7
DA:16,7
DA:17,93
DA:18,93
DA:19,93
DA:20,93
DA:21,7
DA:22,7
DA:23,7
DA:24,7
DA:25,7
DA:26,93
DA:27,6
DA:28,6
DA:29,93
DA:30,93
DA:31,7
DA:32,7
DA:33,7
DA:34,7
DA:35,7
DA:36,7
DA:37,90
DA:38,90
DA:39,7
DA:40,7
DA:41,7
DA:42,7
DA:43,7
DA:44,7
DA:45,93
DA:46,93
DA:47,93
DA:48,93
DA:49,93
DA:50,93
DA:51,7
LF:51
LH:51
BRDA:1,0,0,7
BRDA:9,1,0,93
BRDA:16,2,0,93
BRDA:25,3,0,93
BRDA:26,4,0,6
BRDA:36,5,0,90
BRDA:44,6,0,93
BRF:7
BRH:7
end_of_record
TN:
SF:src\not-found-page\not-found-page.js
FN:9,<instance_members_initializer>
FN:15,NotFoundPage
FN:24,afterRender
FN:37,onNavigateToHome
FN:45,markup
FNF:5
FNH:5
FNDA:2,<instance_members_initializer>
FNDA:2,NotFoundPage
FNDA:2,afterRender
FNDA:1,onNavigateToHome
FNDA:2,markup
DA:1,1
DA:2,1
DA:3,1
DA:4,1
DA:5,1
DA:6,1
DA:7,1
DA:8,1
DA:9,1
DA:10,1
DA:11,1
DA:12,1
DA:13,1
DA:14,1
DA:15,1
DA:16,2
DA:17,2
DA:18,2
DA:19,2
DA:20,1
DA:21,1
DA:22,1
DA:23,1
DA:24,1
DA:25,2
DA:26,2
DA:27,2
DA:28,2
DA:29,1
DA:30,2
DA:31,2
DA:32,1
DA:33,1
DA:34,1
DA:35,1
DA:36,1
DA:37,1
DA:38,1
DA:39,1
DA:40,1
DA:41,1
DA:42,1
DA:43,1
DA:44,1
DA:45,1
DA:46,2
DA:47,2
DA:48,2
DA:49,2
DA:50,2
DA:51,2
DA:52,2
DA:53,2
DA:54,2
DA:55,2
DA:56,2
DA:57,2
DA:58,2
DA:59,2
DA:60,2
DA:61,2
DA:62,2
DA:63,2
DA:64,1
LF:64
LH:64
BRDA:1,0,0,1
BRDA:9,1,0,2
BRDA:15,2,0,2
BRDA:24,3,0,2
BRDA:28,4,0,1
BRDA:37,5,0,1
BRDA:45,6,0,2
BRF:7
BRH:7
end_of_record
TN:
SF:src\registration\registration-form.js
FN:26,<instance_members_initializer>
FN:40,RegistrationForm
FN:48,afterRender
FN:116,onNavigateToAuthorisation
FN:126,onSubmit
FN:137,#validateForm
FN:164,#setValidationErrors
FN:172,markup
FNF:8
FNH:8
FNDA:15,<instance_members_initializer>
FNDA:15,RegistrationForm
FNDA:48,afterRender
FNDA:4,onNavigateToAuthorisation
FNDA:4,onSubmit
FNDA:12,#validateForm
FNDA:21,#setValidationErrors
FNDA:48,markup
DA:1,2
DA:2,2
DA:3,2
DA:4,2
DA:5,2
DA:6,2
DA:7,2
DA:8,2
DA:9,2
DA:10,2
DA:11,2
DA:12,2
DA:13,2
DA:14,2
DA:15,2
DA:16,2
DA:17,2
DA:18,2
DA:19,2
DA:20,2
DA:21,2
DA:22,2
DA:23,2
DA:24,2
DA:25,2
DA:26,2
DA:27,15
DA:28,15
DA:29,15
DA:30,15
DA:31,15
DA:32,15
DA:33,15
DA:34,15
DA:35,2
DA:36,2
DA:37,2
DA:38,2
DA:39,2
DA:40,2
DA:41,15
DA:42,15
DA:43,15
DA:44,2
DA:45,2
DA:46,2
DA:47,2
DA:48,2
DA:49,48
DA:50,48
DA:51,48
DA:52,192
DA:53,192
DA:54,192
DA:55,192
DA:56,192
DA:57,192
DA:58,192
DA:59,192
DA:60,48
DA:61,48
DA:62,48
DA:63,144
DA:64,144
DA:65,144
DA:66,144
DA:67,144
DA:68,144
DA:69,144
DA:70,144
DA:71,48
DA:72,48
DA:73,48
DA:74,96
DA:75,96
DA:76,96
DA:77,96
DA:78,96
DA:79,96
DA:80,96
DA:81,96
DA:82,48
DA:83,48
DA:84,48
DA:85,48
DA:86,48
DA:87,48
DA:88,2
DA:89,48
DA:90,48
DA:91,48
DA:92,48
DA:93,12
DA:94,12
DA:95,3
DA:96,3
DA:97,3
DA:98,3
DA:99,3
DA:100,3
DA:101,3
DA:102,12
DA:103,12
DA:104,9
DA:105,9
DA:106,9
DA:107,9
DA:108,12
DA:109,48
DA:110,48
DA:111,2
DA:112,2
DA:113,2
DA:114,2
DA:115,2
DA:116,2
DA:117,4
DA:118,2
DA:119,4
DA:120,4
DA:121,2
DA:122,2
DA:123,2
DA:124,2
DA:125,2
DA:126,2
DA:127,4
DA:128,2
DA:129,4
DA:130,4
DA:131,2
DA:132,2
DA:133,2
DA:134,2
DA:135,2
DA:136,2
DA:137,2
DA:138,12
DA:139,12
DA:140,12
DA:141,12
DA:142,12
DA:143,12
DA:144,12
DA:145,12
DA:146,12
DA:147,12
DA:148,12
DA:149,9
DA:150,24
DA:151,24
DA:152,24
DA:153,9
DA:154,9
DA:155,9
DA:156,9
DA:157,12
DA:158,12
DA:159,2
DA:160,2
DA:161,2
DA:162,2
DA:163,2
DA:164,2
DA:165,21
DA:166,21
DA:167,21
DA:168,2
DA:169,2
DA:170,2
DA:171,2
DA:172,2
DA:173,48
DA:174,48
DA:175,48
DA:176,48
DA:177,2
LF:177
LH:177
BRDA:1,0,0,2
BRDA:26,1,0,15
BRDA:40,2,0,15
BRDA:48,3,0,48
BRDA:51,4,0,192
BRDA:62,5,0,144
BRDA:73,6,0,96
BRDA:84,7,0,48
BRDA:87,8,0,2
BRDA:92,9,0,12
BRDA:94,10,0,3
BRDA:103,11,0,9
BRDA:116,12,0,4
BRDA:117,13,0,2
BRDA:126,14,0,4
BRDA:127,15,0,2
BRDA:137,16,0,12
BRDA:148,17,0,9
BRDA:149,18,0,24
BRDA:150,19,0,18
BRDA:164,20,0,21
BRDA:172,21,0,48
BRF:22
BRH:22
end_of_record
TN:
SF:src\registration\registration-page.js
FN:9,<instance_members_initializer>
FN:17,RegistrationPage
FN:26,afterRender
FN:43,onNavigateToAuthorisation
FN:51,onSuccessSubmit
FN:58,markup
FNF:6
FNH:6
FNDA:3,<instance_members_initializer>
FNDA:3,RegistrationPage
FNDA:3,afterRender
FNDA:1,onNavigateToAuthorisation
FNDA:1,onSuccessSubmit
FNDA:3,markup
DA:1,1
DA:2,1
DA:3,1
DA:4,1
DA:5,1
DA:6,1
DA:7,1
DA:8,1
DA:9,1
DA:10,3
DA:11,1
DA:12,1
DA:13,1
DA:14,1
DA:15,1
DA:16,1
DA:17,1
DA:18,3
DA:19,3
DA:20,3
DA:21,3
DA:22,1
DA:23,1
DA:24,1
DA:25,1
DA:26,1
DA:27,3
DA:28,3
DA:29,3
DA:30,1
DA:31,3
DA:32,3
DA:33,3
DA:34,1
DA:35,1
DA:36,3
DA:37,3
DA:38,1
DA:39,1
DA:40,1
DA:41,1
DA:42,1
DA:43,1
DA:44,1
DA:45,1
DA:46,1
DA:47,1
DA:48,1
DA:49,1
DA:50,1
DA:51,1
DA:52,1
DA:53,1
DA:54,1
DA:55,1
DA:56,1
DA:57,1
DA:58,1
DA:59,3
DA:60,3
DA:61,3
DA:62,3
DA:63,3
DA:64,3
DA:65,3
DA:66,3
DA:67,3
DA:68,3
DA:69,3
DA:70,3
DA:71,3
DA:72,1
LF:72
LH:72
BRDA:1,0,0,1
BRDA:9,1,0,3
BRDA:17,2,0,3
BRDA:26,3,0,3
BRDA:29,4,0,1
BRDA:33,5,0,1
BRDA:43,6,0,1
BRDA:51,7,0,1
BRDA:58,8,0,3
BRF:9
BRH:9
end_of_record
TN:
SF:src\router\router-config.js
FN:7,<instance_members_initializer>
FN:20,RouterConfig
FN:28,get routeToHandler
FN:35,get homeRoute
FN:43,getBuilder
FN:52,<instance_members_initializer>
FN:61,addRoute
FN:73,addRouteToNotFound
FN:84,addRouteToHome
FN:95,build
FNF:10
FNH:10
FNDA:2,<instance_members_initializer>
FNDA:2,RouterConfig
FNDA:20,get routeToHandler
FNDA:2,get homeRoute
FNDA:10,getBuilder
FNDA:10,<instance_members_initializer>
FNDA:10,addRoute
FNDA:4,addRouteToNotFound
FNDA:4,addRouteToHome
FNDA:6,build
DA:1,1
DA:2,1
DA:3,1
DA:4,1
DA:5,1
DA:6,1
DA:7,1
DA:8,1
DA:9,1
DA:10,1
DA:11,1
DA:12,1
DA:13,1
DA:14,1
DA:15,1
DA:16,1
DA:17,1
DA:18,1
DA:19,1
DA:20,1
DA:21,2
DA:22,2
DA:23,2
DA:24,1
DA:25,1
DA:26,1
DA:27,1
DA:28,1
DA:29,20
DA:30,20
DA:31,1
DA:32,1
DA:33,1
DA:34,1
DA:35,1
DA:36,2
DA:37,2
DA:38,1
DA:39,1
DA:40,1
DA:41,1
DA:42,1
DA:43,1
DA:44,10
DA:45,10
DA:46,1
DA:47,1
DA:48,1
DA:49,1
DA:50,1
DA:51,1
DA:52,1
DA:53,1
DA:54,1
DA:55,1
DA:56,1
DA:57,1
DA:58,1
DA:59,1
DA:60,1
DA:61,1
DA:62,10
DA:63,10
DA:64,10
DA:65,10
DA:66,10
DA:67,1
DA:68,1
DA:69,1
DA:70,1
DA:71,1
DA:72,1
DA:73,1
DA:74,4
DA:75,4
DA:76,4
DA:77,4
DA:78,1
DA:79,1
DA:80,1
DA:81,1
DA:82,1
DA:83,1
DA:84,1
DA:85,4
DA:86,4
DA:87,4
DA:88,4
DA:89,1
DA:90,1
DA:91,1
DA:92,1
DA:93,1
DA:94,1
DA:95,1
DA:96,6
DA:97,6
DA:98,6
DA:99,6
DA:100,1
DA:101,1
DA:102,1
DA:103,2
DA:104,6
DA:105,1
LF:105
LH:105
BRDA:1,0,0,1
BRDA:7,1,0,2
BRDA:20,2,0,2
BRDA:28,3,0,20
BRDA:35,4,0,2
BRDA:43,5,0,10
BRDA:52,6,0,10
BRDA:61,7,0,10
BRDA:73,8,0,4
BRDA:84,9,0,4
BRDA:95,10,0,6
BRDA:99,11,0,1
BRDA:103,12,0,2
BRF:13
BRH:13
end_of_record
TN:
SF:src\router\router.js
FN:7,<instance_members_initializer>
FN:12,Router
FN:25,redirect
FN:35,#routeToPage
FNF:4
FNH:4
FNDA:2,<instance_members_initializer>
FNDA:2,Router
FNDA:5,redirect
FNDA:12,#routeToPage
DA:1,1
DA:2,1
DA:3,1
DA:4,1
DA:5,1
DA:6,1
DA:7,1
DA:8,1
DA:9,1
DA:10,1
DA:11,1
DA:12,1
DA:13,2
DA:14,2
DA:15,2
DA:16,10
DA:17,10
DA:18,2
DA:19,2
DA:20,1
DA:21,1
DA:22,1
DA:23,1
DA:24,1
DA:25,1
DA:26,5
DA:27,5
DA:28,1
DA:29,1
DA:30,1
DA:31,1
DA:32,1
DA:33,1
DA:34,1
DA:35,1
DA:36,12
DA:37,2
DA:38,2
DA:39,2
DA:40,2
DA:41,12
DA:42,6
DA:43,6
DA:44,4
DA:45,4
DA:46,12
DA:47,1
LF:47
LH:47
BRDA:1,0,0,1
BRDA:7,1,0,2
BRDA:12,2,0,2
BRDA:15,3,0,10
BRDA:25,4,0,5
BRDA:35,5,0,12
BRDA:36,6,0,2
BRDA:41,7,0,10
BRDA:41,8,0,6
BRDA:44,9,0,4
BRDA:37,10,0,2
BRF:11
BRH:11
end_of_record
TN:
SF:src\validation\form-validation-config.js
FN:8,<instance_members_initializer>
FN:13,FormValidationConfig
FN:21,getFieldValidators
FN:29,getBuilder
FN:40,<instance_members_initializer>
FN:48,addField
FN:57,build
FNF:7
FNH:7
FNDA:22,<instance_members_initializer>
FNDA:22,FormValidationConfig
FNDA:22,getFieldValidators
FNDA:22,getBuilder
FNDA:22,<instance_members_initializer>
FNDA:56,addField
FNDA:22,build
DA:1,4
DA:2,4
DA:3,4
DA:4,4
DA:5,4
DA:6,4
DA:7,4
DA:8,4
DA:9,4
DA:10,4
DA:11,4
DA:12,4
DA:13,4
DA:14,22
DA:15,22
DA:16,4
DA:17,4
DA:18,4
DA:19,4
DA:20,4
DA:21,4
DA:22,22
DA:23,22
DA:24,4
DA:25,4
DA:26,4
DA:27,4
DA:28,4
DA:29,4
DA:30,22
DA:31,22
DA:32,4
DA:33,4
DA:34,4
DA:35,4
DA:36,4
DA:37,4
DA:38,4
DA:39,4
DA:40,4
DA:41,4
DA:42,4
DA:43,4
DA:44,4
DA:45,4
DA:46,4
DA:47,4
DA:48,4
DA:49,56
DA:50,56
DA:51,56
DA:52,4
DA:53,4
DA:54,4
DA:55,4
DA:56,4
DA:57,4
DA:58,22
DA:59,22
DA:60,4
LF:60
LH:60
BRDA:1,0,0,4
BRDA:8,1,0,22
BRDA:13,2,0,22
BRDA:21,3,0,22
BRDA:29,4,0,22
BRDA:40,5,0,22
BRDA:48,6,0,56
BRDA:57,7,0,22
BRF:8
BRH:8
end_of_record
TN:
SF:src\validation\validation-error-result.js
FN:7,<instance_members_initializer>
FN:12,ValidationErrorResult
FN:20,get errors
FNF:3
FNH:3
FNDA:15,<instance_members_initializer>
FNDA:15,ValidationErrorResult
FNDA:15,get errors
DA:1,4
DA:2,4
DA:3,4
DA:4,4
DA:5,4
DA:6,4
DA:7,4
DA:8,4
DA:9,4
DA:10,4
DA:11,4
DA:12,4
DA:13,15
DA:14,15
DA:15,15
DA:16,4
DA:17,4
DA:18,4
DA:19,4
DA:20,4
DA:21,15
DA:22,15
DA:23,4
LF:23
LH:23
BRDA:1,0,0,4
BRDA:7,1,0,15
BRDA:12,2,0,15
BRDA:20,3,0,15
BRF:4
BRH:4
end_of_record
TN:
SF:src\validation\validation-error.js
FN:5,<instance_members_initializer>
FN:12,ValidationError
FN:20,get fieldName
FN:27,get message
FNF:4
FNH:4
FNDA:37,<instance_members_initializer>
FNDA:37,ValidationError
FNDA:74,get fieldName
FNDA:37,get message
DA:1,4
DA:2,4
DA:3,4
DA:4,4
DA:5,4
DA:6,4
DA:7,4
DA:8,4
DA:9,4
DA:10,4
DA:11,4
DA:12,4
DA:13,37
DA:14,37
DA:15,37
DA:16,4
DA:17,4
DA:18,4
DA:19,4
DA:20,4
DA:21,74
DA:22,74
DA:23,4
DA:24,4
DA:25,4
DA:26,4
DA:27,4
DA:28,37
DA:29,37
DA:30,4
LF:30
LH:30
BRDA:1,0,0,4
BRDA:5,1,0,37
BRDA:12,2,0,37
BRDA:20,3,0,74
BRDA:27,4,0,37
BRF:5
BRH:5
end_of_record
TN:
SF:src\validation\validator-service.js
FN:17,validate
FNF:1
FNH:1
FNDA:22,validate
DA:1,4
DA:2,4
DA:3,4
DA:4,4
DA:5,4
DA:6,4
DA:7,4
DA:8,4
DA:9,4
DA:10,4
DA:11,4
DA:12,4
DA:13,4
DA:14,4
DA:15,4
DA:16,4
DA:17,4
DA:18,22
DA:19,22
DA:20,22
DA:21,56
DA:22,56
DA:23,56
DA:24,90
DA:25,90
DA:26,37
DA:27,90
DA:28,56
DA:29,56
DA:30,22
DA:31,22
DA:32,22
DA:33,22
DA:34,22
DA:35,22
DA:36,22
DA:37,15
DA:38,15
DA:39,4
DA:40,4
LF:40
LH:40
BRDA:1,0,0,4
BRDA:17,1,0,22
BRDA:20,2,0,56
BRDA:36,3,0,15
BRDA:23,4,0,90
BRDA:25,5,0,37
BRDA:33,6,0,90
BRDA:34,7,0,37
BRF:8
BRH:8
end_of_record
TN:
SF:src\validation\validators.js
FN:8,validateValueEquals
FN:25,validateValueWithRegex
FN:43,validateValueLength
FNF:3
FNH:3
FNDA:23,validateValueEquals
FNDA:36,validateValueWithRegex
FNDA:68,validateValueLength
DA:1,5
DA:2,5
DA:3,5
DA:4,5
DA:5,5
DA:6,5
DA:7,5
DA:8,5
DA:9,23
DA:10,23
DA:11,23
DA:12,23
DA:13,23
DA:14,23
DA:15,9
DA:16,9
DA:17,23
DA:18,5
DA:19,5
DA:20,5
DA:21,5
DA:22,5
DA:23,5
DA:24,5
DA:25,5
DA:26,36
DA:27,36
DA:28,36
DA:29,36
DA:30,36
DA:31,36
DA:32,36
DA:33,16
DA:34,16
DA:35,36
DA:36,5
DA:37,5
DA:38,5
DA:39,5
DA:40,5
DA:41,5
DA:42,5
DA:43,5
DA:44,68
DA:45,68
DA:46,68
DA:47,68
DA:48,68
DA:49,68
DA:50,23
DA:51,23
DA:52,68
DA:53,5
LF:53
LH:53
BRDA:1,0,0,5
BRDA:8,1,0,23
BRDA:11,2,0,23
BRDA:14,3,0,9
BRDA:25,4,0,36
BRDA:28,5,0,36
BRDA:32,6,0,16
BRDA:43,7,0,68
BRDA:46,8,0,68
BRDA:49,9,0,23
BRF:10
BRH:10
end_of_record
